Log file open, 04/18/18 00:32:00
LogWindows: Failed to load 'aqProf.dll' (GetLastError=126)
LogWindows: File 'aqProf.dll' does not exist
LogWindows: Failed to load 'VtuneApi.dll' (GetLastError=126)
LogWindows: File 'VtuneApi.dll' does not exist
LogWindows: Failed to load 'VtuneApi32e.dll' (GetLastError=126)
LogWindows: File 'VtuneApi32e.dll' does not exist
LogInit: Display: Running engine for game: GreyBox_Level1
LogPlatformFile: Not using cached read wrapper
LogInit: Display: RandInit(-960365208) SRandInit(-960365208).
LogInit: Read version file with build ID '3709383'
LogInit: Overriding engine version to CL 3832480, compatible CL 3709383
LogInit: Registered custom module enumerator with build ID '3709383'
LogTaskGraph: Started task graph with 5 named threads and 8 total threads with 3 sets of task threads.
LogStats: Stats thread started at 0.161743
LogD3D11RHI: Aftermath initialized
LogModuleManager: Display: Found up-to-date module file ../../../Engine/Plugins/2D/Paper2D/Binaries/Win64/UE4Editor-Paper2D.dll (API version 3709383).
LogModuleManager: Display: Found up-to-date module file ../../../Engine/Plugins/2D/Paper2D/Binaries/Win64/UE4Editor-Paper2DEditor.dll (API version 3709383).
LogModuleManager: Display: Found up-to-date module file ../../../Engine/Plugins/2D/Paper2D/Binaries/Win64/UE4Editor-PaperSpriteSheetImporter.dll (API version 3709383).
LogModuleManager: Display: Found up-to-date module file ../../../Engine/Plugins/2D/Paper2D/Binaries/Win64/UE4Editor-PaperTiledImporter.dll (API version 3709383).
LogModuleManager: Display: Found up-to-date module file ../../../Engine/Plugins/2D/Paper2D/Binaries/Win64/UE4Editor-SmartSnapping.dll (API version 3709383).
LogModuleManager: Display: Found up-to-date module file ../../../Engine/Plugins/Blendables/LightPropagationVolume/Binaries/Win64/UE4Editor-LightPropagationVolumeRuntime.dll (API version 3709383).
LogModuleManager: Display: Found up-to-date module file ../../../Engine/Plugins/Blendables/LightPropagationVolume/Binaries/Win64/UE4Editor-LightPropagationVolumeEditor.dll (API version 3709383).
LogModuleManager: Display: Found up-to-date module file ../../../Engine/Plugins/Developer/GitSourceControl/Binaries/Win64/UE4Editor-GitSourceControl.dll (API version 3709383).
LogModuleManager: Display: Found up-to-date module file ../../../Engine/Plugins/Developer/PerforceSourceControl/Binaries/Win64/UE4Editor-PerforceSourceControl.dll (API version 3709383).
LogModuleManager: Display: Found up-to-date module file ../../../Engine/Plugins/Developer/SubversionSourceControl/Binaries/Win64/UE4Editor-SubversionSourceControl.dll (API version 3709383).
LogModuleManager: Display: Found up-to-date module file ../../../Engine/Plugins/Developer/UObjectPlugin/Binaries/Win64/UE4Editor-UObjectPlugin.dll (API version 3709383).
LogModuleManager: Display: Found up-to-date module file ../../../Engine/Plugins/Developer/VisualStudioCodeSourceCodeAccess/Binaries/Win64/UE4Editor-VisualStudioCodeSourceCodeAccess.dll (API version 3709383).
LogModuleManager: Display: Found up-to-date module file ../../../Engine/Plugins/Developer/VisualStudioSourceCodeAccess/Binaries/Win64/UE4Editor-VisualStudioSourceCodeAccess.dll (API version 3709383).
LogModuleManager: Display: Found up-to-date module file ../../../Engine/Plugins/Editor/AssetManagerEditor/Binaries/Win64/UE4Editor-AssetManagerEditor.dll (API version 3709383).
LogModuleManager: Display: Found up-to-date module file ../../../Engine/Plugins/Editor/AudioCapture/Binaries/Win64/UE4Editor-AudioCapture.dll (API version 3709383).
LogModuleManager: Display: Found up-to-date module file ../../../Engine/Plugins/Editor/FacialAnimation/Binaries/Win64/UE4Editor-FacialAnimation.dll (API version 3709383).
LogModuleManager: Display: Found up-to-date module file ../../../Engine/Plugins/Editor/FacialAnimation/Binaries/Win64/UE4Editor-FacialAnimationEditor.dll (API version 3709383).
LogModuleManager: Display: Found up-to-date module file ../../../Engine/Plugins/Editor/GameplayTagsEditor/Binaries/Win64/UE4Editor-GameplayTagsEditor.dll (API version 3709383).
LogModuleManager: Display: Found up-to-date module file ../../../Engine/Plugins/Editor/MobileLauncherProfileWizard/Binaries/Win64/UE4Editor-MobileLauncherProfileWizard.dll (API version 3709383).
LogModuleManager: Display: Found up-to-date module file ../../../Engine/Plugins/Editor/PluginBrowser/Binaries/Win64/UE4Editor-PluginBrowser.dll (API version 3709383).
LogModuleManager: Display: Found up-to-date module file ../../../Engine/Plugins/Editor/SpeedTreeImporter/Binaries/Win64/UE4Editor-SpeedTreeImporter.dll (API version 3709383).
LogModuleManager: Display: Found up-to-date module file ../../../Engine/Plugins/Experimental/AlembicImporter/Binaries/Win64/UE4Editor-AlembicImporter.dll (API version 3709383).
LogModuleManager: Display: Found up-to-date module file ../../../Engine/Plugins/Experimental/AlembicImporter/Binaries/Win64/UE4Editor-AlembicLibrary.dll (API version 3709383).
LogModuleManager: Display: Found up-to-date module file ../../../Engine/Plugins/Experimental/CharacterAI/Binaries/Win64/UE4Editor-CharacterAI.dll (API version 3709383).
LogModuleManager: Display: Found up-to-date module file ../../../Engine/Plugins/Experimental/HTML5Networking/Binaries/Win64/UE4Editor-HTML5Networking.dll (API version 3709383).
LogModuleManager: Display: Found up-to-date module file ../../../Engine/Plugins/Media/AndroidMedia/Binaries/Win64/UE4Editor-AndroidMediaEditor.dll (API version 3709383).
LogModuleManager: Display: Found up-to-date module file ../../../Engine/Plugins/Media/AndroidMedia/Binaries/Win64/UE4Editor-AndroidMediaFactory.dll (API version 3709383).
LogModuleManager: Display: Found up-to-date module file ../../../Engine/Plugins/Media/AvfMedia/Binaries/Win64/UE4Editor-AvfMediaEditor.dll (API version 3709383).
LogModuleManager: Display: Found up-to-date module file ../../../Engine/Plugins/Media/AvfMedia/Binaries/Win64/UE4Editor-AvfMediaFactory.dll (API version 3709383).
LogModuleManager: Display: Found up-to-date module file ../../../Engine/Plugins/Media/AvfMedia/Binaries/Win64/UE4Editor-AvfMediaFactory.dll (API version 3709383).
LogModuleManager: Display: Found up-to-date module file ../../../Engine/Plugins/Media/ImgMedia/Binaries/Win64/UE4Editor-ImgMedia.dll (API version 3709383).
LogModuleManager: Display: Found up-to-date module file ../../../Engine/Plugins/Media/ImgMedia/Binaries/Win64/UE4Editor-ImgMediaEditor.dll (API version 3709383).
LogModuleManager: Display: Found up-to-date module file ../../../Engine/Plugins/Media/ImgMedia/Binaries/Win64/UE4Editor-ImgMediaFactory.dll (API version 3709383).
LogModuleManager: Display: Found up-to-date module file ../../../Engine/Plugins/Media/ImgMedia/Binaries/Win64/UE4Editor-ImgMediaFactory.dll (API version 3709383).
LogModuleManager: Display: Found up-to-date module file ../../../Engine/Plugins/Media/ImgMedia/Binaries/Win64/UE4Editor-OpenExrWrapper.dll (API version 3709383).
LogModuleManager: Display: Found up-to-date module file ../../../Engine/Plugins/Media/MediaCompositing/Binaries/Win64/UE4Editor-MediaCompositing.dll (API version 3709383).
LogModuleManager: Display: Found up-to-date module file ../../../Engine/Plugins/Media/MediaCompositing/Binaries/Win64/UE4Editor-MediaCompositingEditor.dll (API version 3709383).
LogModuleManager: Display: Found up-to-date module file ../../../Engine/Plugins/Media/MediaPlayerEditor/Binaries/Win64/UE4Editor-MediaPlayerEditor.dll (API version 3709383).
LogModuleManager: Display: Found up-to-date module file ../../../Engine/Plugins/Media/WmfMedia/Binaries/Win64/UE4Editor-WmfMedia.dll (API version 3709383).
LogModuleManager: Display: Found up-to-date module file ../../../Engine/Plugins/Media/WmfMedia/Binaries/Win64/UE4Editor-WmfMediaEditor.dll (API version 3709383).
LogModuleManager: Display: Found up-to-date module file ../../../Engine/Plugins/Media/WmfMedia/Binaries/Win64/UE4Editor-WmfMediaFactory.dll (API version 3709383).
LogModuleManager: Display: Found up-to-date module file ../../../Engine/Plugins/Media/WmfMedia/Binaries/Win64/UE4Editor-WmfMediaFactory.dll (API version 3709383).
LogModuleManager: Display: Found up-to-date module file ../../../Engine/Plugins/Messaging/TcpMessaging/Binaries/Win64/UE4Editor-TcpMessaging.dll (API version 3709383).
LogModuleManager: Display: Found up-to-date module file ../../../Engine/Plugins/Messaging/UdpMessaging/Binaries/Win64/UE4Editor-UdpMessaging.dll (API version 3709383).
LogModuleManager: Display: Found up-to-date module file ../../../Engine/Plugins/MovieScene/ActorSequence/Binaries/Win64/UE4Editor-ActorSequence.dll (API version 3709383).
LogModuleManager: Display: Found up-to-date module file ../../../Engine/Plugins/MovieScene/LevelSequenceEditor/Binaries/Win64/UE4Editor-LevelSequenceEditor.dll (API version 3709383).
LogModuleManager: Display: Found up-to-date module file ../../../Engine/Plugins/MovieScene/MatineeToLevelSequence/Binaries/Win64/UE4Editor-MatineeToLevelSequence.dll (API version 3709383).
LogModuleManager: Display: Found up-to-date module file ../../../Engine/Plugins/Online/OnlineSubsystem/Binaries/Win64/UE4Editor-OnlineSubsystem.dll (API version 3709383).
LogModuleManager: Display: Found up-to-date module file ../../../Engine/Plugins/Runtime/AndroidPermission/Binaries/Win64/UE4Editor-AndroidPermission.dll (API version 3709383).
LogModuleManager: Display: Found up-to-date module file ../../../Engine/Plugins/Online/OnlineSubsystemNull/Binaries/Win64/UE4Editor-OnlineSubsystemNull.dll (API version 3709383).
LogModuleManager: Display: Found up-to-date module file ../../../Engine/Plugins/Online/OnlineSubsystemUtils/Binaries/Win64/UE4Editor-OnlineSubsystemUtils.dll (API version 3709383).
LogModuleManager: Display: Found up-to-date module file ../../../Engine/Plugins/Online/OnlineSubsystemUtils/Binaries/Win64/UE4Editor-OnlineBlueprintSupport.dll (API version 3709383).
LogModuleManager: Display: Found up-to-date module file ../../../Engine/Plugins/Runtime/AndroidDeviceProfileSelector/Binaries/Win64/UE4Editor-AndroidDeviceProfileSelector.dll (API version 3709383).
LogModuleManager: Display: Found up-to-date module file ../../../Engine/Plugins/Runtime/AppleARKit/Binaries/Win64/UE4Editor-AppleARKit.dll (API version 3709383).
LogModuleManager: Display: Found up-to-date module file ../../../Engine/Plugins/Runtime/ArchVisCharacter/Binaries/Win64/UE4Editor-ArchVisCharacter.dll (API version 3709383).
LogModuleManager: Display: Found up-to-date module file ../../../Engine/Plugins/Runtime/CableComponent/Binaries/Win64/UE4Editor-CableComponent.dll (API version 3709383).
LogModuleManager: Display: Found up-to-date module file ../../../Engine/Plugins/Runtime/CustomMeshComponent/Binaries/Win64/UE4Editor-CustomMeshComponent.dll (API version 3709383).
LogModuleManager: Display: Found up-to-date module file ../../../Engine/Plugins/Runtime/ExampleDeviceProfileSelector/Binaries/Win64/UE4Editor-ExampleDeviceProfileSelector.dll (API version 3709383).
LogModuleManager: Display: Found up-to-date module file ../../../Engine/Plugins/Runtime/ImmediatePhysics/Binaries/Win64/UE4Editor-ImmediatePhysics.dll (API version 3709383).
LogModuleManager: Display: Found up-to-date module file ../../../Engine/Plugins/Runtime/ImmediatePhysics/Binaries/Win64/UE4Editor-ImmediatePhysicsEditor.dll (API version 3709383).
LogModuleManager: Display: Found up-to-date module file ../../../Engine/Plugins/Runtime/LocationServicesBPLibrary/Binaries/Win64/UE4Editor-LocationServicesBPLibrary.dll (API version 3709383).
LogModuleManager: Display: Found up-to-date module file ../../../Engine/Plugins/Runtime/MobilePatchingUtils/Binaries/Win64/UE4Editor-MobilePatchingUtils.dll (API version 3709383).
LogModuleManager: Display: Found up-to-date module file ../../../Engine/Plugins/Runtime/Oculus/OculusVR/Binaries/Win64/UE4Editor-OculusHMD.dll (API version 3709383).
LogModuleManager: Display: Found up-to-date module file ../../../Engine/Plugins/Runtime/Oculus/OculusVR/Binaries/Win64/UE4Editor-OculusInput.dll (API version 3709383).
LogModuleManager: Display: Found up-to-date module file ../../../Engine/Plugins/Runtime/Oculus/OculusVR/Binaries/Win64/UE4Editor-OculusEditor.dll (API version 3709383).
LogModuleManager: Display: Found up-to-date module file ../../../Engine/Plugins/Runtime/PhysXVehicles/Binaries/Win64/UE4Editor-PhysXVehicles.dll (API version 3709383).
LogModuleManager: Display: Found up-to-date module file ../../../Engine/Plugins/Runtime/PhysXVehicles/Binaries/Win64/UE4Editor-PhysXVehiclesEditor.dll (API version 3709383).
LogModuleManager: Display: Found up-to-date module file ../../../Engine/Plugins/Runtime/ProceduralMeshComponent/Binaries/Win64/UE4Editor-ProceduralMeshComponent.dll (API version 3709383).
LogModuleManager: Display: Found up-to-date module file ../../../Engine/Plugins/Runtime/ProceduralMeshComponent/Binaries/Win64/UE4Editor-ProceduralMeshComponentEditor.dll (API version 3709383).
LogModuleManager: Display: Found up-to-date module file ../../../Engine/Plugins/Runtime/RuntimePhysXCooking/Binaries/Win64/UE4Editor-RuntimePhysXCooking.dll (API version 3709383).
LogModuleManager: Display: Found up-to-date module file ../../../Engine/Plugins/Runtime/Steam/SteamVR/Binaries/Win64/UE4Editor-SteamVR.dll (API version 3709383).
LogModuleManager: Display: Found up-to-date module file ../../../Engine/Plugins/Runtime/Steam/SteamVR/Binaries/Win64/UE4Editor-SteamVRController.dll (API version 3709383).
LogModuleManager: Display: Found up-to-date module file ../../../Engine/Plugins/Runtime/WindowsMoviePlayer/Binaries/Win64/UE4Editor-WindowsMoviePlayer.dll (API version 3709383).
LogPluginManager: Mounting plugin Paper2D
LogPluginManager: Mounting plugin LightPropagationVolume
LogPluginManager: Mounting plugin CodeLiteSourceCodeAccess
LogPluginManager: Mounting plugin GitSourceControl
LogPluginManager: Mounting plugin KDevelopSourceCodeAccess
LogPluginManager: Mounting plugin NullSourceCodeAccess
LogPluginManager: Mounting plugin PerforceSourceControl
LogPluginManager: Mounting plugin SubversionSourceControl
LogPluginManager: Mounting plugin UObjectPlugin
LogPluginManager: Mounting plugin VisualStudioCodeSourceCodeAccess
LogPluginManager: Mounting plugin VisualStudioSourceCodeAccess
LogPluginManager: Mounting plugin XCodeSourceCodeAccess
LogPluginManager: Mounting plugin AssetManagerEditor
LogPluginManager: Mounting plugin AudioCapture
LogPluginManager: Mounting plugin FacialAnimation
LogPluginManager: Mounting plugin GameplayTagsEditor
LogPluginManager: Mounting plugin MobileLauncherProfileWizard
LogPluginManager: Mounting plugin PluginBrowser
LogPluginManager: Mounting plugin SpeedTreeImporter
LogPluginManager: Mounting plugin AlembicImporter
LogPluginManager: Mounting plugin CharacterAI
LogPluginManager: Mounting plugin HTML5Networking
LogPluginManager: Mounting plugin AndroidMedia
LogPluginManager: Mounting plugin AvfMedia
LogPluginManager: Mounting plugin ImgMedia
LogPluginManager: Mounting plugin MediaCompositing
LogPluginManager: Mounting plugin MediaPlayerEditor
LogPluginManager: Mounting plugin WmfMedia
LogPluginManager: Mounting plugin TcpMessaging
LogPluginManager: Mounting plugin UdpMessaging
LogPluginManager: Mounting plugin ActorSequence
LogPluginManager: Mounting plugin LevelSequenceEditor
LogPluginManager: Mounting plugin MatineeToLevelSequence
LogPluginManager: Mounting plugin OnlineSubsystemGooglePlay
LogPluginManager: Mounting plugin OnlineSubsystemIOS
LogPluginManager: Mounting plugin OnlineSubsystem
LogPluginManager: Mounting plugin OnlineSubsystemNull
LogPluginManager: Mounting plugin OnlineSubsystemUtils
LogPluginManager: Mounting plugin AndroidDeviceProfileSelector
LogPluginManager: Mounting plugin AndroidMoviePlayer
LogPluginManager: Mounting plugin AndroidPermission
LogPluginManager: Mounting plugin AppleARKit
LogPluginManager: Mounting plugin AppleMoviePlayer
LogPluginManager: Mounting plugin ArchVisCharacter
LogPluginManager: Mounting plugin CableComponent
LogPluginManager: Mounting plugin CustomMeshComponent
LogPluginManager: Mounting plugin ExampleDeviceProfileSelector
LogPluginManager: Mounting plugin GoogleCloudMessaging
LogPluginManager: Mounting plugin ImmediatePhysics
LogPluginManager: Mounting plugin IOSDeviceProfileSelector
LogPluginManager: Mounting plugin LinuxDeviceProfileSelector
LogPluginManager: Mounting plugin LocationServicesBPLibrary
LogPluginManager: Mounting plugin MobilePatchingUtils
LogPluginManager: Mounting plugin OculusVR
LogPluginManager: Plugin shader directory ../../../Engine/Plugins/Runtime/Oculus/OculusVR/Shaders found
LogPluginManager: Mapping shader source directory ../../../Engine/Plugins/Runtime/Oculus/OculusVR/Shaders to virtual directory /Plugin/OculusVR
LogPluginManager: Mounting plugin PhysXVehicles
LogPluginManager: Mounting plugin ProceduralMeshComponent
LogPluginManager: Mounting plugin RuntimePhysXCooking
LogPluginManager: Mounting plugin SteamVR
LogPluginManager: Mounting plugin WindowsMoviePlayer
LogInit: Using libcurl 7.47.1
LogInit:  - built for x86_64-pc-win32
LogInit:  - supports SSL with OpenSSL/1.0.2g
LogInit:  - supports HTTP deflate (compression) using libz 1.2.8
LogInit:  - other features:
LogInit:      CURL_VERSION_SSL
LogInit:      CURL_VERSION_LIBZ
LogInit:      CURL_VERSION_IPV6
LogInit:      CURL_VERSION_ASYNCHDNS
LogInit:      CURL_VERSION_LARGEFILE
LogInit:      CURL_VERSION_IDN
LogInit:  CurlRequestOptions (configurable via config and command line):
LogInit:  - bVerifyPeer = false  - Libcurl will NOT verify peer certificate
LogInit:  - bUseHttpProxy = false  - Libcurl will NOT use HTTP proxy
LogInit:  - bDontReuseConnections = false  - Libcurl will reuse connections
LogInit:  - CertBundlePath = nullptr  - Libcurl will use whatever was configured at build time.
LogInit: Build: ++UE4+Release-4.18-CL-3832480
LogInit: Engine Version: 4.18.3-3832480+++UE4+Release-4.18
LogInit: Compatible Engine Version: 4.18.0-3709383+++UE4+Release-4.18
LogInit: Net CL: 3709383
LogDevObjectVersion: Number of dev versions registered: 16
LogDevObjectVersion:   Dev-Blueprints (B0D832E4-1F89-4F0D-ACCF-7EB736FD4AA2): 10
LogDevObjectVersion:   Dev-Build (E1C64328-A22C-4D53-A36C-8E866417BD8C): 0
LogDevObjectVersion:   Dev-Core (375EC13C-06E4-48FB-B500-84F0262A717E): 2
LogDevObjectVersion:   Dev-Editor (E4B068ED-F494-42E9-A231-DA0B2E46BB41): 20
LogDevObjectVersion:   Dev-Framework (CFFC743F-43B0-4480-9391-14DF171D2073): 30
LogDevObjectVersion:   Dev-Mobile (B02B49B5-BB20-44E9-A304-32B752E40360): 0
LogDevObjectVersion:   Dev-Networking (A4E4105C-59A1-49B5-A7C5-40C4547EDFEE): 0
LogDevObjectVersion:   Dev-Online (39C831C9-5AE6-47DC-9A44-9C173E1C8E7C): 0
LogDevObjectVersion:   Dev-Physics (78F01B33-EBEA-4F98-B9B4-84EACCB95AA2): 0
LogDevObjectVersion:   Dev-Platform (6631380F-2D4D-43E0-8009-CF276956A95A): 0
LogDevObjectVersion:   Dev-Rendering (12F88B9F-8875-4AFC-A67C-D90C383ABD29): 20
LogDevObjectVersion:   Dev-Sequencer (7B5AE74C-D270-4C10-A958-57980B212A5A): 4
LogDevObjectVersion:   Dev-VR (D7296918-1DD6-4BDD-9DE2-64A83CC13884): 0
LogDevObjectVersion:   Dev-LoadTimes (C2A15278-BFE7-4AFE-6C17-90FF531DF755): 1
LogDevObjectVersion:   Private-Geometry (6EACA3D4-40EC-4CC1-B786-8BED09428FC5): 1
LogDevObjectVersion:   Dev-AnimPhys (29E575DD-E0A3-4627-9D10-D276232CDCEA): 12
LogInit: Compiled (64-bit): Jan 12 2018 02:04:55
LogInit: Compiled with Visual C++: 19.00.24215.01
LogInit: Build Configuration: Development
LogInit: Branch Name: ++UE4+Release-4.18
LogInit: Command line:  
LogInit: Base directory: C:/Program Files/Epic Games/UE_4.18/Engine/Binaries/Win64/
LogInit: Installed Engine Build: 1
LogInit: Presizing for max 8388607 objects, including 0 objects not considered by GC, pre-allocating 0 bytes for permanent pool.
LogInit: Object subsystem initialized
[2018.04.17-14.32.03:081][  0]LogInit: Selected Device Profile: [Windows]
[2018.04.17-14.32.03:081][  0]LogInit: Applying CVar settings loaded from the selected device profile: [Windows]
[2018.04.17-14.32.03:113][  0]LogInit: Computer: DESKTOP-MBKVB3K
[2018.04.17-14.32.03:113][  0]LogInit: User: reedu
[2018.04.17-14.32.03:114][  0]LogInit: CPU Page size=4096, Cores=2
[2018.04.17-14.32.03:114][  0]LogInit: High frequency timer resolution =2.338334 MHz
[2018.04.17-14.32.03:114][  0]LogMemory: Memory total: Physical=7.9GB (8GB approx)
[2018.04.17-14.32.03:114][  0]LogMemory: Platform Memory Stats for Windows
[2018.04.17-14.32.03:114][  0]LogMemory: Process Physical Memory: 272.16 MB used, 272.16 MB peak
[2018.04.17-14.32.03:114][  0]LogMemory: Process Virtual Memory: 269.30 MB used, 269.30 MB peak
[2018.04.17-14.32.03:114][  0]LogMemory: Physical Memory: 4529.36 MB used,  3584.03 MB free, 8113.39 MB total
[2018.04.17-14.32.03:114][  0]LogMemory: Virtual Memory: 678.34 MB used,  3584.03 MB free, 134217728.00 MB total
[2018.04.17-14.32.03:394][  0]LogInit: Using OS detected language (en-US).
[2018.04.17-14.32.03:394][  0]LogInit: Using OS detected locale (en-AU).
[2018.04.17-14.32.03:400][  0]LogTextLocalizationManager: No specific localization for 'en-US' exists, so the 'en' localization will be used.
[2018.04.17-14.32.04:098][  0]LogInit: Setting process to per monitor DPI aware
[2018.04.17-14.32.04:596][  0]LogD3D11RHI: D3D11 adapters:
[2018.04.17-14.32.04:616][  0]LogD3D11RHI:    0. 'AMD Radeon R5 M330' (Feature Level 11_0)
[2018.04.17-14.32.04:616][  0]LogD3D11RHI:       2036/0/4056 MB DedicatedVideo/DedicatedSystem/SharedSystem, Outputs:1, VendorId:0x1002
[2018.04.17-14.32.04:627][  0]LogD3D11RHI:    1. 'Intel(R) HD Graphics Family' (Feature Level 11_0)
[2018.04.17-14.32.04:628][  0]LogD3D11RHI:       112/0/2048 MB DedicatedVideo/DedicatedSystem/SharedSystem, Outputs:0, VendorId:0x8086
[2018.04.17-14.32.04:632][  0]LogD3D11RHI:    2. 'Microsoft Basic Render Driver' (Feature Level 11_0)
[2018.04.17-14.32.04:632][  0]LogD3D11RHI:       0/0/4056 MB DedicatedVideo/DedicatedSystem/SharedSystem, Outputs:0, VendorId:0x1414
[2018.04.17-14.32.04:632][  0]LogD3D11RHI: Chosen D3D11 Adapter: 0
[2018.04.17-14.32.04:641][  0]LogD3D11RHI: Creating new Direct3DDevice
[2018.04.17-14.32.04:641][  0]LogD3D11RHI:     GPU DeviceId: 0x6660 (for the marketing name, search the web for "GPU Device Id")
[2018.04.17-14.32.04:641][  0]LogWindows: EnumDisplayDevices:
[2018.04.17-14.32.04:641][  0]LogWindows:    0. 'Intel(R) HD Graphics Family' (P:1 D:1)
[2018.04.17-14.32.04:642][  0]LogWindows:    1. 'Intel(R) HD Graphics Family' (P:0 D:0)
[2018.04.17-14.32.04:642][  0]LogWindows:    2. 'Intel(R) HD Graphics Family' (P:0 D:0)
[2018.04.17-14.32.04:642][  0]LogWindows: DebugString: GetVideoDriverDetailsInvalid PrimaryIsNotTheChoosenAdapter GetVideoDriverDetailsInvalid PrimaryIsNotTheChoosenAdapter GetVideoDriverDetailsInvalid PrimaryIsNotTheChoosenAdapter FoundDriverCount:0 
[2018.04.17-14.32.04:642][  0]LogD3D11RHI:     Adapter Name: AMD Radeon R5 M330
[2018.04.17-14.32.04:642][  0]LogD3D11RHI:   Driver Version: Unknown (internal:Unknown, unified:Unknown)
[2018.04.17-14.32.04:642][  0]LogD3D11RHI:      Driver Date: Unknown
[2018.04.17-14.32.04:642][  0]LogRHI: Texture pool is 1425 MB (70% of 2036 MB)
[2018.04.17-14.32.04:667][  0]LogD3D11RHI: Async texture creation enabled
[2018.04.17-14.32.04:684][  0]LogD3D11RHI: GPU Timing Frequency: 27.000000 (Debug: 2 1)
[2018.04.17-14.32.04:686][  0]LogShaderCompilers: Guid format shader working directory is -41 characters bigger than the processId version (../../../../../../Users/reedu/OneDrive/Documents/GitHub/NoName.HereAfter/GreyBox_Level1/Intermediate/Shaders/WorkingDirectory/6128/).
[2018.04.17-14.32.04:686][  0]LogShaderCompilers: Cleaned the shader compiler working directory 'C:/Users/reedu/AppData/Local/Temp/UnrealShaderWorkingDir/C2A5FD154AB0C081F3F560B7C9C8ADA1/'.
[2018.04.17-14.32.04:686][  0]LogShaderCompilers: Display: Using Local Shader Compiler.
[2018.04.17-14.32.07:082][  0]LogTemp: Display: Loaded TP AllDesktopTargetPlatform
[2018.04.17-14.32.07:225][  0]LogTemp: Display: Loaded TP MacClientTargetPlatform
[2018.04.17-14.32.07:339][  0]LogTemp: Display: Loaded TP MacNoEditorTargetPlatform
[2018.04.17-14.32.07:441][  0]LogTemp: Display: Loaded TP MacServerTargetPlatform
[2018.04.17-14.32.07:590][  0]LogTemp: Display: Loaded TP MacTargetPlatform
[2018.04.17-14.32.07:696][  0]LogTemp: Display: Loaded TP WindowsClientTargetPlatform
[2018.04.17-14.32.07:850][  0]LogTemp: Display: Loaded TP WindowsNoEditorTargetPlatform
[2018.04.17-14.32.08:014][  0]LogTemp: Display: Loaded TP WindowsServerTargetPlatform
[2018.04.17-14.32.08:154][  0]LogTemp: Display: Loaded TP WindowsTargetPlatform
[2018.04.17-14.32.08:262][  0]LogTemp: Display: Loaded TP Android_ASTCTargetPlatform
[2018.04.17-14.32.08:354][  0]LogTemp: Display: Loaded TP Android_ATCTargetPlatform
[2018.04.17-14.32.08:444][  0]LogTemp: Display: Loaded TP Android_DXTTargetPlatform
[2018.04.17-14.32.08:531][  0]LogTemp: Display: Loaded TP Android_ETC1TargetPlatform
[2018.04.17-14.32.08:640][  0]LogTemp: Display: Loaded TP Android_ETC2TargetPlatform
[2018.04.17-14.32.08:856][  0]LogTemp: Display: Loaded TP Android_MultiTargetPlatform
[2018.04.17-14.32.08:856][  0]LogTemp: Display: Loaded TP Android_PVRTCTargetPlatform
[2018.04.17-14.32.08:946][  0]LogTemp: Display: Loaded TP AndroidTargetPlatform
[2018.04.17-14.32.09:032][  0]LogTemp: Display: Loaded TP HTML5TargetPlatform
[2018.04.17-14.32.09:206][  0]LogTemp: Display: Loaded TP IOSTargetPlatform
[2018.04.17-14.32.09:279][  0]LogTemp: Display: Loaded TP TVOSTargetPlatform
[2018.04.17-14.32.09:395][  0]LogTemp: Display: Loaded TP LinuxClientTargetPlatform
[2018.04.17-14.32.09:509][  0]LogTemp: Display: Loaded TP LinuxNoEditorTargetPlatform
[2018.04.17-14.32.09:654][  0]LogTemp: Display: Loaded TP LinuxServerTargetPlatform
[2018.04.17-14.32.09:811][  0]LogTemp: Display: Loaded TP LinuxTargetPlatform
[2018.04.17-14.32.09:811][  0]LogTargetPlatformManager: Display: Building Assets For Windows
[2018.04.17-14.32.11:167][  0]LogDerivedDataCache: Display: Max Cache Size: 512 MB
[2018.04.17-14.32.11:308][  0]LogDerivedDataCache: Loaded boot cache 0.14s 78MB C:/Users/reedu/AppData/Local/UnrealEngine/4.18/DerivedDataCache/Boot.ddc.
[2018.04.17-14.32.11:309][  0]LogDerivedDataCache: Display: Loaded Boot cache: C:/Users/reedu/AppData/Local/UnrealEngine/4.18/DerivedDataCache/Boot.ddc
[2018.04.17-14.32.11:309][  0]LogDerivedDataCache: FDerivedDataBackendGraph:  Pak pak cache file ../../../../../../Users/reedu/OneDrive/Documents/GitHub/NoName.HereAfter/GreyBox_Level1/DerivedDataCache/DDC.ddp not found, will not use a pak cache.
[2018.04.17-14.32.11:309][  0]LogDerivedDataCache: Unable to find inner node Pak for hierarchical cache Hierarchy.
[2018.04.17-14.32.11:309][  0]LogDerivedDataCache: FDerivedDataBackendGraph:  CompressedPak pak cache file ../../../../../../Users/reedu/OneDrive/Documents/GitHub/NoName.HereAfter/GreyBox_Level1/DerivedDataCache/Compressed.ddp not found, will not use a pak cache.
[2018.04.17-14.32.11:309][  0]LogDerivedDataCache: Unable to find inner node CompressedPak for hierarchical cache Hierarchy.
[2018.04.17-14.32.11:337][  0]LogDerivedDataCache: Display: Pak cache opened for reading ../../../Engine/DerivedDataCache/Compressed.ddp.
[2018.04.17-14.32.11:353][  0]LogDerivedDataCache: Using Local data cache path C:/Users/reedu/AppData/Local/UnrealEngine/Common/DerivedDataCache: Writable
[2018.04.17-14.32.11:377][  0]LogMaterial: Verifying Global Shaders for PCD3D_SM5
[2018.04.17-14.32.11:378][  0]LogSlate: Using Freetype 2.6.0
[2018.04.17-14.32.11:380][  0]LogSlate: SlateFontCache - WITH_FREETYPE: 1, WITH_HARFBUZZ: 1
[2018.04.17-14.32.11:380][  0]LogSlate: SlateFontCache - WITH_FREETYPE: 1, WITH_HARFBUZZ: 1
[2018.04.17-14.32.12:327][  0]LogInit: Selected Device Profile: [Windows]
[2018.04.17-14.32.13:765][  0]LogSimplygon: Simplygon DLL not present - disabling.
[2018.04.17-14.32.13:940][  0]LogMeshReduction: Using SimplygonSwarm for distributed automatic mesh merging
[2018.04.17-14.32.13:940][  0]LogMeshReduction: Using QuadricMeshReduction for automatic static mesh reduction
[2018.04.17-14.32.13:940][  0]LogMeshReduction: No automatic skeletal mesh reduction module available
[2018.04.17-14.32.13:940][  0]LogMeshReduction: No automatic mesh merging module available
[2018.04.17-14.32.13:940][  0]LogMeshMerging: No automatic mesh merging module available
[2018.04.17-14.32.14:071][  0]LogNetVersion: GreyBox_Level1 , NetCL: 3709383, EngineNetVer: 2, GameNetVer: 0 (Checksum: 2103691337)
[2018.04.17-14.32.14:543][  0]LogAssetRegistry: FAssetRegistry took 0.0319 seconds to start up
[2018.04.17-14.32.15:903][  0]LogPackageLocalizationCache: Processed 7 localized package path(s) for 2 prioritized culture(s) in 0.144016 seconds
[2018.04.17-14.32.15:912][  0]LogUObjectArray: 35870 objects as part of root set at end of initial load.
[2018.04.17-14.32.15:912][  0]LogUObjectAllocator: 7363704 out of 0 bytes used by permanent object pool.
[2018.04.17-14.32.15:912][  0]LogUObjectArray: CloseDisregardForGC: 0/0 objects in disregard for GC pool
[2018.04.17-14.32.16:041][  0]LogInit: WinSock: version 1.1 (2.2), MaxSocks=32767, MaxUdp=65467
[2018.04.17-14.33.26:570][  0]LogAssetRegistry: Error: Failed to open file for write ../../../../../../Users/reedu/OneDrive/Documents/GitHub/NoName.HereAfter/GreyBox_Level1/Intermediate/CachedAssetRegistry.bin
[2018.04.17-14.33.27:615][  0]LogTcpMessaging: Initializing TcpMessaging bridge
[2018.04.17-14.33.27:871][  0]LogUdpMessaging: Initializing bridge on interface 0.0.0.0:0 to multicast group 230.0.0.1:6666.
[2018.04.17-14.33.29:642][  0]LogConfig: Warning: Failed to saved backup for config[TranslationPickerSettings]
[2018.04.17-14.33.29:835][  0]LogMaterial: Uniform references updated for custom material expression Custom.
[2018.04.17-14.33.30:962][  0]LogConfig: Warning: Failed to saved backup for config[SourceControlSettings]
[2018.04.17-14.33.30:962][  0]SourceControl: Source control is disabled
[2018.04.17-14.33.30:963][  0]SourceControl: Source control is disabled
[2018.04.17-14.33.31:126][  0]SourceControl: Source control is disabled
[2018.04.17-14.33.31:272][  0]SourceControl: Source control is disabled
[2018.04.17-14.33.33:646][  0]LogAndroidPermission: UAndroidPermissionCallbackProxy::GetInstance
[2018.04.17-14.33.34:343][  0]LogOcInput: OculusInput pre-init called
[2018.04.17-14.33.35:164][  0]LogEngine: Initializing Engine...
[2018.04.17-14.33.35:169][  0]LogHMD: Failed to initialize OpenVR with code 110
[2018.04.17-14.33.35:828][  0]LogStats: UGameplayTagsManager::ConstructGameplayTagTree: Construct from data asset -  0.000 s
[2018.04.17-14.33.35:828][  0]LogStats: UGameplayTagsManager::ConstructGameplayTagTree: GameplayTagTreeChangedEvent.Broadcast -  0.000 s
[2018.04.17-14.33.36:203][  0]LogAIModule: Creating AISystem for world Untitled
[2018.04.17-14.33.36:220][  0]LogInit: XAudio2 using 'Speakers (Realtek High Definition Audio)' : 2 channels at 48 kHz using 32 bits per sample (channel mask 0x3)
[2018.04.17-14.33.36:474][  0]LogInit: FAudioDevice initialized.
[2018.04.17-14.33.36:489][  0]LogDerivedDataCache: Error: Could not save memory cache C:/Users/reedu/AppData/Local/UnrealEngine/4.18/DerivedDataCache/Boot.ddc.
[2018.04.17-14.33.36:513][  0]LogInit: Texture streaming: Enabled
[2018.04.17-14.33.37:007][  0]LogEngineSessionManager: EngineSessionManager initialized
[2018.04.17-14.33.37:369][  0]LogInit: Transaction tracking system initialized
[2018.04.17-14.33.38:580][  0]BlueprintLog: New page: Editor Load
[2018.04.17-14.33.41:732][  0]LogConfig: Warning: Failed to saved backup for config[LocalizationServiceSettings]
[2018.04.17-14.33.41:733][  0]LocalizationService: Localization service is disabled
[2018.04.17-14.33.44:850][  0]LogConsoleResponse: Display: 
[2018.04.17-14.33.46:210][  0]LogCook: Display: Max memory allowance for cook 16384mb min free memory 0mb
[2018.04.17-14.33.46:210][  0]LogCook: Display: Mobile HDR setting 1
[2018.04.17-14.33.46:210][  0]LogGameplayTags: Display: UGameplayTagsManager::DoneAddingNativeTags. DelegateIsBound: 0
[2018.04.17-14.33.47:026][  0]LogFileCache: Scanning file cache for directory 'C:/Users/reedu/OneDrive/Documents/GitHub/NoName.HereAfter/GreyBox_Level1/Content/' took 0.04s
[2018.04.17-14.33.50:840][  0]SourceControl: Source control is disabled
[2018.04.17-14.33.50:840][  0]Cmd: MAP LOAD FILE="../../../Engine/Content/Maps/Templates/Template_Default.umap" TEMPLATE=1 SHOWPROGRESS=1 FEATURELEVEL=3
[2018.04.17-14.33.50:841][  0]LightingResults: New page: Lighting Build
[2018.04.17-14.33.50:955][  0]MapCheck: New page: Map Check
[2018.04.17-14.33.50:955][  0]LightingResults: New page: Lighting Build
[2018.04.17-14.33.51:664][  0]LogAIModule: Creating AISystem for world Untitled_1
[2018.04.17-14.33.51:678][  0]LogEditorServer: Finished looking for orphan Actors (0.000 secs)
[2018.04.17-14.33.51:787][  0]Cmd: MAP CHECKDEP NOCLEARLOG
[2018.04.17-14.33.51:950][  0]MapCheck: Map check complete: 0 Error(s), 0 Warning(s), took 162.721ms to complete.
[2018.04.17-14.33.51:950][  0]LogFileHelpers: Loading map 'Template_Default' took 1.110
[2018.04.17-14.33.52:395][  0]LogCollectionManager: Loaded 0 collections in 0.003607 seconds
[2018.04.17-14.33.52:548][  0]LogFileCache: Scanning file cache for directory 'C:/Users/reedu/OneDrive/Documents/GitHub/NoName.HereAfter/GreyBox_Level1/Saved/Collections/' took 0.01s
[2018.04.17-14.33.52:548][  0]LogFileCache: Scanning file cache for directory 'C:/Users/reedu/OneDrive/Documents/GitHub/NoName.HereAfter/GreyBox_Level1/Content/Developers/reedu/Collections/' took 0.01s
[2018.04.17-14.33.52:548][  0]LogFileCache: Scanning file cache for directory 'C:/Users/reedu/OneDrive/Documents/GitHub/NoName.HereAfter/GreyBox_Level1/Content/Collections/' took 0.01s
[2018.04.17-14.33.52:548][  0]LogCollectionManager: Rebuilt the GUID cache for 0 collections in 0.000000 seconds
[2018.04.17-14.33.52:564][  0]LogContentBrowser: Native class hierarchy populated in 0.0156 seconds. Added 2363 classes and 519 folders.
[2018.04.17-14.33.52:735][  0]LogContentBrowser: Native class hierarchy updated for 'WidgetCarousel' in 0.0005 seconds. Added 0 classes and 0 folders.
[2018.04.17-14.33.53:878][  0]LogContentBrowser: Native class hierarchy updated for 'AddContentDialog' in 0.0004 seconds. Added 0 classes and 0 folders.
[2018.04.17-14.33.54:014][  0]LogContentBrowser: Native class hierarchy updated for 'SceneOutliner' in 0.0005 seconds. Added 1 classes and 2 folders.
[2018.04.17-14.33.54:199][  0]LogSlate: Took 0.016664 seconds to synchronously load lazily loaded font '../../../Engine/Content/Slate/Fonts/Roboto-Regular.ttf' (155K)
[2018.04.17-14.33.54:216][  0]LogSlate: Took 0.011579 seconds to synchronously load lazily loaded font '../../../Engine/Content/Slate/Fonts/Roboto-Bold.ttf' (160K)
[2018.04.17-14.33.54:240][  0]LogSlate: Took 0.012961 seconds to synchronously load lazily loaded font '../../../Engine/Content/Editor/Slate/Fonts/FontAwesome.ttf' (139K)
[2018.04.17-14.33.54:632][  0]LogRenderer: Reallocating scene render targets to support 736x376 Format 9 NumSamples 1 (Frame:1).
[2018.04.17-14.33.55:966][  0]LogContentBrowser: Native class hierarchy updated for 'HierarchicalLODOutliner' in 0.0005 seconds. Added 1 classes and 2 folders.
[2018.04.17-14.33.55:966][  0]LogLoad: (Engine Initialization) Total time: 116.86 seconds
[2018.04.17-14.33.55:966][  0]LogLoad: (Engine Initialization) Total Blueprint compile time: 0.00 seconds
[2018.04.17-14.33.55:967][  0]LogExternalProfiler: Found external profiler: VSPerf
[2018.04.17-14.33.55:967][  0]LogExternalProfiler: Using external profiler: VSPerf
[2018.04.17-14.33.56:380][  0]LogContentStreaming: Texture pool size now 400 MB
[2018.04.17-14.33.56:640][  1]LogFileCache: Retrieving MD5 hashes for directory 'C:/Users/reedu/OneDrive/Documents/GitHub/NoName.HereAfter/GreyBox_Level1/Content/' took 0.32s
[2018.04.17-14.33.56:993][  2]LogAssetRegistry: Asset discovery search completed in 102.4731 seconds
[2018.04.17-14.33.57:000][  2]LogCollectionManager: Rebuilt the object cache for 0 collections in 0.000001 seconds (found 0 objects)
[2018.04.17-14.33.57:000][  2]LogCollectionManager: Fixed up redirectors for 0 collections in 0.000109 seconds (updated 0 objects)
[2018.04.17-14.34.00:664][ 13]LogSlate: Took 0.016410 seconds to synchronously load lazily loaded font '../../../Engine/Content/Slate/Fonts/Roboto-Light.ttf' (159K)
[2018.04.17-14.35.43:841][718]Cmd: MAP LOAD FILE="../../../Engine/Content/Maps/Templates/Template_Default.umap" TEMPLATE=1 SHOWPROGRESS=1 FEATURELEVEL=3
[2018.04.17-14.35.43:850][718]LogSlate: Took 0.000234 seconds to synchronously load lazily loaded font '../../../Engine/Content/Slate/Fonts/Roboto-Light.ttf' (159K)
[2018.04.17-14.35.43:875][718]LightingResults: New page: Lighting Build
[2018.04.17-14.35.43:878][718]LoadErrors: New page: Loading map: Template_Default.umap
[2018.04.17-14.35.43:880][718]MapCheck: New page: Map Check
[2018.04.17-14.35.43:881][718]LightingResults: New page: Lighting Build
[2018.04.17-14.35.43:937][718]LogAIModule: Creating AISystem for world Untitled_2
[2018.04.17-14.35.44:040][718]LogEditorServer: Finished looking for orphan Actors (0.000 secs)
[2018.04.17-14.35.44:074][718]Cmd: MAP CHECKDEP NOCLEARLOG
[2018.04.17-14.35.44:167][718]MapCheck: Map check complete: 0 Error(s), 0 Warning(s), took 93.055ms to complete.
[2018.04.17-14.35.44:167][718]LogFileHelpers: Loading map 'Template_Default' took 0.328
[2018.04.17-14.35.56:347][197]LogSavePackage: Save=45.43ms
[2018.04.17-14.35.56:347][197]LogSavePackage: Moving '../../../../../../Users/reedu/OneDrive/Documents/GitHub/NoName.HereAfter/GreyBox_Level1/Saved/Mountain6627F099464465267F19AABEBF652F19.tmp' to '../../../../../../Users/reedu/OneDrive/Documents/GitHub/NoName.HereAfter/GreyBox_Level1/Content/Maps/Mountain.umap'
[2018.04.17-14.35.56:350][197]LogSavePackage: Display: Finished SavePackage ../../../../../../Users/reedu/OneDrive/Documents/GitHub/NoName.HereAfter/GreyBox_Level1/Content/Maps/Mountain.umap
[2018.04.17-14.35.56:426][197]LogSavePackage: Save=27.87ms
[2018.04.17-14.35.56:426][197]LogSavePackage: Moving '../../../../../../Users/reedu/OneDrive/Documents/GitHub/NoName.HereAfter/GreyBox_Level1/Saved/Mountain_BuiltData8E22D813496B6878EA4E9B987A46DC58.tmp' to '../../../../../../Users/reedu/OneDrive/Documents/GitHub/NoName.HereAfter/GreyBox_Level1/Content/Maps/Mountain_BuiltData.uasset'
[2018.04.17-14.35.56:428][197]LogSavePackage: Display: Finished SavePackage ../../../../../../Users/reedu/OneDrive/Documents/GitHub/NoName.HereAfter/GreyBox_Level1/Content/Maps/Mountain_BuiltData.uasset
[2018.04.17-14.35.56:440][197]LogFileHelpers: Saving map 'Mountain' took 0.303
[2018.04.17-14.35.56:442][197]Cmd: MAP LOAD FILE="../../../../../../Users/reedu/OneDrive/Documents/GitHub/NoName.HereAfter/GreyBox_Level1/Content/Maps/Mountain.umap" TEMPLATE=0 SHOWPROGRESS=1 FEATURELEVEL=3
[2018.04.17-14.35.56:468][197]LightingResults: New page: Lighting Build
[2018.04.17-14.35.56:469][197]LoadErrors: New page: Loading map: Mountain.umap
[2018.04.17-14.35.56:470][197]MapCheck: New page: Map Check
[2018.04.17-14.35.56:470][197]LightingResults: New page: Lighting Build
[2018.04.17-14.35.56:517][197]LogAIModule: Creating AISystem for world Mountain
[2018.04.17-14.35.56:633][197]LogEditorServer: Finished looking for orphan Actors (0.000 secs)
[2018.04.17-14.35.56:698][197]Cmd: MAP CHECKDEP NOCLEARLOG
[2018.04.17-14.35.56:780][197]MapCheck: Map check complete: 0 Error(s), 0 Warning(s), took 81.202ms to complete.
[2018.04.17-14.35.56:780][197]LogFileHelpers: Loading map 'Mountain' took 0.340
[2018.04.17-14.35.56:784][197]LoadErrors: Error: /Game/Maps/Mountain : Failed import for MapBuildDataRegistry /Game/Maps/Mountain_BuiltData.Mountain_BuiltData Referenced by export Level /Game/Maps/Mountain.Mountain:PersistentLevel
[2018.04.17-14.36.01:090][380]LogTexture: Display: Building textures: Texture2D_2 (G8, 128X128)
[2018.04.17-14.36.05:221][584]LogSlate: Took 0.000323 seconds to synchronously load lazily loaded font '../../../Engine/Content/Slate/Fonts/Roboto-Light.ttf' (159K)
[2018.04.17-14.36.25:013][554]LogLinker: Warning: Can't find file '/Game/GTFreeMaterials/Textures/Ground_Dirt/Ground_Dirt_2k_alb'
[2018.04.17-14.36.25:013][554]LogLinker: Warning: Can't find file for asset '/Game/GTFreeMaterials/Textures/Ground_Dirt/Ground_Dirt_2k_alb' while loading ../../../../../../Users/reedu/OneDrive/Documents/GitHub/NoName.HereAfter/GreyBox_Level1/Content/GTFreeMaterials/Materials/Ground_Dirt.uasset.
[2018.04.17-14.36.25:013][554]LoadErrors: Error: /Game/GTFreeMaterials/Materials/Ground_Dirt : Can't find file for asset. /Game/GTFreeMaterials/Textures/Ground_Dirt/Ground_Dirt_2k_alb
[2018.04.17-14.36.25:013][554]LogLinker: Warning: Can't find file '/Game/GTFreeMaterials/Textures/Ground_Dirt/Ground_Dirt_2k_n'
[2018.04.17-14.36.25:013][554]LogLinker: Warning: Can't find file for asset '/Game/GTFreeMaterials/Textures/Ground_Dirt/Ground_Dirt_2k_n' while loading ../../../../../../Users/reedu/OneDrive/Documents/GitHub/NoName.HereAfter/GreyBox_Level1/Content/GTFreeMaterials/Materials/Ground_Dirt.uasset.
[2018.04.17-14.36.25:013][554]LoadErrors: Error: /Game/GTFreeMaterials/Materials/Ground_Dirt : Can't find file for asset. /Game/GTFreeMaterials/Textures/Ground_Dirt/Ground_Dirt_2k_n
[2018.04.17-14.36.25:013][554]LogLinker: Warning: Can't find file '/Game/GTFreeMaterials/Textures/Ground_Dirt/Ground_Dirt_2k_s'
[2018.04.17-14.36.25:014][554]LogLinker: Warning: Can't find file for asset '/Game/GTFreeMaterials/Textures/Ground_Dirt/Ground_Dirt_2k_s' while loading ../../../../../../Users/reedu/OneDrive/Documents/GitHub/NoName.HereAfter/GreyBox_Level1/Content/GTFreeMaterials/Materials/Ground_Dirt.uasset.
[2018.04.17-14.36.25:014][554]LoadErrors: Error: /Game/GTFreeMaterials/Materials/Ground_Dirt : Can't find file for asset. /Game/GTFreeMaterials/Textures/Ground_Dirt/Ground_Dirt_2k_s
[2018.04.17-14.36.25:014][554]LogLinker: Warning: Can't find file '/Game/GTFreeMaterials/Textures/T_MacroVariation2'
[2018.04.17-14.36.25:014][554]LogLinker: Warning: Can't find file for asset '/Game/GTFreeMaterials/Textures/T_MacroVariation2' while loading ../../../../../../Users/reedu/OneDrive/Documents/GitHub/NoName.HereAfter/GreyBox_Level1/Content/GTFreeMaterials/Materials/Ground_Dirt.uasset.
[2018.04.17-14.36.25:014][554]LoadErrors: Error: /Game/GTFreeMaterials/Materials/Ground_Dirt : Can't find file for asset. /Game/GTFreeMaterials/Textures/T_MacroVariation2
[2018.04.17-14.36.25:014][554]LogLinker: Warning: Can't find file '/Game/GTFreeMaterials/Textures/Ground_Dirt/Ground_Dirt_2k_alb'
[2018.04.17-14.36.25:014][554]LogLinker: Warning: Can't find file for asset '/Game/GTFreeMaterials/Textures/Ground_Dirt/Ground_Dirt_2k_alb' while loading ../../../../../../Users/reedu/OneDrive/Documents/GitHub/NoName.HereAfter/GreyBox_Level1/Content/GTFreeMaterials/Materials/Ground_Dirt.uasset.
[2018.04.17-14.36.25:015][554]LogLinker: Warning: Can't find file '/Game/GTFreeMaterials/Textures/Ground_Dirt/Ground_Dirt_2k_n'
[2018.04.17-14.36.25:015][554]LogLinker: Warning: Can't find file for asset '/Game/GTFreeMaterials/Textures/Ground_Dirt/Ground_Dirt_2k_n' while loading ../../../../../../Users/reedu/OneDrive/Documents/GitHub/NoName.HereAfter/GreyBox_Level1/Content/GTFreeMaterials/Materials/Ground_Dirt.uasset.
[2018.04.17-14.36.25:015][554]LogLinker: Warning: Can't find file '/Game/GTFreeMaterials/Textures/Ground_Dirt/Ground_Dirt_2k_s'
[2018.04.17-14.36.25:015][554]LogLinker: Warning: Can't find file for asset '/Game/GTFreeMaterials/Textures/Ground_Dirt/Ground_Dirt_2k_s' while loading ../../../../../../Users/reedu/OneDrive/Documents/GitHub/NoName.HereAfter/GreyBox_Level1/Content/GTFreeMaterials/Materials/Ground_Dirt.uasset.
[2018.04.17-14.36.25:015][554]LogLinker: Warning: Can't find file '/Game/GTFreeMaterials/Textures/T_MacroVariation2'
[2018.04.17-14.36.25:015][554]LogLinker: Warning: Can't find file for asset '/Game/GTFreeMaterials/Textures/T_MacroVariation2' while loading ../../../../../../Users/reedu/OneDrive/Documents/GitHub/NoName.HereAfter/GreyBox_Level1/Content/GTFreeMaterials/Materials/Ground_Dirt.uasset.
[2018.04.17-14.36.25:017][554]LogLinker: Warning: Can't find file '/Game/GTFreeMaterials/Textures/Ground_Dirt/Ground_Dirt_2k_s'
[2018.04.17-14.36.25:018][554]LoadErrors: Failed to load /Game/GTFreeMaterials/Textures/Ground_Dirt/Ground_Dirt_2k_s.Ground_Dirt_2k_s Referenced by MaterialExpressionTextureSample_1
[2018.04.17-14.36.25:018][554]LogLinker: Warning: Can't find file for asset '/Game/GTFreeMaterials/Textures/Ground_Dirt/Ground_Dirt_2k_s' while loading NULL.
[2018.04.17-14.36.25:018][554]LogLinker: Warning: Can't find file '/Game/GTFreeMaterials/Textures/Ground_Dirt/Ground_Dirt_2k_alb'
[2018.04.17-14.36.25:018][554]LoadErrors: Failed to load /Game/GTFreeMaterials/Textures/Ground_Dirt/Ground_Dirt_2k_alb.Ground_Dirt_2k_alb Referenced by MaterialExpressionTextureSample_33
[2018.04.17-14.36.25:018][554]LogLinker: Warning: Can't find file for asset '/Game/GTFreeMaterials/Textures/Ground_Dirt/Ground_Dirt_2k_alb' while loading NULL.
[2018.04.17-14.36.25:018][554]LogLinker: Warning: Can't find file '/Game/GTFreeMaterials/Textures/Ground_Dirt/Ground_Dirt_2k_n'
[2018.04.17-14.36.25:018][554]LoadErrors: Failed to load /Game/GTFreeMaterials/Textures/Ground_Dirt/Ground_Dirt_2k_n.Ground_Dirt_2k_n Referenced by MaterialExpressionTextureSample_34
[2018.04.17-14.36.25:019][554]LogLinker: Warning: Can't find file for asset '/Game/GTFreeMaterials/Textures/Ground_Dirt/Ground_Dirt_2k_n' while loading NULL.
[2018.04.17-14.36.25:019][554]LogLinker: Warning: Can't find file '/Game/GTFreeMaterials/Textures/T_MacroVariation2'
[2018.04.17-14.36.25:019][554]LoadErrors: Failed to load /Game/GTFreeMaterials/Textures/T_MacroVariation2.T_MacroVariation2 Referenced by MaterialExpressionTextureSample_42
[2018.04.17-14.36.25:019][554]LogLinker: Warning: Can't find file for asset '/Game/GTFreeMaterials/Textures/T_MacroVariation2' while loading NULL.
[2018.04.17-14.36.25:019][554]LogLinker: Warning: Can't find file '/Game/GTFreeMaterials/Textures/T_MacroVariation2'
[2018.04.17-14.36.25:019][554]LoadErrors: Failed to load /Game/GTFreeMaterials/Textures/T_MacroVariation2.T_MacroVariation2 Referenced by MaterialExpressionTextureSample_43
[2018.04.17-14.36.25:020][554]LogLinker: Warning: Can't find file for asset '/Game/GTFreeMaterials/Textures/T_MacroVariation2' while loading NULL.
[2018.04.17-14.36.25:020][554]LogLinker: Warning: Can't find file '/Game/GTFreeMaterials/Textures/T_MacroVariation2'
[2018.04.17-14.36.25:020][554]LoadErrors: Failed to load /Game/GTFreeMaterials/Textures/T_MacroVariation2.T_MacroVariation2 Referenced by MaterialExpressionTextureSample_44
[2018.04.17-14.36.25:020][554]LogLinker: Warning: Can't find file for asset '/Game/GTFreeMaterials/Textures/T_MacroVariation2' while loading NULL.
[2018.04.17-14.36.25:042][554]LogMaterial: Missing cached shader map for material Ground_Dirt, compiling. 
[2018.04.17-14.36.25:076][554]LogMaterial: Warning: C:\Users\reedu\OneDrive\Documents\GitHub\NoName.HereAfter\GreyBox_Level1\Content\GTFreeMaterials\Materials\Ground_Dirt.uasset: Failed to compile Material for platform PCD3D_SM5, Default Material will be used in game.
[2018.04.17-14.36.25:076][554]LogMaterial: 	(Node TextureSample) Texture Sample> Missing input texture
[2018.04.17-14.36.29:851][799]LogLinker: Warning: Can't find file '/Game/GTFreeMaterials/Textures/Ground_DirtBrownTan/Ground_DirtBrownTan_2k_alb'
[2018.04.17-14.36.29:851][799]LogLinker: Warning: Can't find file for asset '/Game/GTFreeMaterials/Textures/Ground_DirtBrownTan/Ground_DirtBrownTan_2k_alb' while loading ../../../../../../Users/reedu/OneDrive/Documents/GitHub/NoName.HereAfter/GreyBox_Level1/Content/GTFreeMaterials/Materials/Ground_DirtBrownTan.uasset.
[2018.04.17-14.36.29:852][799]LoadErrors: Error: /Game/GTFreeMaterials/Materials/Ground_DirtBrownTan : Can't find file for asset. /Game/GTFreeMaterials/Textures/Ground_DirtBrownTan/Ground_DirtBrownTan_2k_alb
[2018.04.17-14.36.29:852][799]LogLinker: Warning: Can't find file '/Game/GTFreeMaterials/Textures/Ground_DirtBrownTan/Ground_DirtBrownTan_2k_g'
[2018.04.17-14.36.29:852][799]LogLinker: Warning: Can't find file for asset '/Game/GTFreeMaterials/Textures/Ground_DirtBrownTan/Ground_DirtBrownTan_2k_g' while loading ../../../../../../Users/reedu/OneDrive/Documents/GitHub/NoName.HereAfter/GreyBox_Level1/Content/GTFreeMaterials/Materials/Ground_DirtBrownTan.uasset.
[2018.04.17-14.36.29:852][799]LoadErrors: Error: /Game/GTFreeMaterials/Materials/Ground_DirtBrownTan : Can't find file for asset. /Game/GTFreeMaterials/Textures/Ground_DirtBrownTan/Ground_DirtBrownTan_2k_g
[2018.04.17-14.36.29:852][799]LogLinker: Warning: Can't find file '/Game/GTFreeMaterials/Textures/Ground_DirtBrownTan/Ground_DirtBrownTan_2k_n'
[2018.04.17-14.36.29:852][799]LogLinker: Warning: Can't find file for asset '/Game/GTFreeMaterials/Textures/Ground_DirtBrownTan/Ground_DirtBrownTan_2k_n' while loading ../../../../../../Users/reedu/OneDrive/Documents/GitHub/NoName.HereAfter/GreyBox_Level1/Content/GTFreeMaterials/Materials/Ground_DirtBrownTan.uasset.
[2018.04.17-14.36.29:852][799]LoadErrors: Error: /Game/GTFreeMaterials/Materials/Ground_DirtBrownTan : Can't find file for asset. /Game/GTFreeMaterials/Textures/Ground_DirtBrownTan/Ground_DirtBrownTan_2k_n
[2018.04.17-14.36.29:853][799]LogLinker: Warning: Can't find file '/Game/GTFreeMaterials/Textures/T_MacroVariation2'
[2018.04.17-14.36.29:853][799]LogLinker: Warning: Can't find file for asset '/Game/GTFreeMaterials/Textures/T_MacroVariation2' while loading ../../../../../../Users/reedu/OneDrive/Documents/GitHub/NoName.HereAfter/GreyBox_Level1/Content/GTFreeMaterials/Materials/Ground_DirtBrownTan.uasset.
[2018.04.17-14.36.29:853][799]LoadErrors: Error: /Game/GTFreeMaterials/Materials/Ground_DirtBrownTan : Can't find file for asset. /Game/GTFreeMaterials/Textures/T_MacroVariation2
[2018.04.17-14.36.29:853][799]LogLinker: Warning: Can't find file '/Game/GTFreeMaterials/Textures/Ground_DirtBrownTan/Ground_DirtBrownTan_2k_alb'
[2018.04.17-14.36.29:853][799]LogLinker: Warning: Can't find file for asset '/Game/GTFreeMaterials/Textures/Ground_DirtBrownTan/Ground_DirtBrownTan_2k_alb' while loading ../../../../../../Users/reedu/OneDrive/Documents/GitHub/NoName.HereAfter/GreyBox_Level1/Content/GTFreeMaterials/Materials/Ground_DirtBrownTan.uasset.
[2018.04.17-14.36.29:853][799]LogLinker: Warning: Can't find file '/Game/GTFreeMaterials/Textures/Ground_DirtBrownTan/Ground_DirtBrownTan_2k_g'
[2018.04.17-14.36.29:853][799]LogLinker: Warning: Can't find file for asset '/Game/GTFreeMaterials/Textures/Ground_DirtBrownTan/Ground_DirtBrownTan_2k_g' while loading ../../../../../../Users/reedu/OneDrive/Documents/GitHub/NoName.HereAfter/GreyBox_Level1/Content/GTFreeMaterials/Materials/Ground_DirtBrownTan.uasset.
[2018.04.17-14.36.29:854][799]LogLinker: Warning: Can't find file '/Game/GTFreeMaterials/Textures/Ground_DirtBrownTan/Ground_DirtBrownTan_2k_n'
[2018.04.17-14.36.29:854][799]LogLinker: Warning: Can't find file for asset '/Game/GTFreeMaterials/Textures/Ground_DirtBrownTan/Ground_DirtBrownTan_2k_n' while loading ../../../../../../Users/reedu/OneDrive/Documents/GitHub/NoName.HereAfter/GreyBox_Level1/Content/GTFreeMaterials/Materials/Ground_DirtBrownTan.uasset.
[2018.04.17-14.36.29:854][799]LogLinker: Warning: Can't find file '/Game/GTFreeMaterials/Textures/T_MacroVariation2'
[2018.04.17-14.36.29:854][799]LogLinker: Warning: Can't find file for asset '/Game/GTFreeMaterials/Textures/T_MacroVariation2' while loading ../../../../../../Users/reedu/OneDrive/Documents/GitHub/NoName.HereAfter/GreyBox_Level1/Content/GTFreeMaterials/Materials/Ground_DirtBrownTan.uasset.
[2018.04.17-14.36.29:857][799]LogLinker: Warning: Can't find file '/Game/GTFreeMaterials/Textures/Ground_DirtBrownTan/Ground_DirtBrownTan_2k_alb'
[2018.04.17-14.36.29:857][799]LoadErrors: Failed to load /Game/GTFreeMaterials/Textures/Ground_DirtBrownTan/Ground_DirtBrownTan_2k_alb.Ground_DirtBrownTan_2k_alb Referenced by MaterialExpressionTextureSample_15
[2018.04.17-14.36.29:857][799]LogLinker: Warning: Can't find file for asset '/Game/GTFreeMaterials/Textures/Ground_DirtBrownTan/Ground_DirtBrownTan_2k_alb' while loading NULL.
[2018.04.17-14.36.29:857][799]LogLinker: Warning: Can't find file '/Game/GTFreeMaterials/Textures/Ground_DirtBrownTan/Ground_DirtBrownTan_2k_n'
[2018.04.17-14.36.29:857][799]LoadErrors: Failed to load /Game/GTFreeMaterials/Textures/Ground_DirtBrownTan/Ground_DirtBrownTan_2k_n.Ground_DirtBrownTan_2k_n Referenced by MaterialExpressionTextureSample_16
[2018.04.17-14.36.29:857][799]LogLinker: Warning: Can't find file for asset '/Game/GTFreeMaterials/Textures/Ground_DirtBrownTan/Ground_DirtBrownTan_2k_n' while loading NULL.
[2018.04.17-14.36.29:858][799]LogLinker: Warning: Can't find file '/Game/GTFreeMaterials/Textures/T_MacroVariation2'
[2018.04.17-14.36.29:858][799]LoadErrors: Failed to load /Game/GTFreeMaterials/Textures/T_MacroVariation2.T_MacroVariation2 Referenced by MaterialExpressionTextureSample_27
[2018.04.17-14.36.29:858][799]LogLinker: Warning: Can't find file for asset '/Game/GTFreeMaterials/Textures/T_MacroVariation2' while loading NULL.
[2018.04.17-14.36.29:858][799]LogLinker: Warning: Can't find file '/Game/GTFreeMaterials/Textures/T_MacroVariation2'
[2018.04.17-14.36.29:858][799]LoadErrors: Failed to load /Game/GTFreeMaterials/Textures/T_MacroVariation2.T_MacroVariation2 Referenced by MaterialExpressionTextureSample_28
[2018.04.17-14.36.29:858][799]LogLinker: Warning: Can't find file for asset '/Game/GTFreeMaterials/Textures/T_MacroVariation2' while loading NULL.
[2018.04.17-14.36.29:859][799]LogLinker: Warning: Can't find file '/Game/GTFreeMaterials/Textures/T_MacroVariation2'
[2018.04.17-14.36.29:859][799]LoadErrors: Failed to load /Game/GTFreeMaterials/Textures/T_MacroVariation2.T_MacroVariation2 Referenced by MaterialExpressionTextureSample_29
[2018.04.17-14.36.29:859][799]LogLinker: Warning: Can't find file for asset '/Game/GTFreeMaterials/Textures/T_MacroVariation2' while loading NULL.
[2018.04.17-14.36.29:859][799]LogLinker: Warning: Can't find file '/Game/GTFreeMaterials/Textures/Ground_DirtBrownTan/Ground_DirtBrownTan_2k_g'
[2018.04.17-14.36.29:859][799]LoadErrors: Failed to load /Game/GTFreeMaterials/Textures/Ground_DirtBrownTan/Ground_DirtBrownTan_2k_g.Ground_DirtBrownTan_2k_g Referenced by MaterialExpressionTextureSample_31
[2018.04.17-14.36.29:859][799]LogLinker: Warning: Can't find file for asset '/Game/GTFreeMaterials/Textures/Ground_DirtBrownTan/Ground_DirtBrownTan_2k_g' while loading NULL.
[2018.04.17-14.36.29:864][799]LogMaterial: Missing cached shader map for material Ground_DirtBrownTan, compiling. 
[2018.04.17-14.36.29:865][799]LogMaterial: Warning: C:\Users\reedu\OneDrive\Documents\GitHub\NoName.HereAfter\GreyBox_Level1\Content\GTFreeMaterials\Materials\Ground_DirtBrownTan.uasset: Failed to compile Material for platform PCD3D_SM5, Default Material will be used in game.
[2018.04.17-14.36.29:865][799]LogMaterial: 	(Node TextureSample) Texture Sample> Missing input texture
[2018.04.17-14.36.44:875][565]LogLinker: Warning: Can't find file '/Game/GTFreeMaterials/Textures/Concrete_Square/Concrete_Square_2k_h'
[2018.04.17-14.36.44:875][565]LogLinker: Warning: Can't find file for asset '/Game/GTFreeMaterials/Textures/Concrete_Square/Concrete_Square_2k_h' while loading ../../../../../../Users/reedu/OneDrive/Documents/GitHub/NoName.HereAfter/GreyBox_Level1/Content/GTFreeMaterials/Materials/brick_ancientDiagonal.uasset.
[2018.04.17-14.36.44:875][565]LoadErrors: Error: /Game/GTFreeMaterials/Materials/brick_ancientDiagonal : Can't find file for asset. /Game/GTFreeMaterials/Textures/Concrete_Square/Concrete_Square_2k_h
[2018.04.17-14.36.44:875][565]LogLinker: Warning: Can't find file '/Game/GTFreeMaterials/Textures/T_MacroVariation2'
[2018.04.17-14.36.44:875][565]LogLinker: Warning: Can't find file for asset '/Game/GTFreeMaterials/Textures/T_MacroVariation2' while loading ../../../../../../Users/reedu/OneDrive/Documents/GitHub/NoName.HereAfter/GreyBox_Level1/Content/GTFreeMaterials/Materials/brick_ancientDiagonal.uasset.
[2018.04.17-14.36.44:876][565]LoadErrors: Error: /Game/GTFreeMaterials/Materials/brick_ancientDiagonal : Can't find file for asset. /Game/GTFreeMaterials/Textures/T_MacroVariation2
[2018.04.17-14.36.44:877][565]LogLinker: Warning: Can't find file '/Game/GTFreeMaterials/Textures/Concrete_Square/Concrete_Square_2k_h'
[2018.04.17-14.36.44:877][565]LogLinker: Warning: Can't find file for asset '/Game/GTFreeMaterials/Textures/Concrete_Square/Concrete_Square_2k_h' while loading ../../../../../../Users/reedu/OneDrive/Documents/GitHub/NoName.HereAfter/GreyBox_Level1/Content/GTFreeMaterials/Materials/brick_ancientDiagonal.uasset.
[2018.04.17-14.36.44:878][565]LogLinker: Warning: Can't find file '/Game/GTFreeMaterials/Textures/T_MacroVariation2'
[2018.04.17-14.36.44:878][565]LogLinker: Warning: Can't find file for asset '/Game/GTFreeMaterials/Textures/T_MacroVariation2' while loading ../../../../../../Users/reedu/OneDrive/Documents/GitHub/NoName.HereAfter/GreyBox_Level1/Content/GTFreeMaterials/Materials/brick_ancientDiagonal.uasset.
[2018.04.17-14.36.44:882][565]LogLinker: Warning: Can't find file '/Game/GTFreeMaterials/Textures/T_MacroVariation2'
[2018.04.17-14.36.44:882][565]LoadErrors: Failed to load /Game/GTFreeMaterials/Textures/T_MacroVariation2.T_MacroVariation2 Referenced by MaterialExpressionTextureSample_25
[2018.04.17-14.36.44:882][565]LogLinker: Warning: Can't find file for asset '/Game/GTFreeMaterials/Textures/T_MacroVariation2' while loading NULL.
[2018.04.17-14.36.44:883][565]LogLinker: Warning: Can't find file '/Game/GTFreeMaterials/Textures/T_MacroVariation2'
[2018.04.17-14.36.44:883][565]LoadErrors: Failed to load /Game/GTFreeMaterials/Textures/T_MacroVariation2.T_MacroVariation2 Referenced by MaterialExpressionTextureSample_26
[2018.04.17-14.36.44:883][565]LogLinker: Warning: Can't find file for asset '/Game/GTFreeMaterials/Textures/T_MacroVariation2' while loading NULL.
[2018.04.17-14.36.44:884][565]LogLinker: Warning: Can't find file '/Game/GTFreeMaterials/Textures/T_MacroVariation2'
[2018.04.17-14.36.44:884][565]LogLinker: Warning: Can't find file for asset '/Game/GTFreeMaterials/Textures/T_MacroVariation2' while loading NULL.
[2018.04.17-14.36.44:884][565]LogLinker: Warning: Can't find file '/Game/GTFreeMaterials/Textures/Concrete_Square/Concrete_Square_2k_h'
[2018.04.17-14.36.44:884][565]LoadErrors: Failed to load /Game/GTFreeMaterials/Textures/Concrete_Square/Concrete_Square_2k_h.Concrete_Square_2k_h Referenced by MaterialExpressionTextureSampleParameter2D_6
[2018.04.17-14.36.44:885][565]LogLinker: Warning: Can't find file for asset '/Game/GTFreeMaterials/Textures/Concrete_Square/Concrete_Square_2k_h' while loading NULL.
[2018.04.17-14.36.45:194][565]LogMaterial: Missing cached shader map for material brick_ancientDiagonal, compiling. 
[2018.04.17-14.36.45:252][565]LogMaterial: Warning: C:\Users\reedu\OneDrive\Documents\GitHub\NoName.HereAfter\GreyBox_Level1\Content\GTFreeMaterials\Materials\brick_ancientDiagonal.uasset: Failed to compile Material for platform PCD3D_SM5, Default Material will be used in game.
[2018.04.17-14.36.45:253][565]LogMaterial: 	(Node TextureSampleParameter2D) Param2D> Requires Texture2D
[2018.04.17-14.36.45:253][565]LogMaterial: 	(Node TextureSample) Texture Sample> Missing input texture
[2018.04.17-14.36.47:835][679]LogLinker: Warning: Can't find file '/Game/GTFreeMaterials/Textures/brick_guiGen/brick_guiGen_2k_d'
[2018.04.17-14.36.47:835][679]LogLinker: Warning: Can't find file for asset '/Game/GTFreeMaterials/Textures/brick_guiGen/brick_guiGen_2k_d' while loading ../../../../../../Users/reedu/OneDrive/Documents/GitHub/NoName.HereAfter/GreyBox_Level1/Content/GTFreeMaterials/Materials/brick_guiGen.uasset.
[2018.04.17-14.36.47:836][679]LoadErrors: Error: /Game/GTFreeMaterials/Materials/brick_guiGen : Can't find file for asset. /Game/GTFreeMaterials/Textures/brick_guiGen/brick_guiGen_2k_d
[2018.04.17-14.36.47:836][679]LogLinker: Warning: Can't find file '/Game/GTFreeMaterials/Textures/brick_guiGen/brick_guiGen_2k_n'
[2018.04.17-14.36.47:836][679]LogLinker: Warning: Can't find file for asset '/Game/GTFreeMaterials/Textures/brick_guiGen/brick_guiGen_2k_n' while loading ../../../../../../Users/reedu/OneDrive/Documents/GitHub/NoName.HereAfter/GreyBox_Level1/Content/GTFreeMaterials/Materials/brick_guiGen.uasset.
[2018.04.17-14.36.47:836][679]LoadErrors: Error: /Game/GTFreeMaterials/Materials/brick_guiGen : Can't find file for asset. /Game/GTFreeMaterials/Textures/brick_guiGen/brick_guiGen_2k_n
[2018.04.17-14.36.47:836][679]LogLinker: Warning: Can't find file '/Game/GTFreeMaterials/Textures/brick_guiGen/brick_guiGen_2k_s'
[2018.04.17-14.36.47:836][679]LogLinker: Warning: Can't find file for asset '/Game/GTFreeMaterials/Textures/brick_guiGen/brick_guiGen_2k_s' while loading ../../../../../../Users/reedu/OneDrive/Documents/GitHub/NoName.HereAfter/GreyBox_Level1/Content/GTFreeMaterials/Materials/brick_guiGen.uasset.
[2018.04.17-14.36.47:836][679]LoadErrors: Error: /Game/GTFreeMaterials/Materials/brick_guiGen : Can't find file for asset. /Game/GTFreeMaterials/Textures/brick_guiGen/brick_guiGen_2k_s
[2018.04.17-14.36.47:837][679]LogLinker: Warning: Can't find file '/Game/GTFreeMaterials/Textures/T_MacroVariation2'
[2018.04.17-14.36.47:837][679]LogLinker: Warning: Can't find file for asset '/Game/GTFreeMaterials/Textures/T_MacroVariation2' while loading ../../../../../../Users/reedu/OneDrive/Documents/GitHub/NoName.HereAfter/GreyBox_Level1/Content/GTFreeMaterials/Materials/brick_guiGen.uasset.
[2018.04.17-14.36.47:837][679]LoadErrors: Error: /Game/GTFreeMaterials/Materials/brick_guiGen : Can't find file for asset. /Game/GTFreeMaterials/Textures/T_MacroVariation2
[2018.04.17-14.36.47:837][679]LogLinker: Warning: Can't find file '/Game/GTFreeMaterials/Textures/brick_guiGen/brick_guiGen_2k_d'
[2018.04.17-14.36.47:837][679]LogLinker: Warning: Can't find file for asset '/Game/GTFreeMaterials/Textures/brick_guiGen/brick_guiGen_2k_d' while loading ../../../../../../Users/reedu/OneDrive/Documents/GitHub/NoName.HereAfter/GreyBox_Level1/Content/GTFreeMaterials/Materials/brick_guiGen.uasset.
[2018.04.17-14.36.47:838][679]LogLinker: Warning: Can't find file '/Game/GTFreeMaterials/Textures/brick_guiGen/brick_guiGen_2k_n'
[2018.04.17-14.36.47:838][679]LogLinker: Warning: Can't find file for asset '/Game/GTFreeMaterials/Textures/brick_guiGen/brick_guiGen_2k_n' while loading ../../../../../../Users/reedu/OneDrive/Documents/GitHub/NoName.HereAfter/GreyBox_Level1/Content/GTFreeMaterials/Materials/brick_guiGen.uasset.
[2018.04.17-14.36.47:838][679]LogLinker: Warning: Can't find file '/Game/GTFreeMaterials/Textures/brick_guiGen/brick_guiGen_2k_s'
[2018.04.17-14.36.47:838][679]LogLinker: Warning: Can't find file for asset '/Game/GTFreeMaterials/Textures/brick_guiGen/brick_guiGen_2k_s' while loading ../../../../../../Users/reedu/OneDrive/Documents/GitHub/NoName.HereAfter/GreyBox_Level1/Content/GTFreeMaterials/Materials/brick_guiGen.uasset.
[2018.04.17-14.36.47:838][679]LogLinker: Warning: Can't find file '/Game/GTFreeMaterials/Textures/T_MacroVariation2'
[2018.04.17-14.36.47:838][679]LogLinker: Warning: Can't find file for asset '/Game/GTFreeMaterials/Textures/T_MacroVariation2' while loading ../../../../../../Users/reedu/OneDrive/Documents/GitHub/NoName.HereAfter/GreyBox_Level1/Content/GTFreeMaterials/Materials/brick_guiGen.uasset.
[2018.04.17-14.36.47:841][679]LogLinker: Warning: Can't find file '/Game/GTFreeMaterials/Textures/brick_guiGen/brick_guiGen_2k_n'
[2018.04.17-14.36.47:841][679]LoadErrors: Failed to load /Game/GTFreeMaterials/Textures/brick_guiGen/brick_guiGen_2k_n.brick_guiGen_2k_n Referenced by MaterialExpressionTextureSample_69
[2018.04.17-14.36.47:841][679]LogLinker: Warning: Can't find file for asset '/Game/GTFreeMaterials/Textures/brick_guiGen/brick_guiGen_2k_n' while loading NULL.
[2018.04.17-14.36.47:841][679]LogLinker: Warning: Can't find file '/Game/GTFreeMaterials/Textures/brick_guiGen/brick_guiGen_2k_d'
[2018.04.17-14.36.47:841][679]LoadErrors: Failed to load /Game/GTFreeMaterials/Textures/brick_guiGen/brick_guiGen_2k_d.brick_guiGen_2k_d Referenced by MaterialExpressionTextureSample_71
[2018.04.17-14.36.47:841][679]LogLinker: Warning: Can't find file for asset '/Game/GTFreeMaterials/Textures/brick_guiGen/brick_guiGen_2k_d' while loading NULL.
[2018.04.17-14.36.47:842][679]LogLinker: Warning: Can't find file '/Game/GTFreeMaterials/Textures/T_MacroVariation2'
[2018.04.17-14.36.47:842][679]LoadErrors: Failed to load /Game/GTFreeMaterials/Textures/T_MacroVariation2.T_MacroVariation2 Referenced by MaterialExpressionTextureSample_78
[2018.04.17-14.36.47:842][679]LogLinker: Warning: Can't find file for asset '/Game/GTFreeMaterials/Textures/T_MacroVariation2' while loading NULL.
[2018.04.17-14.36.47:842][679]LogLinker: Warning: Can't find file '/Game/GTFreeMaterials/Textures/T_MacroVariation2'
[2018.04.17-14.36.47:842][679]LoadErrors: Failed to load /Game/GTFreeMaterials/Textures/T_MacroVariation2.T_MacroVariation2 Referenced by MaterialExpressionTextureSample_79
[2018.04.17-14.36.47:843][679]LogLinker: Warning: Can't find file for asset '/Game/GTFreeMaterials/Textures/T_MacroVariation2' while loading NULL.
[2018.04.17-14.36.47:843][679]LogLinker: Warning: Can't find file '/Game/GTFreeMaterials/Textures/T_MacroVariation2'
[2018.04.17-14.36.47:843][679]LoadErrors: Failed to load /Game/GTFreeMaterials/Textures/T_MacroVariation2.T_MacroVariation2 Referenced by MaterialExpressionTextureSample_80
[2018.04.17-14.36.47:843][679]LogLinker: Warning: Can't find file for asset '/Game/GTFreeMaterials/Textures/T_MacroVariation2' while loading NULL.
[2018.04.17-14.36.47:843][679]LogLinker: Warning: Can't find file '/Game/GTFreeMaterials/Textures/brick_guiGen/brick_guiGen_2k_s'
[2018.04.17-14.36.47:844][679]LoadErrors: Failed to load /Game/GTFreeMaterials/Textures/brick_guiGen/brick_guiGen_2k_s.brick_guiGen_2k_s Referenced by MaterialExpressionTextureSample_84
[2018.04.17-14.36.47:844][679]LogLinker: Warning: Can't find file for asset '/Game/GTFreeMaterials/Textures/brick_guiGen/brick_guiGen_2k_s' while loading NULL.
[2018.04.17-14.36.47:890][679]LogMaterial: Missing cached shader map for material brick_guiGen, compiling. 
[2018.04.17-14.36.47:890][679]LogMaterial: Warning: C:\Users\reedu\OneDrive\Documents\GitHub\NoName.HereAfter\GreyBox_Level1\Content\GTFreeMaterials\Materials\brick_guiGen.uasset: Failed to compile Material for platform PCD3D_SM5, Default Material will be used in game.
[2018.04.17-14.36.47:890][679]LogMaterial: 	(Node TextureSample) Texture Sample> Missing input texture
[2018.04.17-14.37.09:592][735]LogTexture: Display: Building textures: Texture2D_0 (BGRA8, 512X512)
[2018.04.17-14.38.56:521][378]Cmd: TRANSACTION UNDO
[2018.04.17-14.38.56:521][378]LogEditorTransaction: Undo Landscape Editing: Sculpt
[2018.04.17-14.40.42:833][226]LogTexture: Display: Building textures: Texture2D_0 (BGRA8, 512X512)
[2018.04.17-14.40.44:582][226]LogSavePackage: Save=1857.68ms
[2018.04.17-14.40.44:583][226]LogSavePackage: Moving '../../../../../../Users/reedu/OneDrive/Documents/GitHub/NoName.HereAfter/GreyBox_Level1/Saved/MountainFF94E3BB461915929C27C590DAA90BFC.tmp' to '../../../../../../Users/reedu/OneDrive/Documents/GitHub/NoName.HereAfter/GreyBox_Level1/Content/Maps/Mountain.umap'
[2018.04.17-14.40.44:588][226]LogSavePackage: Display: Finished SavePackage ../../../../../../Users/reedu/OneDrive/Documents/GitHub/NoName.HereAfter/GreyBox_Level1/Content/Maps/Mountain.umap
[2018.04.17-14.40.44:658][226]LogSlate: Took 0.000448 seconds to synchronously load lazily loaded font '../../../Engine/Content/Slate/Fonts/Roboto-Regular.ttf' (155K)
[2018.04.17-14.41.00:860][ 85]Cmd: TRANSACTION UNDO
[2018.04.17-14.41.00:860][ 85]LogEditorTransaction: Undo Landscape Editing: Sculpt
[2018.04.17-14.41.00:947][ 85]LogTexture: Display: Building textures: Texture2D_0 (BGRA8, 512X512)
[2018.04.17-14.41.14:851][800]LogTemp: Repeating last play command: Selected Viewport
[2018.04.17-14.41.15:053][800]LogPlayLevel: PlayLevel: No blueprints needed recompiling
[2018.04.17-14.41.15:146][800]PIE: New page: PIE session: Mountain (18 Apr 2018 10:41:15 am)
[2018.04.17-14.41.15:167][800]LogPlayLevel: Creating play world package: /Game/Maps/UEDPIE_0_Mountain
[2018.04.17-14.41.15:193][800]LogPlayLevel: PIE: StaticDuplicateObject took: (0.026471s)
[2018.04.17-14.41.15:194][800]LogAIModule: Creating AISystem for world Mountain
[2018.04.17-14.41.15:207][800]LogPlayLevel: PIE: World Init took: (0.013509s)
[2018.04.17-14.41.15:226][800]LogPlayLevel: PIE: Created PIE world by copying editor world from /Game/Maps/Mountain.Mountain to /Game/Maps/UEDPIE_0_Mountain.Mountain (0.059022s)
[2018.04.17-14.41.15:285][800]LogInit: XAudio2 using 'Speakers (Realtek High Definition Audio)' : 2 channels at 48 kHz using 32 bits per sample (channel mask 0x3)
[2018.04.17-14.41.15:302][800]LogInit: FAudioDevice initialized.
[2018.04.17-14.41.15:408][800]LogLoad: Game class is 'GameModeBase'
[2018.04.17-14.41.15:531][800]LogWorld: Bringing World /Game/Maps/UEDPIE_0_Mountain.Mountain up for play (max tick rate 60) at 2018.04.18-00.41.15
[2018.04.17-14.41.15:591][800]LogWorld: Bringing up level for play took: 0.062542
[2018.04.17-14.41.15:952][800]LogContentBrowser: Native class hierarchy updated for 'MovieSceneCapture' in 0.0005 seconds. Added 11 classes and 0 folders.
[2018.04.17-14.41.16:043][800]PIE: Play in editor start time for /Game/Maps/UEDPIE_0_Mountain 0.768
[2018.04.17-14.41.28:440][476]Cmd: TRANSACTION UNDO
[2018.04.17-14.41.28:440][476]LogEditorTransaction: Undo Landscape Editing: Sculpt
[2018.04.17-14.41.28:542][476]LogTexture: Display: Building textures: Texture2D_0 (BGRA8, 512X512)
[2018.04.17-14.41.36:710][897]Cmd: TRANSACTION UNDO
[2018.04.17-14.41.36:710][897]LogEditorTransaction: Undo Landscape Editing: Sculpt
[2018.04.17-14.41.36:799][897]LogTexture: Display: Building textures: Texture2D_0 (BGRA8, 512X512)
[2018.04.17-14.41.43:889][281]Cmd: TRANSACTION UNDO
[2018.04.17-14.41.43:889][281]LogEditorTransaction: Undo Landscape Editing: Sculpt
[2018.04.17-14.42.38:971][306]Cmd: TRANSACTION UNDO
[2018.04.17-14.42.38:971][306]LogEditorTransaction: Undo Landscape Editing: Sculpt
[2018.04.17-14.42.39:099][306]LogTexture: Display: Building textures: Texture2D_0 (BGRA8, 512X512)
[2018.04.17-14.42.40:738][386]Cmd: TRANSACTION UNDO
[2018.04.17-14.42.40:738][386]LogEditorTransaction: Undo Landscape Editing: Sculpt
[2018.04.17-14.42.40:844][386]LogTexture: Display: Building textures: Texture2D_0 (BGRA8, 512X512)
[2018.04.17-14.43.04:134][649]LogTemp: Repeating last play command: Selected Viewport
[2018.04.17-14.43.04:163][649]LogPlayLevel: PlayLevel: No blueprints needed recompiling
[2018.04.17-14.43.04:164][649]PIE: New page: PIE session: Mountain (18 Apr 2018 10:43:04 am)
[2018.04.17-14.43.04:164][649]LogPlayLevel: Creating play world package: /Game/Maps/UEDPIE_0_Mountain
[2018.04.17-14.43.04:188][649]LogPlayLevel: PIE: StaticDuplicateObject took: (0.023869s)
[2018.04.17-14.43.04:189][649]LogAIModule: Creating AISystem for world Mountain
[2018.04.17-14.43.04:190][649]LogPlayLevel: PIE: World Init took: (0.001889s)
[2018.04.17-14.43.04:190][649]LogPlayLevel: PIE: Created PIE world by copying editor world from /Game/Maps/Mountain.Mountain to /Game/Maps/UEDPIE_0_Mountain.Mountain (0.026228s)
[2018.04.17-14.43.04:211][649]LogInit: XAudio2 using 'Speakers (Realtek High Definition Audio)' : 2 channels at 48 kHz using 32 bits per sample (channel mask 0x3)
[2018.04.17-14.43.04:231][649]LogInit: FAudioDevice initialized.
[2018.04.17-14.43.04:266][649]LogLoad: Game class is 'GameModeBase'
[2018.04.17-14.43.04:270][649]LogWorld: Bringing World /Game/Maps/UEDPIE_0_Mountain.Mountain up for play (max tick rate 60) at 2018.04.18-00.43.04
[2018.04.17-14.43.04:271][649]LogWorld: Bringing up level for play took: 0.004157
[2018.04.17-14.43.04:273][649]PIE: Play in editor start time for /Game/Maps/UEDPIE_0_Mountain 0.998
[2018.04.17-14.43.31:918][187]LogNavigationPoint: PostEditMove Clear paths rebuilt
[2018.04.17-14.43.40:737][662]LogNavigationPoint: PostEditMove Clear paths rebuilt
[2018.04.17-14.43.41:383][693]LogTemp: Repeating last play command: Selected Viewport
[2018.04.17-14.43.41:413][693]LogPlayLevel: PlayLevel: No blueprints needed recompiling
[2018.04.17-14.43.41:413][693]PIE: New page: PIE session: Mountain (18 Apr 2018 10:43:41 am)
[2018.04.17-14.43.41:413][693]LogPlayLevel: Creating play world package: /Game/Maps/UEDPIE_0_Mountain
[2018.04.17-14.43.41:436][693]LogPlayLevel: PIE: StaticDuplicateObject took: (0.023027s)
[2018.04.17-14.43.41:439][693]LogAIModule: Creating AISystem for world Mountain
[2018.04.17-14.43.41:441][693]LogPlayLevel: PIE: World Init took: (0.004210s)
[2018.04.17-14.43.41:441][693]LogPlayLevel: PIE: Created PIE world by copying editor world from /Game/Maps/Mountain.Mountain to /Game/Maps/UEDPIE_0_Mountain.Mountain (0.027879s)
[2018.04.17-14.43.41:464][693]LogInit: XAudio2 using 'Speakers (Realtek High Definition Audio)' : 2 channels at 48 kHz using 32 bits per sample (channel mask 0x3)
[2018.04.17-14.43.41:481][693]LogInit: FAudioDevice initialized.
[2018.04.17-14.43.41:519][693]LogLoad: Game class is 'GameModeBase'
[2018.04.17-14.43.41:522][693]LogWorld: Bringing World /Game/Maps/UEDPIE_0_Mountain.Mountain up for play (max tick rate 60) at 2018.04.18-00.43.41
[2018.04.17-14.43.41:522][693]LogWorld: Bringing up level for play took: 0.002876
[2018.04.17-14.43.41:524][693]PIE: Play in editor start time for /Game/Maps/UEDPIE_0_Mountain 0.248
[2018.04.17-14.43.51:106][249]LogNavigationPoint: PostEditMove Clear paths rebuilt
[2018.04.17-14.43.54:253][429]LogNavigationPoint: PostEditMove Clear paths rebuilt
[2018.04.17-14.43.56:728][567]LogNavigationPoint: PostEditMove Clear paths rebuilt
[2018.04.17-14.43.58:104][637]LogTemp: Repeating last play command: Selected Viewport
[2018.04.17-14.43.58:134][637]LogPlayLevel: PlayLevel: No blueprints needed recompiling
[2018.04.17-14.43.58:134][637]PIE: New page: PIE session: Mountain (18 Apr 2018 10:43:58 am)
[2018.04.17-14.43.58:134][637]LogPlayLevel: Creating play world package: /Game/Maps/UEDPIE_0_Mountain
[2018.04.17-14.43.58:160][637]LogPlayLevel: PIE: StaticDuplicateObject took: (0.025888s)
[2018.04.17-14.43.58:161][637]LogAIModule: Creating AISystem for world Mountain
[2018.04.17-14.43.58:162][637]LogPlayLevel: PIE: World Init took: (0.001278s)
[2018.04.17-14.43.58:162][637]LogPlayLevel: PIE: Created PIE world by copying editor world from /Game/Maps/Mountain.Mountain to /Game/Maps/UEDPIE_0_Mountain.Mountain (0.027669s)
[2018.04.17-14.43.58:185][637]LogInit: XAudio2 using 'Speakers (Realtek High Definition Audio)' : 2 channels at 48 kHz using 32 bits per sample (channel mask 0x3)
[2018.04.17-14.43.58:200][637]LogInit: FAudioDevice initialized.
[2018.04.17-14.43.58:238][637]LogLoad: Game class is 'GameModeBase'
[2018.04.17-14.43.58:242][637]LogWorld: Bringing World /Game/Maps/UEDPIE_0_Mountain.Mountain up for play (max tick rate 60) at 2018.04.18-00.43.58
[2018.04.17-14.43.58:243][637]LogWorld: Bringing up level for play took: 0.004592
[2018.04.17-14.43.58:247][637]PIE: Play in editor start time for /Game/Maps/UEDPIE_0_Mountain 0.971
