Log file open, 04/15/18 20:58:29
LogWindows: Failed to load 'aqProf.dll' (GetLastError=126)
LogWindows: File 'aqProf.dll' does not exist
LogWindows: Failed to load 'VtuneApi.dll' (GetLastError=126)
LogWindows: File 'VtuneApi.dll' does not exist
LogWindows: Failed to load 'VtuneApi32e.dll' (GetLastError=126)
LogWindows: File 'VtuneApi32e.dll' does not exist
LogInit: Display: Running engine for game: GreyBox_Level1
LogPlatformFile: Not using cached read wrapper
LogInit: Display: RandInit(-680076837) SRandInit(-680076837).
LogInit: Read version file with build ID '3709383'
LogInit: Overriding engine version to CL 3832480, compatible CL 3709383
LogInit: Registered custom module enumerator with build ID '3709383'
LogTaskGraph: Started task graph with 5 named threads and 14 total threads with 3 sets of task threads.
LogStats: Stats thread started at 0.175184
LogD3D11RHI: Aftermath initialized
LogModuleManager: Display: Found up-to-date module file ../../../Engine/Plugins/2D/Paper2D/Binaries/Win64/UE4Editor-Paper2D.dll (API version 3709383).
LogModuleManager: Display: Found up-to-date module file ../../../Engine/Plugins/2D/Paper2D/Binaries/Win64/UE4Editor-Paper2DEditor.dll (API version 3709383).
LogModuleManager: Display: Found up-to-date module file ../../../Engine/Plugins/2D/Paper2D/Binaries/Win64/UE4Editor-PaperSpriteSheetImporter.dll (API version 3709383).
LogModuleManager: Display: Found up-to-date module file ../../../Engine/Plugins/2D/Paper2D/Binaries/Win64/UE4Editor-PaperTiledImporter.dll (API version 3709383).
LogModuleManager: Display: Found up-to-date module file ../../../Engine/Plugins/2D/Paper2D/Binaries/Win64/UE4Editor-SmartSnapping.dll (API version 3709383).
LogModuleManager: Display: Found up-to-date module file ../../../Engine/Plugins/Blendables/LightPropagationVolume/Binaries/Win64/UE4Editor-LightPropagationVolumeRuntime.dll (API version 3709383).
LogModuleManager: Display: Found up-to-date module file ../../../Engine/Plugins/Blendables/LightPropagationVolume/Binaries/Win64/UE4Editor-LightPropagationVolumeEditor.dll (API version 3709383).
LogModuleManager: Display: Found up-to-date module file ../../../Engine/Plugins/Developer/GitSourceControl/Binaries/Win64/UE4Editor-GitSourceControl.dll (API version 3709383).
LogModuleManager: Display: Found up-to-date module file ../../../Engine/Plugins/Developer/PerforceSourceControl/Binaries/Win64/UE4Editor-PerforceSourceControl.dll (API version 3709383).
LogModuleManager: Display: Found up-to-date module file ../../../Engine/Plugins/Developer/SubversionSourceControl/Binaries/Win64/UE4Editor-SubversionSourceControl.dll (API version 3709383).
LogModuleManager: Display: Found up-to-date module file ../../../Engine/Plugins/Developer/UObjectPlugin/Binaries/Win64/UE4Editor-UObjectPlugin.dll (API version 3709383).
LogModuleManager: Display: Found up-to-date module file ../../../Engine/Plugins/Developer/VisualStudioCodeSourceCodeAccess/Binaries/Win64/UE4Editor-VisualStudioCodeSourceCodeAccess.dll (API version 3709383).
LogModuleManager: Display: Found up-to-date module file ../../../Engine/Plugins/Developer/VisualStudioSourceCodeAccess/Binaries/Win64/UE4Editor-VisualStudioSourceCodeAccess.dll (API version 3709383).
LogModuleManager: Display: Found up-to-date module file ../../../Engine/Plugins/Editor/AssetManagerEditor/Binaries/Win64/UE4Editor-AssetManagerEditor.dll (API version 3709383).
LogModuleManager: Display: Found up-to-date module file ../../../Engine/Plugins/Editor/AudioCapture/Binaries/Win64/UE4Editor-AudioCapture.dll (API version 3709383).
LogModuleManager: Display: Found up-to-date module file ../../../Engine/Plugins/Editor/FacialAnimation/Binaries/Win64/UE4Editor-FacialAnimation.dll (API version 3709383).
LogModuleManager: Display: Found up-to-date module file ../../../Engine/Plugins/Editor/FacialAnimation/Binaries/Win64/UE4Editor-FacialAnimationEditor.dll (API version 3709383).
LogModuleManager: Display: Found up-to-date module file ../../../Engine/Plugins/Editor/GameplayTagsEditor/Binaries/Win64/UE4Editor-GameplayTagsEditor.dll (API version 3709383).
LogModuleManager: Display: Found up-to-date module file ../../../Engine/Plugins/Editor/MobileLauncherProfileWizard/Binaries/Win64/UE4Editor-MobileLauncherProfileWizard.dll (API version 3709383).
LogModuleManager: Display: Found up-to-date module file ../../../Engine/Plugins/Editor/PluginBrowser/Binaries/Win64/UE4Editor-PluginBrowser.dll (API version 3709383).
LogModuleManager: Display: Found up-to-date module file ../../../Engine/Plugins/Editor/SpeedTreeImporter/Binaries/Win64/UE4Editor-SpeedTreeImporter.dll (API version 3709383).
LogModuleManager: Display: Found up-to-date module file ../../../Engine/Plugins/Experimental/AlembicImporter/Binaries/Win64/UE4Editor-AlembicImporter.dll (API version 3709383).
LogModuleManager: Display: Found up-to-date module file ../../../Engine/Plugins/Experimental/AlembicImporter/Binaries/Win64/UE4Editor-AlembicLibrary.dll (API version 3709383).
LogModuleManager: Display: Found up-to-date module file ../../../Engine/Plugins/Experimental/CharacterAI/Binaries/Win64/UE4Editor-CharacterAI.dll (API version 3709383).
LogModuleManager: Display: Found up-to-date module file ../../../Engine/Plugins/Experimental/HTML5Networking/Binaries/Win64/UE4Editor-HTML5Networking.dll (API version 3709383).
LogModuleManager: Display: Found up-to-date module file ../../../Engine/Plugins/Media/AndroidMedia/Binaries/Win64/UE4Editor-AndroidMediaEditor.dll (API version 3709383).
LogModuleManager: Display: Found up-to-date module file ../../../Engine/Plugins/Media/AndroidMedia/Binaries/Win64/UE4Editor-AndroidMediaFactory.dll (API version 3709383).
LogModuleManager: Display: Found up-to-date module file ../../../Engine/Plugins/Media/AvfMedia/Binaries/Win64/UE4Editor-AvfMediaEditor.dll (API version 3709383).
LogModuleManager: Display: Found up-to-date module file ../../../Engine/Plugins/Media/AvfMedia/Binaries/Win64/UE4Editor-AvfMediaFactory.dll (API version 3709383).
LogModuleManager: Display: Found up-to-date module file ../../../Engine/Plugins/Media/AvfMedia/Binaries/Win64/UE4Editor-AvfMediaFactory.dll (API version 3709383).
LogModuleManager: Display: Found up-to-date module file ../../../Engine/Plugins/Media/ImgMedia/Binaries/Win64/UE4Editor-ImgMedia.dll (API version 3709383).
LogModuleManager: Display: Found up-to-date module file ../../../Engine/Plugins/Media/ImgMedia/Binaries/Win64/UE4Editor-ImgMediaEditor.dll (API version 3709383).
LogModuleManager: Display: Found up-to-date module file ../../../Engine/Plugins/Media/ImgMedia/Binaries/Win64/UE4Editor-ImgMediaFactory.dll (API version 3709383).
LogModuleManager: Display: Found up-to-date module file ../../../Engine/Plugins/Media/ImgMedia/Binaries/Win64/UE4Editor-ImgMediaFactory.dll (API version 3709383).
LogModuleManager: Display: Found up-to-date module file ../../../Engine/Plugins/Media/ImgMedia/Binaries/Win64/UE4Editor-OpenExrWrapper.dll (API version 3709383).
LogModuleManager: Display: Found up-to-date module file ../../../Engine/Plugins/Media/MediaCompositing/Binaries/Win64/UE4Editor-MediaCompositing.dll (API version 3709383).
LogModuleManager: Display: Found up-to-date module file ../../../Engine/Plugins/Media/MediaCompositing/Binaries/Win64/UE4Editor-MediaCompositingEditor.dll (API version 3709383).
LogModuleManager: Display: Found up-to-date module file ../../../Engine/Plugins/Media/MediaPlayerEditor/Binaries/Win64/UE4Editor-MediaPlayerEditor.dll (API version 3709383).
LogModuleManager: Display: Found up-to-date module file ../../../Engine/Plugins/Media/WmfMedia/Binaries/Win64/UE4Editor-WmfMedia.dll (API version 3709383).
LogModuleManager: Display: Found up-to-date module file ../../../Engine/Plugins/Media/WmfMedia/Binaries/Win64/UE4Editor-WmfMediaEditor.dll (API version 3709383).
LogModuleManager: Display: Found up-to-date module file ../../../Engine/Plugins/Media/WmfMedia/Binaries/Win64/UE4Editor-WmfMediaFactory.dll (API version 3709383).
LogModuleManager: Display: Found up-to-date module file ../../../Engine/Plugins/Media/WmfMedia/Binaries/Win64/UE4Editor-WmfMediaFactory.dll (API version 3709383).
LogModuleManager: Display: Found up-to-date module file ../../../Engine/Plugins/Messaging/TcpMessaging/Binaries/Win64/UE4Editor-TcpMessaging.dll (API version 3709383).
LogModuleManager: Display: Found up-to-date module file ../../../Engine/Plugins/Messaging/UdpMessaging/Binaries/Win64/UE4Editor-UdpMessaging.dll (API version 3709383).
LogModuleManager: Display: Found up-to-date module file ../../../Engine/Plugins/MovieScene/ActorSequence/Binaries/Win64/UE4Editor-ActorSequence.dll (API version 3709383).
LogModuleManager: Display: Found up-to-date module file ../../../Engine/Plugins/MovieScene/LevelSequenceEditor/Binaries/Win64/UE4Editor-LevelSequenceEditor.dll (API version 3709383).
LogModuleManager: Display: Found up-to-date module file ../../../Engine/Plugins/MovieScene/MatineeToLevelSequence/Binaries/Win64/UE4Editor-MatineeToLevelSequence.dll (API version 3709383).
LogModuleManager: Display: Found up-to-date module file ../../../Engine/Plugins/Online/OnlineSubsystem/Binaries/Win64/UE4Editor-OnlineSubsystem.dll (API version 3709383).
LogModuleManager: Display: Found up-to-date module file ../../../Engine/Plugins/Runtime/AndroidPermission/Binaries/Win64/UE4Editor-AndroidPermission.dll (API version 3709383).
LogModuleManager: Display: Found up-to-date module file ../../../Engine/Plugins/Online/OnlineSubsystemNull/Binaries/Win64/UE4Editor-OnlineSubsystemNull.dll (API version 3709383).
LogModuleManager: Display: Found up-to-date module file ../../../Engine/Plugins/Online/OnlineSubsystemUtils/Binaries/Win64/UE4Editor-OnlineSubsystemUtils.dll (API version 3709383).
LogModuleManager: Display: Found up-to-date module file ../../../Engine/Plugins/Online/OnlineSubsystemUtils/Binaries/Win64/UE4Editor-OnlineBlueprintSupport.dll (API version 3709383).
LogModuleManager: Display: Found up-to-date module file ../../../Engine/Plugins/Runtime/AndroidDeviceProfileSelector/Binaries/Win64/UE4Editor-AndroidDeviceProfileSelector.dll (API version 3709383).
LogModuleManager: Display: Found up-to-date module file ../../../Engine/Plugins/Runtime/AppleARKit/Binaries/Win64/UE4Editor-AppleARKit.dll (API version 3709383).
LogModuleManager: Display: Found up-to-date module file ../../../Engine/Plugins/Runtime/ArchVisCharacter/Binaries/Win64/UE4Editor-ArchVisCharacter.dll (API version 3709383).
LogModuleManager: Display: Found up-to-date module file ../../../Engine/Plugins/Runtime/CableComponent/Binaries/Win64/UE4Editor-CableComponent.dll (API version 3709383).
LogModuleManager: Display: Found up-to-date module file ../../../Engine/Plugins/Runtime/CustomMeshComponent/Binaries/Win64/UE4Editor-CustomMeshComponent.dll (API version 3709383).
LogModuleManager: Display: Found up-to-date module file ../../../Engine/Plugins/Runtime/ExampleDeviceProfileSelector/Binaries/Win64/UE4Editor-ExampleDeviceProfileSelector.dll (API version 3709383).
LogModuleManager: Display: Found up-to-date module file ../../../Engine/Plugins/Runtime/ImmediatePhysics/Binaries/Win64/UE4Editor-ImmediatePhysics.dll (API version 3709383).
LogModuleManager: Display: Found up-to-date module file ../../../Engine/Plugins/Runtime/ImmediatePhysics/Binaries/Win64/UE4Editor-ImmediatePhysicsEditor.dll (API version 3709383).
LogModuleManager: Display: Found up-to-date module file ../../../Engine/Plugins/Runtime/LocationServicesBPLibrary/Binaries/Win64/UE4Editor-LocationServicesBPLibrary.dll (API version 3709383).
LogModuleManager: Display: Found up-to-date module file ../../../Engine/Plugins/Runtime/MobilePatchingUtils/Binaries/Win64/UE4Editor-MobilePatchingUtils.dll (API version 3709383).
LogModuleManager: Display: Found up-to-date module file ../../../Engine/Plugins/Runtime/Oculus/OculusVR/Binaries/Win64/UE4Editor-OculusHMD.dll (API version 3709383).
LogModuleManager: Display: Found up-to-date module file ../../../Engine/Plugins/Runtime/Oculus/OculusVR/Binaries/Win64/UE4Editor-OculusInput.dll (API version 3709383).
LogModuleManager: Display: Found up-to-date module file ../../../Engine/Plugins/Runtime/Oculus/OculusVR/Binaries/Win64/UE4Editor-OculusEditor.dll (API version 3709383).
LogModuleManager: Display: Found up-to-date module file ../../../Engine/Plugins/Runtime/PhysXVehicles/Binaries/Win64/UE4Editor-PhysXVehicles.dll (API version 3709383).
LogModuleManager: Display: Found up-to-date module file ../../../Engine/Plugins/Runtime/PhysXVehicles/Binaries/Win64/UE4Editor-PhysXVehiclesEditor.dll (API version 3709383).
LogModuleManager: Display: Found up-to-date module file ../../../Engine/Plugins/Runtime/ProceduralMeshComponent/Binaries/Win64/UE4Editor-ProceduralMeshComponent.dll (API version 3709383).
LogModuleManager: Display: Found up-to-date module file ../../../Engine/Plugins/Runtime/ProceduralMeshComponent/Binaries/Win64/UE4Editor-ProceduralMeshComponentEditor.dll (API version 3709383).
LogModuleManager: Display: Found up-to-date module file ../../../Engine/Plugins/Runtime/RuntimePhysXCooking/Binaries/Win64/UE4Editor-RuntimePhysXCooking.dll (API version 3709383).
LogModuleManager: Display: Found up-to-date module file ../../../Engine/Plugins/Runtime/Steam/SteamVR/Binaries/Win64/UE4Editor-SteamVR.dll (API version 3709383).
LogModuleManager: Display: Found up-to-date module file ../../../Engine/Plugins/Runtime/Steam/SteamVR/Binaries/Win64/UE4Editor-SteamVRController.dll (API version 3709383).
LogModuleManager: Display: Found up-to-date module file ../../../Engine/Plugins/Runtime/WindowsMoviePlayer/Binaries/Win64/UE4Editor-WindowsMoviePlayer.dll (API version 3709383).
LogPluginManager: Mounting plugin Paper2D
LogPluginManager: Mounting plugin LightPropagationVolume
LogPluginManager: Mounting plugin CodeLiteSourceCodeAccess
LogPluginManager: Mounting plugin GitSourceControl
LogPluginManager: Mounting plugin KDevelopSourceCodeAccess
LogPluginManager: Mounting plugin NullSourceCodeAccess
LogPluginManager: Mounting plugin PerforceSourceControl
LogPluginManager: Mounting plugin SubversionSourceControl
LogPluginManager: Mounting plugin UObjectPlugin
LogPluginManager: Mounting plugin VisualStudioCodeSourceCodeAccess
LogPluginManager: Mounting plugin VisualStudioSourceCodeAccess
LogPluginManager: Mounting plugin XCodeSourceCodeAccess
LogPluginManager: Mounting plugin AssetManagerEditor
LogPluginManager: Mounting plugin AudioCapture
LogPluginManager: Mounting plugin FacialAnimation
LogPluginManager: Mounting plugin GameplayTagsEditor
LogPluginManager: Mounting plugin MobileLauncherProfileWizard
LogPluginManager: Mounting plugin PluginBrowser
LogPluginManager: Mounting plugin SpeedTreeImporter
LogPluginManager: Mounting plugin AlembicImporter
LogPluginManager: Mounting plugin CharacterAI
LogPluginManager: Mounting plugin HTML5Networking
LogPluginManager: Mounting plugin AndroidMedia
LogPluginManager: Mounting plugin AvfMedia
LogPluginManager: Mounting plugin ImgMedia
LogPluginManager: Mounting plugin MediaCompositing
LogPluginManager: Mounting plugin MediaPlayerEditor
LogPluginManager: Mounting plugin WmfMedia
LogPluginManager: Mounting plugin TcpMessaging
LogPluginManager: Mounting plugin UdpMessaging
LogPluginManager: Mounting plugin ActorSequence
LogPluginManager: Mounting plugin LevelSequenceEditor
LogPluginManager: Mounting plugin MatineeToLevelSequence
LogPluginManager: Mounting plugin OnlineSubsystemGooglePlay
LogPluginManager: Mounting plugin OnlineSubsystemIOS
LogPluginManager: Mounting plugin OnlineSubsystem
LogPluginManager: Mounting plugin OnlineSubsystemNull
LogPluginManager: Mounting plugin OnlineSubsystemUtils
LogPluginManager: Mounting plugin AndroidDeviceProfileSelector
LogPluginManager: Mounting plugin AndroidMoviePlayer
LogPluginManager: Mounting plugin AndroidPermission
LogPluginManager: Mounting plugin AppleARKit
LogPluginManager: Mounting plugin AppleMoviePlayer
LogPluginManager: Mounting plugin ArchVisCharacter
LogPluginManager: Mounting plugin CableComponent
LogPluginManager: Mounting plugin CustomMeshComponent
LogPluginManager: Mounting plugin ExampleDeviceProfileSelector
LogPluginManager: Mounting plugin GoogleCloudMessaging
LogPluginManager: Mounting plugin ImmediatePhysics
LogPluginManager: Mounting plugin IOSDeviceProfileSelector
LogPluginManager: Mounting plugin LinuxDeviceProfileSelector
LogPluginManager: Mounting plugin LocationServicesBPLibrary
LogPluginManager: Mounting plugin MobilePatchingUtils
LogPluginManager: Mounting plugin OculusVR
LogPluginManager: Plugin shader directory ../../../Engine/Plugins/Runtime/Oculus/OculusVR/Shaders found
LogPluginManager: Mapping shader source directory ../../../Engine/Plugins/Runtime/Oculus/OculusVR/Shaders to virtual directory /Plugin/OculusVR
LogPluginManager: Mounting plugin PhysXVehicles
LogPluginManager: Mounting plugin ProceduralMeshComponent
LogPluginManager: Mounting plugin RuntimePhysXCooking
LogPluginManager: Mounting plugin SteamVR
LogPluginManager: Mounting plugin WindowsMoviePlayer
LogInit: Using libcurl 7.47.1
LogInit:  - built for x86_64-pc-win32
LogInit:  - supports SSL with OpenSSL/1.0.2g
LogInit:  - supports HTTP deflate (compression) using libz 1.2.8
LogInit:  - other features:
LogInit:      CURL_VERSION_SSL
LogInit:      CURL_VERSION_LIBZ
LogInit:      CURL_VERSION_IPV6
LogInit:      CURL_VERSION_ASYNCHDNS
LogInit:      CURL_VERSION_LARGEFILE
LogInit:      CURL_VERSION_IDN
LogInit:  CurlRequestOptions (configurable via config and command line):
LogInit:  - bVerifyPeer = false  - Libcurl will NOT verify peer certificate
LogInit:  - bUseHttpProxy = false  - Libcurl will NOT use HTTP proxy
LogInit:  - bDontReuseConnections = false  - Libcurl will reuse connections
LogInit:  - CertBundlePath = nullptr  - Libcurl will use whatever was configured at build time.
LogInit: Build: ++UE4+Release-4.18-CL-3832480
LogInit: Engine Version: 4.18.3-3832480+++UE4+Release-4.18
LogInit: Compatible Engine Version: 4.18.0-3709383+++UE4+Release-4.18
LogInit: Net CL: 3709383
LogDevObjectVersion: Number of dev versions registered: 16
LogDevObjectVersion:   Dev-Blueprints (B0D832E4-1F89-4F0D-ACCF-7EB736FD4AA2): 10
LogDevObjectVersion:   Dev-Build (E1C64328-A22C-4D53-A36C-8E866417BD8C): 0
LogDevObjectVersion:   Dev-Core (375EC13C-06E4-48FB-B500-84F0262A717E): 2
LogDevObjectVersion:   Dev-Editor (E4B068ED-F494-42E9-A231-DA0B2E46BB41): 20
LogDevObjectVersion:   Dev-Framework (CFFC743F-43B0-4480-9391-14DF171D2073): 30
LogDevObjectVersion:   Dev-Mobile (B02B49B5-BB20-44E9-A304-32B752E40360): 0
LogDevObjectVersion:   Dev-Networking (A4E4105C-59A1-49B5-A7C5-40C4547EDFEE): 0
LogDevObjectVersion:   Dev-Online (39C831C9-5AE6-47DC-9A44-9C173E1C8E7C): 0
LogDevObjectVersion:   Dev-Physics (78F01B33-EBEA-4F98-B9B4-84EACCB95AA2): 0
LogDevObjectVersion:   Dev-Platform (6631380F-2D4D-43E0-8009-CF276956A95A): 0
LogDevObjectVersion:   Dev-Rendering (12F88B9F-8875-4AFC-A67C-D90C383ABD29): 20
LogDevObjectVersion:   Dev-Sequencer (7B5AE74C-D270-4C10-A958-57980B212A5A): 4
LogDevObjectVersion:   Dev-VR (D7296918-1DD6-4BDD-9DE2-64A83CC13884): 0
LogDevObjectVersion:   Dev-LoadTimes (C2A15278-BFE7-4AFE-6C17-90FF531DF755): 1
LogDevObjectVersion:   Private-Geometry (6EACA3D4-40EC-4CC1-B786-8BED09428FC5): 1
LogDevObjectVersion:   Dev-AnimPhys (29E575DD-E0A3-4627-9D10-D276232CDCEA): 12
LogInit: Compiled (64-bit): Jan 12 2018 02:04:55
LogInit: Compiled with Visual C++: 19.00.24215.01
LogInit: Build Configuration: Development
LogInit: Branch Name: ++UE4+Release-4.18
LogInit: Command line:  
LogInit: Base directory: C:/Program Files/Epic Games/UE_4.18/Engine/Binaries/Win64/
LogInit: Installed Engine Build: 1
LogInit: Presizing for max 8388607 objects, including 0 objects not considered by GC, pre-allocating 0 bytes for permanent pool.
LogInit: Object subsystem initialized
[2018.04.15-10.58.31:325][  0]LogInit: Selected Device Profile: [Windows]
[2018.04.15-10.58.31:325][  0]LogInit: Applying CVar settings loaded from the selected device profile: [Windows]
[2018.04.15-10.58.31:333][  0]LogInit: Computer: GR00VY-PC
[2018.04.15-10.58.31:333][  0]LogInit: User: Gr00vy
[2018.04.15-10.58.31:333][  0]LogInit: CPU Page size=4096, Cores=4
[2018.04.15-10.58.31:333][  0]LogInit: High frequency timer resolution =3.318391 MHz
[2018.04.15-10.58.31:334][  0]LogMemory: Memory total: Physical=23.9GB (24GB approx)
[2018.04.15-10.58.31:334][  0]LogMemory: Platform Memory Stats for Windows
[2018.04.15-10.58.31:334][  0]LogMemory: Process Physical Memory: 276.04 MB used, 276.04 MB peak
[2018.04.15-10.58.31:334][  0]LogMemory: Process Virtual Memory: 271.01 MB used, 271.01 MB peak
[2018.04.15-10.58.31:334][  0]LogMemory: Physical Memory: 5915.84 MB used,  18598.50 MB free, 24514.34 MB total
[2018.04.15-10.58.31:334][  0]LogMemory: Virtual Memory: 684.05 MB used,  18598.50 MB free, 134217728.00 MB total
[2018.04.15-10.58.31:493][  0]LogInit: Using OS detected language (en-US).
[2018.04.15-10.58.31:493][  0]LogInit: Using OS detected locale (en-US).
[2018.04.15-10.58.31:496][  0]LogTextLocalizationManager: No specific localization for 'en-US' exists, so the 'en' localization will be used.
[2018.04.15-10.58.31:895][  0]LogInit: Setting process to per monitor DPI aware
[2018.04.15-10.58.32:131][  0]LogD3D11RHI: D3D11 adapters:
[2018.04.15-10.58.32:185][  0]LogD3D11RHI:    0. 'NVIDIA GeForce GTX 1070' (Feature Level 11_0)
[2018.04.15-10.58.32:185][  0]LogD3D11RHI:       8088/0/12257 MB DedicatedVideo/DedicatedSystem/SharedSystem, Outputs:1, VendorId:0x10de
[2018.04.15-10.58.32:188][  0]LogD3D11RHI:    1. 'Microsoft Basic Render Driver' (Feature Level 11_0)
[2018.04.15-10.58.32:188][  0]LogD3D11RHI:       0/0/12257 MB DedicatedVideo/DedicatedSystem/SharedSystem, Outputs:0, VendorId:0x1414
[2018.04.15-10.58.32:188][  0]LogD3D11RHI: Chosen D3D11 Adapter: 0
[2018.04.15-10.58.32:194][  0]LogD3D11RHI: Creating new Direct3DDevice
[2018.04.15-10.58.32:194][  0]LogD3D11RHI:     GPU DeviceId: 0x1b81 (for the marketing name, search the web for "GPU Device Id")
[2018.04.15-10.58.32:194][  0]LogWindows: EnumDisplayDevices:
[2018.04.15-10.58.32:194][  0]LogWindows:    0. 'NVIDIA GeForce GTX 1070' (P:1 D:1)
[2018.04.15-10.58.32:195][  0]LogWindows:    1. 'NVIDIA GeForce GTX 1070' (P:0 D:0)
[2018.04.15-10.58.32:195][  0]LogWindows:    2. 'NVIDIA GeForce GTX 1070' (P:0 D:0)
[2018.04.15-10.58.32:195][  0]LogWindows:    3. 'NVIDIA GeForce GTX 1070' (P:0 D:0)
[2018.04.15-10.58.32:195][  0]LogWindows: DebugString: GetVideoDriverDetailsInvalid PrimaryIsNotTheChoosenAdapter GetVideoDriverDetailsInvalid PrimaryIsNotTheChoosenAdapter GetVideoDriverDetailsInvalid PrimaryIsNotTheChoosenAdapter GetVideoDriverDetailsInvalid PrimaryIsNotTheChoosenAdapter FoundDriverCount:0 
[2018.04.15-10.58.32:195][  0]LogD3D11RHI:     Adapter Name: NVIDIA GeForce GTX 1070
[2018.04.15-10.58.32:195][  0]LogD3D11RHI:   Driver Version: Unknown (internal:Unknown, unified:Unknown)
[2018.04.15-10.58.32:195][  0]LogD3D11RHI:      Driver Date: Unknown
[2018.04.15-10.58.32:195][  0]LogRHI: Texture pool is 5661 MB (70% of 8088 MB)
[2018.04.15-10.58.32:228][  0]LogD3D11RHI: Async texture creation enabled
[2018.04.15-10.58.32:243][  0]LogD3D11RHI: GPU Timing Frequency: 1000.000000 (Debug: 2 2)
[2018.04.15-10.58.32:290][  0]LogShaderCompilers: Guid format shader working directory is -16 characters bigger than the processId version (../../../../../../Users/Gr00vy/NoName.HereAfter/GreyBox_Level1/Intermediate/Shaders/WorkingDirectory/10784/).
[2018.04.15-10.58.32:290][  0]LogShaderCompilers: Cleaned the shader compiler working directory 'C:/Users/Gr00vy/AppData/Local/Temp/UnrealShaderWorkingDir/59321D004FE416E4DBDACB985AD11EAB/'.
[2018.04.15-10.58.32:290][  0]LogShaderCompilers: Display: Using Local Shader Compiler.
[2018.04.15-10.58.33:206][  0]LogTemp: Display: Loaded TP AllDesktopTargetPlatform
[2018.04.15-10.58.33:262][  0]LogTemp: Display: Loaded TP MacClientTargetPlatform
[2018.04.15-10.58.33:321][  0]LogTemp: Display: Loaded TP MacNoEditorTargetPlatform
[2018.04.15-10.58.33:375][  0]LogTemp: Display: Loaded TP MacServerTargetPlatform
[2018.04.15-10.58.33:436][  0]LogTemp: Display: Loaded TP MacTargetPlatform
[2018.04.15-10.58.33:494][  0]LogTemp: Display: Loaded TP WindowsClientTargetPlatform
[2018.04.15-10.58.33:554][  0]LogTemp: Display: Loaded TP WindowsNoEditorTargetPlatform
[2018.04.15-10.58.33:609][  0]LogTemp: Display: Loaded TP WindowsServerTargetPlatform
[2018.04.15-10.58.33:661][  0]LogTemp: Display: Loaded TP WindowsTargetPlatform
[2018.04.15-10.58.33:715][  0]LogTemp: Display: Loaded TP Android_ASTCTargetPlatform
[2018.04.15-10.58.33:769][  0]LogTemp: Display: Loaded TP Android_ATCTargetPlatform
[2018.04.15-10.58.33:823][  0]LogTemp: Display: Loaded TP Android_DXTTargetPlatform
[2018.04.15-10.58.33:878][  0]LogTemp: Display: Loaded TP Android_ETC1TargetPlatform
[2018.04.15-10.58.33:932][  0]LogTemp: Display: Loaded TP Android_ETC2TargetPlatform
[2018.04.15-10.58.34:042][  0]LogTemp: Display: Loaded TP Android_MultiTargetPlatform
[2018.04.15-10.58.34:042][  0]LogTemp: Display: Loaded TP Android_PVRTCTargetPlatform
[2018.04.15-10.58.34:097][  0]LogTemp: Display: Loaded TP AndroidTargetPlatform
[2018.04.15-10.58.34:141][  0]LogTemp: Display: Loaded TP HTML5TargetPlatform
[2018.04.15-10.58.34:235][  0]LogTemp: Display: Loaded TP IOSTargetPlatform
[2018.04.15-10.58.34:263][  0]LogTemp: Display: Loaded TP TVOSTargetPlatform
[2018.04.15-10.58.34:318][  0]LogTemp: Display: Loaded TP LinuxClientTargetPlatform
[2018.04.15-10.58.34:371][  0]LogTemp: Display: Loaded TP LinuxNoEditorTargetPlatform
[2018.04.15-10.58.34:424][  0]LogTemp: Display: Loaded TP LinuxServerTargetPlatform
[2018.04.15-10.58.34:479][  0]LogTemp: Display: Loaded TP LinuxTargetPlatform
[2018.04.15-10.58.34:480][  0]LogTargetPlatformManager: Display: Building Assets For Windows
[2018.04.15-10.58.34:976][  0]LogDerivedDataCache: Display: Max Cache Size: 512 MB
[2018.04.15-10.58.35:047][  0]LogDerivedDataCache: Loaded boot cache 0.07s 90MB C:/Users/Gr00vy/AppData/Local/UnrealEngine/4.18/DerivedDataCache/Boot.ddc.
[2018.04.15-10.58.35:047][  0]LogDerivedDataCache: Display: Loaded Boot cache: C:/Users/Gr00vy/AppData/Local/UnrealEngine/4.18/DerivedDataCache/Boot.ddc
[2018.04.15-10.58.35:047][  0]LogDerivedDataCache: FDerivedDataBackendGraph:  Pak pak cache file ../../../../../../Users/Gr00vy/NoName.HereAfter/GreyBox_Level1/DerivedDataCache/DDC.ddp not found, will not use a pak cache.
[2018.04.15-10.58.35:047][  0]LogDerivedDataCache: Unable to find inner node Pak for hierarchical cache Hierarchy.
[2018.04.15-10.58.35:047][  0]LogDerivedDataCache: FDerivedDataBackendGraph:  CompressedPak pak cache file ../../../../../../Users/Gr00vy/NoName.HereAfter/GreyBox_Level1/DerivedDataCache/Compressed.ddp not found, will not use a pak cache.
[2018.04.15-10.58.35:047][  0]LogDerivedDataCache: Unable to find inner node CompressedPak for hierarchical cache Hierarchy.
[2018.04.15-10.58.35:063][  0]LogDerivedDataCache: Display: Pak cache opened for reading ../../../Engine/DerivedDataCache/Compressed.ddp.
[2018.04.15-10.58.35:075][  0]LogDerivedDataCache: Using Local data cache path C:/Users/Gr00vy/AppData/Local/UnrealEngine/Common/DerivedDataCache: Writable
[2018.04.15-10.58.35:098][  0]LogMaterial: Verifying Global Shaders for PCD3D_SM5
[2018.04.15-10.58.35:098][  0]LogSlate: Using Freetype 2.6.0
[2018.04.15-10.58.35:099][  0]LogSlate: SlateFontCache - WITH_FREETYPE: 1, WITH_HARFBUZZ: 1
[2018.04.15-10.58.35:099][  0]LogSlate: SlateFontCache - WITH_FREETYPE: 1, WITH_HARFBUZZ: 1
[2018.04.15-10.58.35:480][  0]LogInit: Selected Device Profile: [Windows]
[2018.04.15-10.58.35:852][  0]LogSimplygon: Simplygon DLL not present - disabling.
[2018.04.15-10.58.35:897][  0]LogMeshReduction: Using SimplygonSwarm for distributed automatic mesh merging
[2018.04.15-10.58.35:897][  0]LogMeshReduction: Using QuadricMeshReduction for automatic static mesh reduction
[2018.04.15-10.58.35:897][  0]LogMeshReduction: No automatic skeletal mesh reduction module available
[2018.04.15-10.58.35:897][  0]LogMeshReduction: No automatic mesh merging module available
[2018.04.15-10.58.35:897][  0]LogMeshMerging: No automatic mesh merging module available
[2018.04.15-10.58.35:922][  0]LogNetVersion: GreyBox_Level1 , NetCL: 3709383, EngineNetVer: 2, GameNetVer: 0 (Checksum: 2103691337)
[2018.04.15-10.58.36:099][  0]LogAssetRegistry: FAssetRegistry took 0.0260 seconds to start up
[2018.04.15-10.58.36:596][  0]LogPackageLocalizationCache: Processed 7 localized package path(s) for 2 prioritized culture(s) in 0.056709 seconds
[2018.04.15-10.58.36:601][  0]LogUObjectArray: 35870 objects as part of root set at end of initial load.
[2018.04.15-10.58.36:601][  0]LogUObjectAllocator: 7363704 out of 0 bytes used by permanent object pool.
[2018.04.15-10.58.36:601][  0]LogUObjectArray: CloseDisregardForGC: 0/0 objects in disregard for GC pool
[2018.04.15-10.58.36:660][  0]LogInit: WinSock: version 1.1 (2.2), MaxSocks=32767, MaxUdp=65467
[2018.04.15-10.58.39:521][  0]LogTcpMessaging: Initializing TcpMessaging bridge
[2018.04.15-10.58.39:564][  0]LogUdpMessaging: Initializing bridge on interface 0.0.0.0:0 to multicast group 230.0.0.1:6666.
[2018.04.15-10.58.40:311][  0]LogMaterial: Uniform references updated for custom material expression Custom.
[2018.04.15-10.58.40:790][  0]SourceControl: Source control is disabled
[2018.04.15-10.58.40:791][  0]SourceControl: Source control is disabled
[2018.04.15-10.58.40:846][  0]SourceControl: Source control is disabled
[2018.04.15-10.58.40:902][  0]SourceControl: Source control is disabled
[2018.04.15-10.58.41:807][  0]LogAndroidPermission: UAndroidPermissionCallbackProxy::GetInstance
[2018.04.15-10.58.42:108][  0]LogOcInput: OculusInput pre-init called
[2018.04.15-10.58.42:430][  0]LogEngine: Initializing Engine...
[2018.04.15-10.58.42:432][  0]LogHMD: Failed to initialize OpenVR with code 110
[2018.04.15-10.58.42:680][  0]LogStats: UGameplayTagsManager::ConstructGameplayTagTree: Construct from data asset -  0.000 s
[2018.04.15-10.58.42:680][  0]LogStats: UGameplayTagsManager::ConstructGameplayTagTree: GameplayTagTreeChangedEvent.Broadcast -  0.000 s
[2018.04.15-10.58.42:826][  0]LogAIModule: Creating AISystem for world Untitled
[2018.04.15-10.58.42:833][  0]LogInit: XAudio2 using 'Speakers (Realtek High Definition Audio)' : 2 channels at 48 kHz using 32 bits per sample (channel mask 0x3)
[2018.04.15-10.58.42:847][  0]LogInit: FAudioDevice initialized.
[2018.04.15-10.58.42:933][  0]LogDerivedDataCache: Saved boot cache 0.09s 90MB C:/Users/Gr00vy/AppData/Local/UnrealEngine/4.18/DerivedDataCache/Boot.ddc.
[2018.04.15-10.58.42:946][  0]LogInit: Texture streaming: Enabled
[2018.04.15-10.58.43:056][  0]LogEngineSessionManager: EngineSessionManager initialized
[2018.04.15-10.58.43:199][  0]LogInit: Transaction tracking system initialized
[2018.04.15-10.58.43:551][  0]BlueprintLog: New page: Editor Load
[2018.04.15-10.58.44:563][  0]LocalizationService: Localization service is disabled
[2018.04.15-10.58.45:680][  0]LogConsoleResponse: Display: 
[2018.04.15-10.58.45:856][  0]LogCook: Display: Max memory allowance for cook 16384mb min free memory 0mb
[2018.04.15-10.58.45:857][  0]LogCook: Display: Mobile HDR setting 1
[2018.04.15-10.58.45:857][  0]LogGameplayTags: Display: UGameplayTagsManager::DoneAddingNativeTags. DelegateIsBound: 0
[2018.04.15-10.58.47:106][  0]LogFileCache: Scanning file cache for directory 'C:/Users/Gr00vy/NoName.HereAfter/GreyBox_Level1/Content/' took 0.02s
[2018.04.15-10.58.47:158][  0]SourceControl: Source control is disabled
[2018.04.15-10.58.47:158][  0]Cmd: MAP LOAD FILE="../../../Engine/Content/Maps/Templates/Template_Default.umap" TEMPLATE=1 SHOWPROGRESS=1 FEATURELEVEL=3
[2018.04.15-10.58.47:158][  0]LightingResults: New page: Lighting Build
[2018.04.15-10.58.47:203][  0]MapCheck: New page: Map Check
[2018.04.15-10.58.47:203][  0]LightingResults: New page: Lighting Build
[2018.04.15-10.58.47:379][  0]LogAIModule: Creating AISystem for world Untitled_1
[2018.04.15-10.58.47:385][  0]LogEditorServer: Finished looking for orphan Actors (0.000 secs)
[2018.04.15-10.58.47:395][  0]Cmd: MAP CHECKDEP NOCLEARLOG
[2018.04.15-10.58.47:447][  0]MapCheck: Map check complete: 0 Error(s), 0 Warning(s), took 50.858ms to complete.
[2018.04.15-10.58.47:447][  0]LogFileHelpers: Loading map 'Template_Default' took 0.289
[2018.04.15-10.58.47:508][  0]LogWindowsTextInputMethodSystem: Display: IME system now deactivated.
[2018.04.15-10.58.47:592][  0]LogCollectionManager: Loaded 0 collections in 0.001713 seconds
[2018.04.15-10.58.47:680][  0]LogFileCache: Scanning file cache for directory 'C:/Users/Gr00vy/NoName.HereAfter/GreyBox_Level1/Saved/Collections/' took 0.01s
[2018.04.15-10.58.47:680][  0]LogFileCache: Scanning file cache for directory 'C:/Users/Gr00vy/NoName.HereAfter/GreyBox_Level1/Content/Developers/Gr00vy/Collections/' took 0.01s
[2018.04.15-10.58.47:680][  0]LogFileCache: Scanning file cache for directory 'C:/Users/Gr00vy/NoName.HereAfter/GreyBox_Level1/Content/Collections/' took 0.01s
[2018.04.15-10.58.47:680][  0]LogCollectionManager: Rebuilt the GUID cache for 0 collections in 0.000000 seconds
[2018.04.15-10.58.47:688][  0]LogContentBrowser: Native class hierarchy populated in 0.0081 seconds. Added 2363 classes and 519 folders.
[2018.04.15-10.58.47:762][  0]LogContentBrowser: Native class hierarchy updated for 'WidgetCarousel' in 0.0002 seconds. Added 0 classes and 0 folders.
[2018.04.15-10.58.47:799][  0]LogContentBrowser: Native class hierarchy updated for 'AddContentDialog' in 0.0002 seconds. Added 0 classes and 0 folders.
[2018.04.15-10.58.47:853][  0]LogContentBrowser: Native class hierarchy updated for 'SceneOutliner' in 0.0003 seconds. Added 1 classes and 2 folders.
[2018.04.15-10.58.47:913][  0]LogSlate: Took 0.000231 seconds to synchronously load lazily loaded font '../../../Engine/Content/Slate/Fonts/Roboto-Regular.ttf' (155K)
[2018.04.15-10.58.47:915][  0]LogSlate: Took 0.000333 seconds to synchronously load lazily loaded font '../../../Engine/Content/Slate/Fonts/Roboto-Bold.ttf' (160K)
[2018.04.15-10.58.47:922][  0]LogSlate: Took 0.000266 seconds to synchronously load lazily loaded font '../../../Engine/Content/Editor/Slate/Fonts/FontAwesome.ttf' (139K)
[2018.04.15-10.58.48:021][  0]LogRenderer: Reallocating scene render targets to support 1208x576 Format 9 NumSamples 1 (Frame:1).
[2018.04.15-10.58.48:182][  0]LogContentBrowser: Native class hierarchy updated for 'HierarchicalLODOutliner' in 0.0002 seconds. Added 1 classes and 2 folders.
[2018.04.15-10.58.48:182][  0]LogLoad: (Engine Initialization) Total time: 19.13 seconds
[2018.04.15-10.58.48:182][  0]LogLoad: (Engine Initialization) Total Blueprint compile time: 0.00 seconds
[2018.04.15-10.58.48:182][  0]LogExternalProfiler: Found external profiler: VSPerf
[2018.04.15-10.58.48:182][  0]LogExternalProfiler: Using external profiler: VSPerf
[2018.04.15-10.58.48:222][  0]LogContentStreaming: Texture pool size now 800 MB
[2018.04.15-10.58.48:264][  1]LogFileCache: Retrieving MD5 hashes for directory 'C:/Users/Gr00vy/NoName.HereAfter/GreyBox_Level1/Content/' took 0.06s
[2018.04.15-10.58.48:274][  1]LogAssetRegistry: Asset discovery search completed in 12.1969 seconds
[2018.04.15-10.58.48:276][  1]LogCollectionManager: Rebuilt the object cache for 0 collections in 0.000000 seconds (found 0 objects)
[2018.04.15-10.58.48:276][  1]LogCollectionManager: Fixed up redirectors for 0 collections in 0.000048 seconds (updated 0 objects)
[2018.04.15-10.58.50:074][206]LogSlate: Took 0.000200 seconds to synchronously load lazily loaded font '../../../Engine/Content/Slate/Fonts/Roboto-Light.ttf' (159K)
[2018.04.15-10.58.58:733][233]LogSlate: Took 0.000199 seconds to synchronously load lazily loaded font '../../../Engine/Content/Slate/Fonts/Roboto-Light.ttf' (159K)
[2018.04.15-10.58.59:120][233]LogAIModule: Creating AISystem for world ThreeLevels
[2018.04.15-10.58.59:133][233]LogMaterial: Warning: Material /Game/ForestSet/Materials/M_TreeBark01.M_TreeBark01 needed to have new flag set bUsedWithInstancedStaticMeshes !
[2018.04.15-10.58.59:135][233]LogMaterial: Missing cached shader map for material M_TreeBark01, compiling. 
[2018.04.15-10.58.59:220][233]MapCheck: Warning: M_TreeBark01 Material /Game/ForestSet/Materials/M_TreeBark01.M_TreeBark01 was missing the usage flag bUsedWithInstancedStaticMeshes. If the material asset is not re-saved, it may not render correctly when run outside the editor. Fix
[2018.04.15-10.58.59:253][233]Cmd: MAP LOAD FILE="../../../../../../Users/Gr00vy/NoName.HereAfter/GreyBox_Level1/Content/Maps/ThreeLevels.umap" TEMPLATE=0 SHOWPROGRESS=1 FEATURELEVEL=3
[2018.04.15-10.58.59:253][233]LightingResults: New page: Lighting Build
[2018.04.15-10.58.59:254][233]LoadErrors: New page: Loading map: ThreeLevels.umap
[2018.04.15-10.58.59:254][233]MapCheck: New page: Map Check
[2018.04.15-10.58.59:254][233]LightingResults: New page: Lighting Build
[2018.04.15-10.58.59:386][233]LogEditorServer: Finished looking for orphan Actors (0.000 secs)
[2018.04.15-10.58.59:424][233]Cmd: MAP CHECKDEP NOCLEARLOG
[2018.04.15-10.58.59:507][233]MapCheck: Map check complete: 0 Error(s), 0 Warning(s), took 83.196ms to complete.
[2018.04.15-10.58.59:508][233]LogFileHelpers: Loading map 'ThreeLevels' took 0.256
[2018.04.15-10.58.59:576][235]LogRenderer: Reallocating scene render targets to support 1920x1080 Format 10 NumSamples 1 (Frame:1).
[2018.04.15-10.59.00:611][253]LogEditorViewport: Clicking on Actor (LMB): InstancedFoliageActor (InstancedFoliageActor2)
[2018.04.15-10.59.01:647][273]LogEditorViewport: Clicking on Actor (LMB): Landscape (Landscape1)
[2018.04.15-10.59.06:100][353]LogActorFactory: Actor Factory created Cube
[2018.04.15-10.59.07:261][460]LogActorFactory: Actor Factory created Cube
[2018.04.15-11.00.17:347][817]LogEditorViewport: Clicking on Actor (LMB): StaticMeshActor (Cube)
[2018.04.15-11.00.18:582][837]LogEditorViewport: Clicking on Actor (LMB): Landscape (Landscape1)
[2018.04.15-11.00.19:685][857]LogEditorViewport: Clicking on Actor (LMB): StaticMeshActor (Cube)
[2018.04.15-11.00.25:533][971]LogLinker: Warning: Can't find file '/Game/Rendering/Water_Nick_Fake'
[2018.04.15-11.00.25:533][971]LogLinker: Warning: Can't find file for asset '/Game/Rendering/Water_Nick_Fake' while loading ../../../../../../Users/Gr00vy/NoName.HereAfter/GreyBox_Level1/Content/ForestSet/Materials/wATER_Nick_Fake_inst.uasset.
[2018.04.15-11.00.25:533][971]LoadErrors: Error: /Game/ForestSet/Materials/wATER_Nick_Fake_inst : Can't find file for asset. /Game/Rendering/Water_Nick_Fake
[2018.04.15-11.00.25:533][971]LogLinker: Warning: Can't find file '/Game/Assets/Textures/T_Water2_N'
[2018.04.15-11.00.25:533][971]LogLinker: Warning: Can't find file for asset '/Game/Assets/Textures/T_Water2_N' while loading ../../../../../../Users/Gr00vy/NoName.HereAfter/GreyBox_Level1/Content/ForestSet/Materials/wATER_Nick_Fake_inst.uasset.
[2018.04.15-11.00.25:533][971]LoadErrors: Error: /Game/ForestSet/Materials/wATER_Nick_Fake_inst : Can't find file for asset. /Game/Assets/Textures/T_Water2_N
[2018.04.15-11.00.25:533][971]LogLinker: Warning: Can't find file '/Game/Rendering/Water_Nick_Fake'
[2018.04.15-11.00.25:534][971]LogLinker: Warning: Can't find file for asset '/Game/Rendering/Water_Nick_Fake' while loading ../../../../../../Users/Gr00vy/NoName.HereAfter/GreyBox_Level1/Content/ForestSet/Materials/wATER_Nick_Fake_inst.uasset.
[2018.04.15-11.00.25:534][971]LogLinker: Warning: Can't find file '/Game/Assets/Textures/T_Water2_N'
[2018.04.15-11.00.25:534][971]LogLinker: Warning: Can't find file for asset '/Game/Assets/Textures/T_Water2_N' while loading ../../../../../../Users/Gr00vy/NoName.HereAfter/GreyBox_Level1/Content/ForestSet/Materials/wATER_Nick_Fake_inst.uasset.
[2018.04.15-11.00.25:534][971]LogLinker: Warning: Can't find file '/Game/Rendering/Water_Nick_Fake'
[2018.04.15-11.00.25:534][971]LoadErrors: Failed to load /Game/Rendering/Water_Nick_Fake.Water_Nick_Fake Referenced by wATER_Nick_Fake_inst
[2018.04.15-11.00.25:534][971]LogLinker: Warning: Can't find file for asset '/Game/Rendering/Water_Nick_Fake' while loading NULL.
[2018.04.15-11.00.25:535][971]LogLinker: Warning: Can't find file '/Game/Assets/Textures/T_Water2_N'
[2018.04.15-11.00.25:535][971]LoadErrors: Failed to load /Game/Assets/Textures/T_Water2_N.T_Water2_N Referenced by wATER_Nick_Fake_inst
[2018.04.15-11.00.25:535][971]LogLinker: Warning: Can't find file for asset '/Game/Assets/Textures/T_Water2_N' while loading NULL.
[2018.04.15-11.00.46:603][434]LogEditorViewport: Clicking on Actor (LMB): StaticMeshActor (Lake)
[2018.04.15-11.00.48:359][468]LogEditorViewport: Clicking on Actor (LMB): StaticMeshActor (Lake)
[2018.04.15-11.00.51:096][520]Cmd: OBJ SAVEPACKAGE PACKAGE="/Game/Maps/ThreeLevels" FILE="../../../../../../Users/Gr00vy/NoName.HereAfter/GreyBox_Level1/Content/Maps/ThreeLevels.umap" SILENT=true AUTOSAVING=false KEEPDIRTY=false
[2018.04.15-11.00.51:812][520]LogSavePackage: Save=687.82ms
[2018.04.15-11.00.51:812][520]LogSavePackage: Moving '../../../../../../Users/Gr00vy/NoName.HereAfter/GreyBox_Level1/Saved/ThreeLevelsF1EBBA414DCFC0C005733F8C942DDC27.tmp' to '../../../../../../Users/Gr00vy/NoName.HereAfter/GreyBox_Level1/Content/Maps/ThreeLevels.umap'
[2018.04.15-11.00.51:815][520]LogSavePackage: Display: Finished SavePackage ../../../../../../Users/Gr00vy/NoName.HereAfter/GreyBox_Level1/Content/Maps/ThreeLevels.umap
[2018.04.15-11.00.51:840][520]Cmd: OBJ SAVEPACKAGE PACKAGE="/Game/Maps/ThreeLevels_BuiltData" FILE="../../../../../../Users/Gr00vy/NoName.HereAfter/GreyBox_Level1/Content/Maps/ThreeLevels_BuiltData.uasset" SILENT=true
[2018.04.15-11.00.52:035][520]LogSavePackage: Save=184.32ms
[2018.04.15-11.00.52:035][520]LogSavePackage: Moving '../../../../../../Users/Gr00vy/NoName.HereAfter/GreyBox_Level1/Saved/ThreeLevels_BuiltData862FBC954252CC020D517080030FCFC6.tmp' to '../../../../../../Users/Gr00vy/NoName.HereAfter/GreyBox_Level1/Content/Maps/ThreeLevels_BuiltData.uasset'
[2018.04.15-11.00.52:036][520]LogSavePackage: Display: Finished SavePackage ../../../../../../Users/Gr00vy/NoName.HereAfter/GreyBox_Level1/Content/Maps/ThreeLevels_BuiltData.uasset
[2018.04.15-11.00.57:998][178]MapCheck: New page: Map Check
[2018.04.15-11.00.58:013][178]Cmd: MAP REBUILD ALLVISIBLE
[2018.04.15-11.00.58:014][178]LogEditorServer: Rebuildmap Clear paths rebuilt
[2018.04.15-11.00.58:158][178]LogMaterial: Missing cached shader map for material FDebugViewModeMaterialProxy WorldGridMaterial, compiling. Is special engine material.
[2018.04.15-11.00.58:165][178]LogMaterial: Missing cached shader map for material FDebugViewModeMaterialProxy MaterialInstanceDynamic_2, compiling. 
[2018.04.15-11.00.58:171][178]LogMaterial: Missing cached shader map for material FDebugViewModeMaterialProxy door_frame_mat, compiling. 
[2018.04.15-11.00.58:176][178]LogMaterial: Missing cached shader map for material FDebugViewModeMaterialProxy Portal2_RT_Mat, compiling. 
[2018.04.15-11.00.58:181][178]LogMaterial: Missing cached shader map for material FDebugViewModeMaterialProxy M_Rocks01, compiling. 
[2018.04.15-11.00.58:189][178]LogMaterial: Missing cached shader map for material FDebugViewModeMaterialProxy M_Flower02, compiling. 
[2018.04.15-11.00.58:199][178]LogMaterial: Missing cached shader map for material FDebugViewModeMaterialProxy lambert1, compiling. 
[2018.04.15-11.00.58:206][178]LogMaterial: Missing cached shader map for material FDebugViewModeMaterialProxy LandscapeGizmo_Mat, compiling. 
[2018.04.15-11.00.58:214][178]LogMaterial: Missing cached shader map for material FDebugViewModeMaterialProxy M_TreeBark01, compiling. 
[2018.04.15-11.00.58:222][178]LogMaterial: Missing cached shader map for material FDebugViewModeMaterialProxy M_TreeLeaves01, compiling. 
[2018.04.15-11.00.59:014][178]TextureStreamingBuild: Display: Compiling optional shaders took 0.863 seconds.
[2018.04.15-11.00.59:016][178]LogLevel: Display: Export Material TexCoord Scales took 0.002 seconds.
[2018.04.15-11.00.59:022][178]TextureStreamingBuild: Display: Build Texture Streaming took 0.006 seconds.
[2018.04.15-11.00.59:036][178]LightingResults: New page: Lighting Build - Apr 16, 2018, 7:00:59 AM
[2018.04.15-11.00.59:102][178]LightingResults: Warning: InstancedFoliageActor_2 The total lightmap size for this InstancedStaticMeshComponent was too big and it was automatically reduced. Consider reducing the component's lightmap resolution or number of mesh instances in this component
[2018.04.15-11.00.59:102][178]LightingResults: Warning: InstancedFoliageActor_2 The total lightmap size for this InstancedStaticMeshComponent is large, consider reducing the component's lightmap resolution or number of mesh instances in this component
[2018.04.15-11.00.59:103][178]LightingResults: Warning: InstancedFoliageActor_2 The total lightmap size for this InstancedStaticMeshComponent is large, consider reducing the component's lightmap resolution or number of mesh instances in this component
[2018.04.15-11.00.59:112][178]LightingResults: Warning: InstancedFoliageActor_2 The total lightmap size for this InstancedStaticMeshComponent is large, consider reducing the component's lightmap resolution or number of mesh instances in this component
[2018.04.15-11.00.59:130][178]LightingResults: Warning: InstancedFoliageActor_2 The total lightmap size for this InstancedStaticMeshComponent was too big and it was automatically reduced. Consider reducing the component's lightmap resolution or number of mesh instances in this component
[2018.04.15-11.00.59:130][178]LightingResults: Warning: InstancedFoliageActor_2 The total lightmap size for this InstancedStaticMeshComponent is large, consider reducing the component's lightmap resolution or number of mesh instances in this component
[2018.04.15-11.00.59:131][178]LightingResults: Warning: InstancedFoliageActor_2 The total lightmap size for this InstancedStaticMeshComponent was too big and it was automatically reduced. Consider reducing the component's lightmap resolution or number of mesh instances in this component
[2018.04.15-11.00.59:131][178]LightingResults: Warning: InstancedFoliageActor_2 The total lightmap size for this InstancedStaticMeshComponent is large, consider reducing the component's lightmap resolution or number of mesh instances in this component
[2018.04.15-11.00.59:166][178]LogSwarmInterface: [OpenConnection] Registering TCP channel ...
[2018.04.15-11.00.59:233][178]LogSwarmInterface: [OpenConnection] Connecting to agent ...
[2018.04.15-11.00.59:243][178]LogSwarmInterface: [TryOpenConnection] Testing the Agent
[2018.04.15-11.00.59:752][178]LogSwarmInterface: [TryOpenConnection] Opening Connection to Agent
[2018.04.15-11.00.59:752][178]LogSwarmInterface: [TryOpenConnection] Local Process ID is 10784
[2018.04.15-11.01.02:752][178]LightingResults: Warning: No importance volume found and the scene is so large that the automatically synthesized volume will not yield good results.  Please add a tightly bounding lightmass importance volume to optimize your scene's quality and lighting build times.
[2018.04.15-11.01.03:058][178]LogStaticLightingSystem: Running Lightmass w/ ImmediateImport mode ENABLED
[2018.04.15-11.01.03:058][178]LogStaticLightingSystem: Running Lightmass w/ ImmediateProcess mode ENABLED
[2018.04.15-11.01.03:058][178]LogStaticLightingSystem: Running Lightmass w/ Sorting mode ENABLED
[2018.04.15-11.01.03:058][178]LogStaticLightingSystem: Running Lightmass w/ Mapping paddings ENABLED
[2018.04.15-11.01.03:058][178]LogStaticLightingSystem: Running Lightmass w/ Mapping debug paddings DISABLED
[2018.04.15-11.01.03:632][178]Cmd: MAP CHECK DONTDISPLAYDIALOG
[2018.04.15-11.01.03:632][178]MapCheck: New page: ThreeLevels - Apr 16, 2018, 7:01:03 AM
[2018.04.15-11.01.03:633][178]MapCheck: Error: WorldSettings Maps need lighting rebuilt 
[2018.04.15-11.01.03:702][178]MapCheck: Map check complete: 1 Error(s), 0 Warning(s), took 70.327ms to complete.
[2018.04.15-11.01.03:724][178]LogEditorBuildUtils: Build time 0:05
[2018.04.15-11.01.03:751][178]LogMaterial: Missing cached shader map for material FLightmassMaterialRenderer M_Rocks01, compiling. 
[2018.04.15-11.01.03:758][178]LogMaterial: Missing cached shader map for material FLightmassMaterialRenderer M_Rocks01, compiling. 
[2018.04.15-11.01.03:817][179]LogMaterial: Missing cached shader map for material FLightmassMaterialRenderer M_Flower02, compiling. 
[2018.04.15-11.01.03:825][179]LogMaterial: Missing cached shader map for material FLightmassMaterialRenderer M_Flower02, compiling. 
[2018.04.15-11.01.03:834][179]LogMaterial: Missing cached shader map for material FLightmassMaterialRenderer M_Flower02, compiling. 
[2018.04.15-11.01.04:094][181]LogMaterial: Missing cached shader map for material FLightmassMaterialRenderer lambert1, compiling. 
[2018.04.15-11.01.04:103][181]LogMaterial: Missing cached shader map for material FLightmassMaterialRenderer lambert1, compiling. 
[2018.04.15-11.01.04:127][182]LogMaterial: Missing cached shader map for material FLightmassMaterialRenderer LandscapeMaterialInstanceConstant_65, compiling. 
[2018.04.15-11.01.04:136][182]LogMaterial: Missing cached shader map for material FLightmassMaterialRenderer LandscapeMaterialInstanceConstant_65, compiling. 
[2018.04.15-11.01.04:460][195]LogMaterial: Missing cached shader map for material FLightmassMaterialRenderer LandscapeMaterialInstanceConstant_102, compiling. 
[2018.04.15-11.01.04:468][195]LogMaterial: Missing cached shader map for material FLightmassMaterialRenderer LandscapeMaterialInstanceConstant_102, compiling. 
[2018.04.15-11.01.05:077][207]LogMaterial: Missing cached shader map for material FLightmassMaterialRenderer LandscapeMaterialInstanceConstant_124, compiling. 
[2018.04.15-11.01.05:086][207]LogMaterial: Missing cached shader map for material FLightmassMaterialRenderer LandscapeMaterialInstanceConstant_124, compiling. 
[2018.04.15-11.01.05:418][212]LogMaterial: Missing cached shader map for material FLightmassMaterialRenderer M_TreeBark01, compiling. 
[2018.04.15-11.01.05:429][212]LogMaterial: Missing cached shader map for material FLightmassMaterialRenderer M_TreeBark01, compiling. 
[2018.04.15-11.01.05:486][213]LogMaterial: Missing cached shader map for material FLightmassMaterialRenderer M_TreeLeaves01, compiling. 
[2018.04.15-11.01.05:495][213]LogMaterial: Missing cached shader map for material FLightmassMaterialRenderer M_TreeLeaves01, compiling. 
[2018.04.15-11.01.05:505][213]LogMaterial: Missing cached shader map for material FLightmassMaterialRenderer M_TreeLeaves01, compiling. 
[2018.04.15-11.01.37:082][471]LogStaticLightingSystem: Warning: Failed to build lighting!!! Lighting build canceled.
[2018.04.15-11.01.37:773][471]Job has failed! Job is closed while Tasks are still PENDING
[2018.04.15-11.01.37:783][471]DumpUnbuiltLightIteractions
[2018.04.15-11.01.37:783][471]Lights with unbuilt interactions: 2
[2018.04.15-11.01.37:783][471]    Light DirectionalLight_1
[2018.04.15-11.01.37:783][471]    Light SpotLight_1
[2018.04.15-11.01.37:783][471]
[2018.04.15-11.01.37:783][471]Primitives with unbuilt interactions: 90
[2018.04.15-11.01.37:783][471]    Primitive FoliageInstancedStaticMeshComponent /Game/Maps/ThreeLevels.ThreeLevels:PersistentLevel.InstancedFoliageActor_2.FoliageInstancedStaticMeshComponent_40
[2018.04.15-11.01.37:783][471]    Primitive FoliageInstancedStaticMeshComponent /Game/Maps/ThreeLevels.ThreeLevels:PersistentLevel.InstancedFoliageActor_2.FoliageInstancedStaticMeshComponent_39
[2018.04.15-11.01.37:783][471]    Primitive FoliageInstancedStaticMeshComponent /Game/Maps/ThreeLevels.ThreeLevels:PersistentLevel.InstancedFoliageActor_2.FoliageInstancedStaticMeshComponent_15
[2018.04.15-11.01.37:783][471]    Primitive FoliageInstancedStaticMeshComponent /Game/Maps/ThreeLevels.ThreeLevels:PersistentLevel.InstancedFoliageActor_2.FoliageInstancedStaticMeshComponent_38
[2018.04.15-11.01.37:783][471]    Primitive FoliageInstancedStaticMeshComponent /Game/Maps/ThreeLevels.ThreeLevels:PersistentLevel.InstancedFoliageActor_2.FoliageInstancedStaticMeshComponent_37
[2018.04.15-11.01.37:783][471]    Primitive FoliageInstancedStaticMeshComponent /Game/Maps/ThreeLevels.ThreeLevels:PersistentLevel.InstancedFoliageActor_2.FoliageInstancedStaticMeshComponent_36
[2018.04.15-11.01.37:783][471]    Primitive FoliageInstancedStaticMeshComponent /Game/Maps/ThreeLevels.ThreeLevels:PersistentLevel.InstancedFoliageActor_2.FoliageInstancedStaticMeshComponent_35
[2018.04.15-11.01.37:783][471]    Primitive FoliageInstancedStaticMeshComponent /Game/Maps/ThreeLevels.ThreeLevels:PersistentLevel.InstancedFoliageActor_2.FoliageInstancedStaticMeshComponent_34
[2018.04.15-11.01.37:783][471]    Primitive FoliageInstancedStaticMeshComponent /Game/Maps/ThreeLevels.ThreeLevels:PersistentLevel.InstancedFoliageActor_2.FoliageInstancedStaticMeshComponent_28
[2018.04.15-11.01.37:783][471]    Primitive FoliageInstancedStaticMeshComponent /Game/Maps/ThreeLevels.ThreeLevels:PersistentLevel.InstancedFoliageActor_2.FoliageInstancedStaticMeshComponent_24
[2018.04.15-11.01.37:783][471]    Primitive StaticMeshComponent /Game/Maps/ThreeLevels.ThreeLevels:PersistentLevel.SM_Grass3_180.StaticMeshComponent0
[2018.04.15-11.01.37:783][471]    Primitive StaticMeshComponent /Game/Maps/ThreeLevels.ThreeLevels:PersistentLevel.SM_Grass03_186.StaticMeshComponent0
[2018.04.15-11.01.37:783][471]    Primitive StaticMeshComponent /Game/Maps/ThreeLevels.ThreeLevels:PersistentLevel.SM_Grass02_177.StaticMeshComponent0
[2018.04.15-11.01.37:783][471]    Primitive StaticMeshComponent /Game/Maps/ThreeLevels.ThreeLevels:PersistentLevel.SM_Flower3_171.StaticMeshComponent0
[2018.04.15-11.01.37:783][471]    Primitive StaticMeshComponent /Game/Maps/ThreeLevels.ThreeLevels:PersistentLevel.SM_Flower02_168.StaticMeshComponent0
[2018.04.15-11.01.37:783][471]    Primitive LandscapeComponent /Game/Maps/ThreeLevels.ThreeLevels:PersistentLevel.Landscape_1.LandscapeComponent_9
[2018.04.15-11.01.37:783][471]    Primitive LandscapeComponent /Game/Maps/ThreeLevels.ThreeLevels:PersistentLevel.Landscape_1.LandscapeComponent_8
[2018.04.15-11.01.37:783][471]    Primitive LandscapeComponent /Game/Maps/ThreeLevels.ThreeLevels:PersistentLevel.Landscape_1.LandscapeComponent_7
[2018.04.15-11.01.37:783][471]    Primitive LandscapeComponent /Game/Maps/ThreeLevels.ThreeLevels:PersistentLevel.Landscape_1.LandscapeComponent_63
[2018.04.15-11.01.37:783][471]    Primitive LandscapeComponent /Game/Maps/ThreeLevels.ThreeLevels:PersistentLevel.Landscape_1.LandscapeComponent_62
[2018.04.15-11.01.37:783][471]    Primitive LandscapeComponent /Game/Maps/ThreeLevels.ThreeLevels:PersistentLevel.Landscape_1.LandscapeComponent_61
[2018.04.15-11.01.37:783][471]    Primitive LandscapeComponent /Game/Maps/ThreeLevels.ThreeLevels:PersistentLevel.Landscape_1.LandscapeComponent_60
[2018.04.15-11.01.37:783][471]    Primitive LandscapeComponent /Game/Maps/ThreeLevels.ThreeLevels:PersistentLevel.Landscape_1.LandscapeComponent_6
[2018.04.15-11.01.37:783][471]    Primitive LandscapeComponent /Game/Maps/ThreeLevels.ThreeLevels:PersistentLevel.Landscape_1.LandscapeComponent_58
[2018.04.15-11.01.37:783][471]    Primitive LandscapeComponent /Game/Maps/ThreeLevels.ThreeLevels:PersistentLevel.Landscape_1.LandscapeComponent_57
[2018.04.15-11.01.37:783][471]    Primitive LandscapeComponent /Game/Maps/ThreeLevels.ThreeLevels:PersistentLevel.Landscape_1.LandscapeComponent_56
[2018.04.15-11.01.37:784][471]    Primitive LandscapeComponent /Game/Maps/ThreeLevels.ThreeLevels:PersistentLevel.Landscape_1.LandscapeComponent_55
[2018.04.15-11.01.37:784][471]    Primitive LandscapeComponent /Game/Maps/ThreeLevels.ThreeLevels:PersistentLevel.Landscape_1.LandscapeComponent_54
[2018.04.15-11.01.37:784][471]    Primitive LandscapeComponent /Game/Maps/ThreeLevels.ThreeLevels:PersistentLevel.Landscape_1.LandscapeComponent_53
[2018.04.15-11.01.37:784][471]    Primitive LandscapeComponent /Game/Maps/ThreeLevels.ThreeLevels:PersistentLevel.Landscape_1.LandscapeComponent_52
[2018.04.15-11.01.37:784][471]    Primitive LandscapeComponent /Game/Maps/ThreeLevels.ThreeLevels:PersistentLevel.Landscape_1.LandscapeComponent_51
[2018.04.15-11.01.37:784][471]    Primitive LandscapeComponent /Game/Maps/ThreeLevels.ThreeLevels:PersistentLevel.Landscape_1.LandscapeComponent_50
[2018.04.15-11.01.37:784][471]    Primitive LandscapeComponent /Game/Maps/ThreeLevels.ThreeLevels:PersistentLevel.Landscape_1.LandscapeComponent_5
[2018.04.15-11.01.37:784][471]    Primitive LandscapeComponent /Game/Maps/ThreeLevels.ThreeLevels:PersistentLevel.Landscape_1.LandscapeComponent_49
[2018.04.15-11.01.37:784][471]    Primitive LandscapeComponent /Game/Maps/ThreeLevels.ThreeLevels:PersistentLevel.Landscape_1.LandscapeComponent_48
[2018.04.15-11.01.37:784][471]    Primitive LandscapeComponent /Game/Maps/ThreeLevels.ThreeLevels:PersistentLevel.Landscape_1.LandscapeComponent_47
[2018.04.15-11.01.37:784][471]    Primitive LandscapeComponent /Game/Maps/ThreeLevels.ThreeLevels:PersistentLevel.Landscape_1.LandscapeComponent_44
[2018.04.15-11.01.37:784][471]    Primitive LandscapeComponent /Game/Maps/ThreeLevels.ThreeLevels:PersistentLevel.Landscape_1.LandscapeComponent_43
[2018.04.15-11.01.37:784][471]    Primitive LandscapeComponent /Game/Maps/ThreeLevels.ThreeLevels:PersistentLevel.Landscape_1.LandscapeComponent_42
[2018.04.15-11.01.37:784][471]    Primitive LandscapeComponent /Game/Maps/ThreeLevels.ThreeLevels:PersistentLevel.Landscape_1.LandscapeComponent_41
[2018.04.15-11.01.37:784][471]    Primitive LandscapeComponent /Game/Maps/ThreeLevels.ThreeLevels:PersistentLevel.Landscape_1.LandscapeComponent_40
[2018.04.15-11.01.37:784][471]    Primitive LandscapeComponent /Game/Maps/ThreeLevels.ThreeLevels:PersistentLevel.Landscape_1.LandscapeComponent_4
[2018.04.15-11.01.37:784][471]    Primitive LandscapeComponent /Game/Maps/ThreeLevels.ThreeLevels:PersistentLevel.Landscape_1.LandscapeComponent_39
[2018.04.15-11.01.37:784][471]    Primitive LandscapeComponent /Game/Maps/ThreeLevels.ThreeLevels:PersistentLevel.Landscape_1.LandscapeComponent_36
[2018.04.15-11.01.37:784][471]    Primitive LandscapeComponent /Game/Maps/ThreeLevels.ThreeLevels:PersistentLevel.Landscape_1.LandscapeComponent_35
[2018.04.15-11.01.37:784][471]    Primitive LandscapeComponent /Game/Maps/ThreeLevels.ThreeLevels:PersistentLevel.Landscape_1.LandscapeComponent_34
[2018.04.15-11.01.37:784][471]    Primitive LandscapeComponent /Game/Maps/ThreeLevels.ThreeLevels:PersistentLevel.Landscape_1.LandscapeComponent_33
[2018.04.15-11.01.37:784][471]    Primitive LandscapeComponent /Game/Maps/ThreeLevels.ThreeLevels:PersistentLevel.Landscape_1.LandscapeComponent_32
[2018.04.15-11.01.37:784][471]    Primitive LandscapeComponent /Game/Maps/ThreeLevels.ThreeLevels:PersistentLevel.Landscape_1.LandscapeComponent_31
[2018.04.15-11.01.37:784][471]    Primitive LandscapeComponent /Game/Maps/ThreeLevels.ThreeLevels:PersistentLevel.Landscape_1.LandscapeComponent_30
[2018.04.15-11.01.37:784][471]    Primitive LandscapeComponent /Game/Maps/ThreeLevels.ThreeLevels:PersistentLevel.Landscape_1.LandscapeComponent_3
[2018.04.15-11.01.37:784][471]    Primitive LandscapeComponent /Game/Maps/ThreeLevels.ThreeLevels:PersistentLevel.Landscape_1.LandscapeComponent_29
[2018.04.15-11.01.37:784][471]    Primitive LandscapeComponent /Game/Maps/ThreeLevels.ThreeLevels:PersistentLevel.Landscape_1.LandscapeComponent_28
[2018.04.15-11.01.37:784][471]    Primitive LandscapeComponent /Game/Maps/ThreeLevels.ThreeLevels:PersistentLevel.Landscape_1.LandscapeComponent_27
[2018.04.15-11.01.37:784][471]    Primitive LandscapeComponent /Game/Maps/ThreeLevels.ThreeLevels:PersistentLevel.Landscape_1.LandscapeComponent_26
[2018.04.15-11.01.37:784][471]    Primitive LandscapeComponent /Game/Maps/ThreeLevels.ThreeLevels:PersistentLevel.Landscape_1.LandscapeComponent_25
[2018.04.15-11.01.37:784][471]    Primitive LandscapeComponent /Game/Maps/ThreeLevels.ThreeLevels:PersistentLevel.Landscape_1.LandscapeComponent_24
[2018.04.15-11.01.37:784][471]    Primitive LandscapeComponent /Game/Maps/ThreeLevels.ThreeLevels:PersistentLevel.Landscape_1.LandscapeComponent_23
[2018.04.15-11.01.37:784][471]    Primitive LandscapeComponent /Game/Maps/ThreeLevels.ThreeLevels:PersistentLevel.Landscape_1.LandscapeComponent_22
[2018.04.15-11.01.37:784][471]    Primitive LandscapeComponent /Game/Maps/ThreeLevels.ThreeLevels:PersistentLevel.Landscape_1.LandscapeComponent_21
[2018.04.15-11.01.37:784][471]    Primitive LandscapeComponent /Game/Maps/ThreeLevels.ThreeLevels:PersistentLevel.Landscape_1.LandscapeComponent_20
[2018.04.15-11.01.37:784][471]    Primitive LandscapeComponent /Game/Maps/ThreeLevels.ThreeLevels:PersistentLevel.Landscape_1.LandscapeComponent_2
[2018.04.15-11.01.37:784][471]    Primitive LandscapeComponent /Game/Maps/ThreeLevels.ThreeLevels:PersistentLevel.Landscape_1.LandscapeComponent_19
[2018.04.15-11.01.37:784][471]    Primitive LandscapeComponent /Game/Maps/ThreeLevels.ThreeLevels:PersistentLevel.Landscape_1.LandscapeComponent_18
[2018.04.15-11.01.37:784][471]    Primitive LandscapeComponent /Game/Maps/ThreeLevels.ThreeLevels:PersistentLevel.Landscape_1.LandscapeComponent_17
[2018.04.15-11.01.37:784][471]    Primitive LandscapeComponent /Game/Maps/ThreeLevels.ThreeLevels:PersistentLevel.Landscape_1.LandscapeComponent_16
[2018.04.15-11.01.37:784][471]    Primitive LandscapeComponent /Game/Maps/ThreeLevels.ThreeLevels:PersistentLevel.Landscape_1.LandscapeComponent_15
[2018.04.15-11.01.37:784][471]    Primitive LandscapeComponent /Game/Maps/ThreeLevels.ThreeLevels:PersistentLevel.Landscape_1.LandscapeComponent_14
[2018.04.15-11.01.37:784][471]    Primitive LandscapeComponent /Game/Maps/ThreeLevels.ThreeLevels:PersistentLevel.Landscape_1.LandscapeComponent_13
[2018.04.15-11.01.37:784][471]    Primitive LandscapeComponent /Game/Maps/ThreeLevels.ThreeLevels:PersistentLevel.Landscape_1.LandscapeComponent_12
[2018.04.15-11.01.37:784][471]    Primitive LandscapeComponent /Game/Maps/ThreeLevels.ThreeLevels:PersistentLevel.Landscape_1.LandscapeComponent_11
[2018.04.15-11.01.37:784][471]    Primitive LandscapeComponent /Game/Maps/ThreeLevels.ThreeLevels:PersistentLevel.Landscape_1.LandscapeComponent_10
[2018.04.15-11.01.37:784][471]    Primitive LandscapeComponent /Game/Maps/ThreeLevels.ThreeLevels:PersistentLevel.Landscape_1.LandscapeComponent_1
[2018.04.15-11.01.37:784][471]    Primitive LandscapeComponent /Game/Maps/ThreeLevels.ThreeLevels:PersistentLevel.Landscape_1.LandscapeComponent_0
[2018.04.15-11.01.37:784][471]    Primitive StaticMeshComponent /Game/Maps/ThreeLevels.ThreeLevels:PersistentLevel.Hallway_15.StaticMeshComponent0
[2018.04.15-11.01.37:784][471]    Primitive LandscapeComponent /Game/Maps/ThreeLevels.ThreeLevels:PersistentLevel.Landscape_1.LandscapeComponent_59
[2018.04.15-11.01.37:784][471]    Primitive LandscapeComponent /Game/Maps/ThreeLevels.ThreeLevels:PersistentLevel.Landscape_1.LandscapeComponent_46
[2018.04.15-11.01.37:784][471]    Primitive LandscapeComponent /Game/Maps/ThreeLevels.ThreeLevels:PersistentLevel.Landscape_1.LandscapeComponent_45
[2018.04.15-11.01.37:784][471]    Primitive LandscapeComponent /Game/Maps/ThreeLevels.ThreeLevels:PersistentLevel.Landscape_1.LandscapeComponent_38
[2018.04.15-11.01.37:784][471]    Primitive LandscapeComponent /Game/Maps/ThreeLevels.ThreeLevels:PersistentLevel.Landscape_1.LandscapeComponent_37
[2018.04.15-11.01.37:784][471]    Primitive FoliageInstancedStaticMeshComponent /Game/Maps/ThreeLevels.ThreeLevels:PersistentLevel.InstancedFoliageActor_2.FoliageInstancedStaticMeshComponent_7
[2018.04.15-11.01.37:784][471]    Primitive FoliageInstancedStaticMeshComponent /Game/Maps/ThreeLevels.ThreeLevels:PersistentLevel.InstancedFoliageActor_2.FoliageInstancedStaticMeshComponent_6
[2018.04.15-11.01.37:784][471]    Primitive FoliageInstancedStaticMeshComponent /Game/Maps/ThreeLevels.ThreeLevels:PersistentLevel.InstancedFoliageActor_2.FoliageInstancedStaticMeshComponent_3
[2018.04.15-11.01.37:784][471]    Primitive FoliageInstancedStaticMeshComponent /Game/Maps/ThreeLevels.ThreeLevels:PersistentLevel.InstancedFoliageActor_2.FoliageInstancedStaticMeshComponent_2
[2018.04.15-11.01.37:784][471]    Primitive FoliageInstancedStaticMeshComponent /Game/Maps/ThreeLevels.ThreeLevels:PersistentLevel.InstancedFoliageActor_2.FoliageInstancedStaticMeshComponent_1
[2018.04.15-11.01.37:784][471]    Primitive StaticMeshComponent /Game/Maps/ThreeLevels.ThreeLevels:PersistentLevel.SM_Rock7_147.StaticMeshComponent0
[2018.04.15-11.01.37:784][471]    Primitive StaticMeshComponent /Game/Maps/ThreeLevels.ThreeLevels:PersistentLevel.SM_Rock6_144.StaticMeshComponent0
[2018.04.15-11.01.37:784][471]    Primitive StaticMeshComponent /Game/Maps/ThreeLevels.ThreeLevels:PersistentLevel.SM_Rock05_141.StaticMeshComponent0
[2018.04.15-11.01.37:784][471]    Primitive StaticMeshComponent /Game/Maps/ThreeLevels.ThreeLevels:PersistentLevel.SM_Rock01_2.StaticMeshComponent0
[2018.04.15-11.01.37:784][471]    Primitive StaticMeshComponent /Game/Maps/ThreeLevels.ThreeLevels:PersistentLevel.Lake.StaticMeshComponent0
[2018.04.15-11.01.37:826][472]Cmd: MAP CHECK NOTIFYRESULTS
[2018.04.15-11.01.37:827][472]MapCheck: New page: ThreeLevels - Apr 16, 2018, 7:01:37 AM
[2018.04.15-11.01.37:827][472]MapCheck: Error: WorldSettings Maps need lighting rebuilt 
[2018.04.15-11.01.37:898][472]MapCheck: Map check complete: 1 Error(s), 0 Warning(s), took 71.231ms to complete.
[2018.04.15-11.01.46:055][627]Cmd: OBJ SAVEPACKAGE PACKAGE="/Game/Maps/ThreeLevels" FILE="../../../../../../Users/Gr00vy/NoName.HereAfter/GreyBox_Level1/Content/Maps/ThreeLevels.umap" SILENT=true AUTOSAVING=false KEEPDIRTY=false
[2018.04.15-11.01.46:755][627]LogSavePackage: Save=681.22ms
[2018.04.15-11.01.46:755][627]LogSavePackage: Moving '../../../../../../Users/Gr00vy/NoName.HereAfter/GreyBox_Level1/Saved/ThreeLevelsA14747B84E146D1B8F7F9085A48FE253.tmp' to '../../../../../../Users/Gr00vy/NoName.HereAfter/GreyBox_Level1/Content/Maps/ThreeLevels.umap'
[2018.04.15-11.01.46:758][627]LogSavePackage: Display: Finished SavePackage ../../../../../../Users/Gr00vy/NoName.HereAfter/GreyBox_Level1/Content/Maps/ThreeLevels.umap
[2018.04.15-11.01.46:799][627]Cmd: OBJ SAVEPACKAGE PACKAGE="/Game/Maps/ThreeLevels_BuiltData" FILE="../../../../../../Users/Gr00vy/NoName.HereAfter/GreyBox_Level1/Content/Maps/ThreeLevels_BuiltData.uasset" SILENT=true
[2018.04.15-11.01.46:953][627]LogSavePackage: Save=146.48ms
[2018.04.15-11.01.46:953][627]LogSavePackage: Moving '../../../../../../Users/Gr00vy/NoName.HereAfter/GreyBox_Level1/Saved/ThreeLevels_BuiltData0EC3AC334B644D63A6251EAEC95462D5.tmp' to '../../../../../../Users/Gr00vy/NoName.HereAfter/GreyBox_Level1/Content/Maps/ThreeLevels_BuiltData.uasset'
[2018.04.15-11.01.46:955][627]LogSavePackage: Display: Finished SavePackage ../../../../../../Users/Gr00vy/NoName.HereAfter/GreyBox_Level1/Content/Maps/ThreeLevels_BuiltData.uasset
[2018.04.15-11.01.55:889][796]LogWindowsTextInputMethodSystem: Display: IME system now deactivated.
[2018.04.15-11.01.56:044][797]Cmd: QUIT_EDITOR
[2018.04.15-11.01.56:070][797]LogExit: Preparing to exit.
[2018.04.15-11.01.56:624][797]LogDirectoryWatcher: A directory notification for 'C:/Users/Gr00vy/NoName.HereAfter/GreyBox_Level1/Content/' was aborted.
[2018.04.15-11.01.56:642][797]LogExit: Editor shut down
[2018.04.15-11.01.56:645][797]LogExit: Transaction tracking system shut down
[2018.04.15-11.01.56:822][797]LogDirectoryWatcher: A directory notification for '../../../Engine/Content/' was aborted.
[2018.04.15-11.01.56:822][797]LogDirectoryWatcher: A directory notification for '../../../../../../Users/Gr00vy/NoName.HereAfter/GreyBox_Level1/Content/' was aborted.
[2018.04.15-11.01.56:823][797]LogDirectoryWatcher: A directory notification for '../../../Engine/Plugins/2D/Paper2D/Content/' was aborted.
[2018.04.15-11.01.56:823][797]LogDirectoryWatcher: A directory notification for '../../../Engine/Plugins/Media/MediaCompositing/Content/' was aborted.
[2018.04.15-11.01.56:823][797]LogDirectoryWatcher: A directory notification for '../../../Engine/Plugins/Runtime/AppleARKit/Content/' was aborted.
[2018.04.15-11.01.56:823][797]LogDirectoryWatcher: A directory notification for '../../../Engine/Plugins/Runtime/Oculus/OculusVR/Content/' was aborted.
[2018.04.15-11.01.56:823][797]LogDirectoryWatcher: A directory notification for '../../../Engine/Plugins/Runtime/Steam/SteamVR/Content/' was aborted.
[2018.04.15-11.01.56:869][797]LogExit: Object subsystem successfully closed.
[2018.04.15-11.01.56:894][797]LogD3D11RHI: Shutdown
[2018.04.15-11.01.56:894][797]LogD3D11RHI: CleanupD3DDevice
[2018.04.15-11.01.56:897][797]LogD3D11RHI: ~FD3D11DynamicRHI
[2018.04.15-11.01.56:914][797]LogModuleManager: Shutting down and abandoning module HierarchicalLODOutliner (550)
[2018.04.15-11.01.56:914][797]LogModuleManager: Shutting down and abandoning module SceneOutliner (548)
[2018.04.15-11.01.56:914][797]LogModuleManager: Shutting down and abandoning module AddContentDialog (546)
[2018.04.15-11.01.56:914][797]LogDirectoryWatcher: A directory notification for 'C:/Program Files/Epic Games/UE_4.18/FeaturePacks/' was aborted.
[2018.04.15-11.01.56:915][797]LogModuleManager: Shutting down and abandoning module WidgetCarousel (545)
[2018.04.15-11.01.56:915][797]LogModuleManager: Shutting down and abandoning module EditorWidgets (542)
[2018.04.15-11.01.56:915][797]LogModuleManager: Shutting down and abandoning module CollectionManager (540)
[2018.04.15-11.01.56:915][797]LogDirectoryWatcher: A directory notification for 'C:/Users/Gr00vy/NoName.HereAfter/GreyBox_Level1/Content/Collections/' was aborted.
[2018.04.15-11.01.56:915][797]LogDirectoryWatcher: A directory notification for 'C:/Users/Gr00vy/NoName.HereAfter/GreyBox_Level1/Content/Developers/Gr00vy/Collections/' was aborted.
[2018.04.15-11.01.56:915][797]LogDirectoryWatcher: A directory notification for 'C:/Users/Gr00vy/NoName.HereAfter/GreyBox_Level1/Saved/Collections/' was aborted.
[2018.04.15-11.01.56:915][797]LogModuleManager: Shutting down and abandoning module HierarchicalLODUtilities (538)
[2018.04.15-11.01.56:915][797]LogModuleManager: Shutting down and abandoning module StatsViewer (536)
[2018.04.15-11.01.56:915][797]LogModuleManager: Shutting down and abandoning module FoliageEdit (534)
[2018.04.15-11.01.56:915][797]LogModuleManager: Shutting down and abandoning module LandscapeEditor (532)
[2018.04.15-11.01.56:916][797]LogModuleManager: Shutting down and abandoning module MeshPaintMode (530)
[2018.04.15-11.01.56:916][797]LogModuleManager: Shutting down and abandoning module SceneDepthPickerMode (528)
[2018.04.15-11.01.56:916][797]LogModuleManager: Shutting down and abandoning module ActorPickerMode (526)
[2018.04.15-11.01.56:916][797]LogModuleManager: Shutting down and abandoning module GeometryMode (524)
[2018.04.15-11.01.56:916][797]LogModuleManager: Shutting down and abandoning module TextureAlignMode (522)
[2018.04.15-11.01.56:916][797]LogModuleManager: Shutting down and abandoning module BspMode (520)
[2018.04.15-11.01.56:916][797]LogModuleManager: Shutting down and abandoning module PIEPreviewDeviceProfileSelector (518)
[2018.04.15-11.01.56:916][797]LogModuleManager: Shutting down and abandoning module HardwareSurvey (516)
[2018.04.15-11.01.56:916][797]LogModuleManager: Shutting down and abandoning module SequenceRecorderSections (514)
[2018.04.15-11.01.56:916][797]LogModuleManager: Shutting down and abandoning module AutomationWorker (512)
[2018.04.15-11.01.56:916][797]LogModuleManager: Shutting down and abandoning module MatineeToLevelSequence (510)
[2018.04.15-11.01.56:916][797]LogModuleManager: Shutting down and abandoning module LevelSequenceEditor (508)
[2018.04.15-11.01.56:916][797]LogModuleManager: Shutting down and abandoning module PlacementMode (507)
[2018.04.15-11.01.56:916][797]LogModuleManager: Shutting down and abandoning module WmfMediaFactory (504)
[2018.04.15-11.01.56:916][797]LogModuleManager: Shutting down and abandoning module WmfMediaEditor (502)
[2018.04.15-11.01.56:916][797]LogModuleManager: Shutting down and abandoning module OpenExrWrapper (500)
[2018.04.15-11.01.56:916][797]LogModuleManager: Shutting down and abandoning module ImgMediaFactory (498)
[2018.04.15-11.01.56:916][797]LogModuleManager: Shutting down and abandoning module ImgMediaEditor (496)
[2018.04.15-11.01.56:916][797]LogModuleManager: Shutting down and abandoning module AvfMediaFactory (494)
[2018.04.15-11.01.56:916][797]LogModuleManager: Shutting down and abandoning module AvfMediaEditor (492)
[2018.04.15-11.01.56:916][797]LogModuleManager: Shutting down and abandoning module AndroidMediaFactory (490)
[2018.04.15-11.01.56:916][797]LogModuleManager: Shutting down and abandoning module AndroidMediaEditor (488)
[2018.04.15-11.01.56:916][797]LogModuleManager: Shutting down and abandoning module CharacterAI (486)
[2018.04.15-11.01.56:916][797]LogModuleManager: Shutting down and abandoning module AudioCapture (484)
[2018.04.15-11.01.56:916][797]LogModuleManager: Shutting down and abandoning module SequenceRecorder (483)
[2018.04.15-11.01.56:916][797]LogModuleManager: Shutting down and abandoning module SmartSnapping (480)
[2018.04.15-11.01.56:916][797]LogModuleManager: Shutting down and abandoning module SessionServices (478)
[2018.04.15-11.01.56:916][797]LogModuleManager: Shutting down and abandoning module ViewportSnapping (476)
[2018.04.15-11.01.56:916][797]LogModuleManager: Shutting down and abandoning module ViewportInteraction (474)
[2018.04.15-11.01.56:916][797]LogModuleManager: Shutting down and abandoning module ClothPainter (472)
[2018.04.15-11.01.56:916][797]LogModuleManager: Shutting down and abandoning module SkeletalMeshEditor (471)
[2018.04.15-11.01.56:916][797]LogModuleManager: Shutting down and abandoning module LogVisualizer (468)
[2018.04.15-11.01.56:916][797]LogModuleManager: Shutting down and abandoning module IntroTutorials (466)
[2018.04.15-11.01.56:916][797]LogModuleManager: Shutting down and abandoning module GameProjectGeneration (465)
[2018.04.15-11.01.56:916][797]LogModuleManager: Shutting down and abandoning module IOSPlatformEditor (462)
[2018.04.15-11.01.56:916][797]LogModuleManager: Shutting down and abandoning module HTML5PlatformEditor (460)
[2018.04.15-11.01.56:916][797]LogModuleManager: Shutting down and abandoning module AndroidPlatformEditor (458)
[2018.04.15-11.01.56:916][797]LogModuleManager: Shutting down and abandoning module AndroidDeviceDetection (457)
[2018.04.15-11.01.57:029][797]LogModuleManager: Shutting down and abandoning module WindowsPlatformEditor (454)
[2018.04.15-11.01.57:029][797]LogModuleManager: Shutting down and abandoning module IOSRuntimeSettings (452)
[2018.04.15-11.01.57:029][797]LogModuleManager: Shutting down and abandoning module AndroidRuntimeSettings (450)
[2018.04.15-11.01.57:029][797]LogModuleManager: Shutting down and abandoning module InputBindingEditor (448)
[2018.04.15-11.01.57:029][797]LogModuleManager: Shutting down and abandoning module MergeActors (446)
[2018.04.15-11.01.57:029][797]LogModuleManager: Shutting down and abandoning module SizeMap (444)
[2018.04.15-11.01.57:029][797]LogModuleManager: Shutting down and abandoning module TreeMap (442)
[2018.04.15-11.01.57:029][797]LogModuleManager: Shutting down and abandoning module ReferenceViewer (440)
[2018.04.15-11.01.57:029][797]LogModuleManager: Shutting down and abandoning module LocalizationDashboard (438)
[2018.04.15-11.01.57:029][797]LogModuleManager: Shutting down and abandoning module LocalizationService (437)
[2018.04.15-11.01.57:029][797]LogModuleManager: Shutting down and abandoning module HardwareTargeting (434)
[2018.04.15-11.01.57:029][797]LogModuleManager: Shutting down and abandoning module DeviceProfileEditor (432)
[2018.04.15-11.01.57:029][797]LogModuleManager: Shutting down and abandoning module UndoHistory (430)
[2018.04.15-11.01.57:029][797]LogModuleManager: Shutting down and abandoning module XmlParser (428)
[2018.04.15-11.01.57:029][797]LogModuleManager: Shutting down and abandoning module Blutility (426)
[2018.04.15-11.01.57:029][797]LogModuleManager: Shutting down and abandoning module ProjectSettingsViewer (424)
[2018.04.15-11.01.57:029][797]LogModuleManager: Shutting down and abandoning module ProjectTargetPlatformEditor (423)
[2018.04.15-11.01.57:029][797]LogModuleManager: Shutting down and abandoning module EditorSettingsViewer (420)
[2018.04.15-11.01.57:029][797]LogModuleManager: Shutting down and abandoning module SettingsEditor (418)
[2018.04.15-11.01.57:029][797]LogModuleManager: Shutting down and abandoning module ProjectLauncher (416)
[2018.04.15-11.01.57:029][797]LogModuleManager: Shutting down and abandoning module SessionFrontend (414)
[2018.04.15-11.01.57:030][797]LogModuleManager: Shutting down and abandoning module ProfilerClient (412)
[2018.04.15-11.01.57:030][797]LogModuleManager: Shutting down and abandoning module DeviceManager (410)
[2018.04.15-11.01.57:030][797]LogModuleManager: Shutting down and abandoning module TargetDeviceServices (409)
[2018.04.15-11.01.57:093][797]LogModuleManager: Shutting down and abandoning module AutomationController (406)
[2018.04.15-11.01.57:093][797]LogModuleManager: Shutting down and abandoning module AutomationWindow (404)
[2018.04.15-11.01.57:093][797]LogModuleManager: Shutting down and abandoning module Layers (402)
[2018.04.15-11.01.57:093][797]LogModuleManager: Shutting down and abandoning module ComponentVisualizers (400)
[2018.04.15-11.01.57:093][797]LogModuleManager: Shutting down and abandoning module DetailCustomizations (398)
[2018.04.15-11.01.57:093][797]LogModuleManager: Shutting down and abandoning module PackagesDialog (396)
[2018.04.15-11.01.57:093][797]LogModuleManager: Shutting down and abandoning module Persona (394)
[2018.04.15-11.01.57:093][797]LogModuleManager: Shutting down and abandoning module AdvancedPreviewScene (393)
[2018.04.15-11.01.57:093][797]LogModuleManager: Shutting down and abandoning module AnimGraph (391)
[2018.04.15-11.01.57:093][797]LogModuleManager: Shutting down and abandoning module Kismet (388)
[2018.04.15-11.01.57:094][797]LogModuleManager: Shutting down and abandoning module ClassViewer (386)
[2018.04.15-11.01.57:094][797]LogModuleManager: Shutting down and abandoning module Toolbox (384)
[2018.04.15-11.01.57:094][797]LogModuleManager: Shutting down and abandoning module ModuleUI (382)
[2018.04.15-11.01.57:094][797]LogModuleManager: Shutting down and abandoning module MovieSceneTools (380)
[2018.04.15-11.01.57:094][797]LogModuleManager: Shutting down and abandoning module OutputLog (378)
[2018.04.15-11.01.57:094][797]LogModuleManager: Shutting down and abandoning module GammaUI (376)
[2018.04.15-11.01.57:094][797]LogModuleManager: Shutting down and abandoning module Documentation (374)
[2018.04.15-11.01.57:094][797]LogModuleManager: Shutting down and abandoning module MovieSceneTracks (372)
[2018.04.15-11.01.57:094][797]LogModuleManager: Shutting down and abandoning module MovieScene (370)
[2018.04.15-11.01.57:094][797]LogModuleManager: Shutting down and abandoning module StreamingPauseRendering (368)
[2018.04.15-11.01.57:094][797]LogModuleManager: Shutting down and abandoning module LauncherPlatform (366)
[2018.04.15-11.01.57:094][797]LogModuleManager: Shutting down and abandoning module AnalyticsET (364)
[2018.04.15-11.01.57:094][797]LogModuleManager: Shutting down and abandoning module PortalServices (362)
[2018.04.15-11.01.57:094][797]LogModuleManager: Shutting down and abandoning module PortalRpc (360)
[2018.04.15-11.01.57:094][797]LogModuleManager: Shutting down and abandoning module MessagingRpc (358)
[2018.04.15-11.01.57:094][797]LogModuleManager: Shutting down and abandoning module AIModule (356)
[2018.04.15-11.01.57:094][797]LogModuleManager: Shutting down and abandoning module GameplayDebugger (355)
[2018.04.15-11.01.57:094][797]LogModuleManager: Shutting down and abandoning module AITestSuite (353)
[2018.04.15-11.01.57:094][797]LogModuleManager: Shutting down and abandoning module DesktopPlatform (350)
[2018.04.15-11.01.57:094][797]LogModuleManager: Shutting down and abandoning module ProfilerService (348)
[2018.04.15-11.01.57:208][797]LogModuleManager: Shutting down and abandoning module TaskGraph (346)
[2018.04.15-11.01.57:208][797]LogModuleManager: Shutting down and abandoning module SteamVRController (344)
[2018.04.15-11.01.57:208][797]LogModuleManager: Shutting down and abandoning module ProceduralMeshComponentEditor (342)
[2018.04.15-11.01.57:208][797]LogModuleManager: Shutting down and abandoning module ProceduralMeshComponent (340)
[2018.04.15-11.01.57:208][797]LogModuleManager: Shutting down and abandoning module OculusInput (338)
[2018.04.15-11.01.57:208][797]LogModuleManager: Shutting down and abandoning module MobilePatchingUtils (336)
[2018.04.15-11.01.57:208][797]LogModuleManager: Shutting down and abandoning module CustomMeshComponent (334)
[2018.04.15-11.01.57:208][797]LogModuleManager: Shutting down and abandoning module CableComponent (332)
[2018.04.15-11.01.57:208][797]LogModuleManager: Shutting down and abandoning module ArchVisCharacter (330)
[2018.04.15-11.01.57:208][797]LogModuleManager: Shutting down and abandoning module AndroidPermission (328)
[2018.04.15-11.01.57:208][797]LogModuleManager: Shutting down and abandoning module ActorSequence (324)
[2018.04.15-11.01.57:208][797]LogModuleManager: Shutting down and abandoning module MediaPlayerEditor (322)
[2018.04.15-11.01.57:208][797]LogModuleManager: Shutting down and abandoning module MediaCompositingEditor (320)
[2018.04.15-11.01.57:208][797]LogModuleManager: Shutting down and abandoning module MediaCompositing (318)
[2018.04.15-11.01.57:208][797]LogModuleManager: Shutting down and abandoning module HTML5Networking (316)
[2018.04.15-11.01.57:208][797]LogModuleManager: Shutting down and abandoning module AlembicImporter (314)
[2018.04.15-11.01.57:208][797]LogModuleManager: Shutting down and abandoning module AlembicLibrary (313)
[2018.04.15-11.01.57:208][797]LogModuleManager: Shutting down and abandoning module GeometryCache (312)
[2018.04.15-11.01.57:208][797]LogModuleManager: Shutting down and abandoning module GeometryCacheEd (311)
[2018.04.15-11.01.57:208][797]LogModuleManager: Shutting down and abandoning module SpeedTreeImporter (306)
[2018.04.15-11.01.57:208][797]LogModuleManager: Shutting down and abandoning module PluginBrowser (304)
[2018.04.15-11.01.57:208][797]LogModuleManager: Shutting down and abandoning module MobileLauncherProfileWizard (302)
[2018.04.15-11.01.57:208][797]LogModuleManager: Shutting down and abandoning module VisualStudioSourceCodeAccess (300)
[2018.04.15-11.01.57:208][797]LogModuleManager: Shutting down and abandoning module VisualStudioCodeSourceCodeAccess (298)
[2018.04.15-11.01.57:208][797]LogModuleManager: Shutting down and abandoning module UObjectPlugin (296)
[2018.04.15-11.01.57:208][797]LogModuleManager: Shutting down and abandoning module SubversionSourceControl (294)
[2018.04.15-11.01.57:208][797]LogModuleManager: Shutting down and abandoning module PerforceSourceControl (292)
[2018.04.15-11.01.57:208][797]LogModuleManager: Shutting down and abandoning module GitSourceControl (290)
[2018.04.15-11.01.57:208][797]LogModuleManager: Shutting down and abandoning module SourceControl (289)
[2018.04.15-11.01.57:209][797]LogModuleManager: Shutting down and abandoning module LightPropagationVolumeEditor (286)
[2018.04.15-11.01.57:209][797]LogModuleManager: Shutting down and abandoning module PaperTiledImporter (284)
[2018.04.15-11.01.57:209][797]LogModuleManager: Shutting down and abandoning module PaperSpriteSheetImporter (282)
[2018.04.15-11.01.57:209][797]LogModuleManager: Shutting down and abandoning module Paper2DEditor (280)
[2018.04.15-11.01.57:209][797]LogModuleManager: Shutting down and abandoning module MeshPaint (279)
[2018.04.15-11.01.57:209][797]LogModuleManager: Shutting down and abandoning module LevelEditor (277)
[2018.04.15-11.01.57:210][797]LogModuleManager: Shutting down and abandoning module PixelInspectorModule (276)
[2018.04.15-11.01.57:210][797]LogModuleManager: Shutting down and abandoning module MainFrame (274)
[2018.04.15-11.01.57:210][797]LogModuleManager: Shutting down and abandoning module HotReload (273)
[2018.04.15-11.01.57:210][797]LogModuleManager: Shutting down and abandoning module RuntimePhysXCooking (268)
[2018.04.15-11.01.57:210][797]LogModuleManager: Shutting down and abandoning module PhysXVehiclesEditor (266)
[2018.04.15-11.01.57:210][797]LogModuleManager: Shutting down and abandoning module PhysXVehicles (264)
[2018.04.15-11.01.57:210][797]LogModuleManager: Shutting down and abandoning module OculusEditor (262)
[2018.04.15-11.01.57:210][797]LogModuleManager: Shutting down and abandoning module LocationServicesBPLibrary (260)
[2018.04.15-11.01.57:210][797]LogModuleManager: Shutting down and abandoning module ImmediatePhysicsEditor (258)
[2018.04.15-11.01.57:210][797]LogModuleManager: Shutting down and abandoning module ImmediatePhysics (256)
[2018.04.15-11.01.57:210][797]LogModuleManager: Shutting down and abandoning module UdpMessaging (254)
[2018.04.15-11.01.57:312][797]LogModuleManager: Shutting down and abandoning module TcpMessaging (252)
[2018.04.15-11.01.57:564][797]LogModuleManager: Shutting down and abandoning module GameplayTagsEditor (250)
[2018.04.15-11.01.57:564][797]LogModuleManager: Shutting down and abandoning module FacialAnimationEditor (248)
[2018.04.15-11.01.57:564][797]LogModuleManager: Shutting down and abandoning module FacialAnimation (246)
[2018.04.15-11.01.57:564][797]LogModuleManager: Shutting down and abandoning module AssetManagerEditor (244)
[2018.04.15-11.01.57:564][797]LogModuleManager: Shutting down and abandoning module GraphEditor (243)
[2018.04.15-11.01.57:564][797]LogModuleManager: Shutting down and abandoning module ContentBrowser (241)
[2018.04.15-11.01.57:566][797]LogModuleManager: Shutting down and abandoning module LightPropagationVolumeRuntime (238)
[2018.04.15-11.01.57:566][797]LogModuleManager: Shutting down and abandoning module Paper2D (236)
[2018.04.15-11.01.57:566][797]LogModuleManager: Shutting down and abandoning module WindowsMoviePlayer (234)
[2018.04.15-11.01.57:566][797]LogModuleManager: Shutting down and abandoning module WmfMedia (232)
[2018.04.15-11.01.57:568][797]LogModuleManager: Shutting down and abandoning module ImgMedia (230)
[2018.04.15-11.01.57:568][797]LogModuleManager: Shutting down and abandoning module PacketHandler (228)
[2018.04.15-11.01.57:568][797]LogModuleManager: Shutting down and abandoning module ClothingSystemEditor (226)
[2018.04.15-11.01.57:568][797]LogModuleManager: Shutting down and abandoning module ClothingSystemRuntime (224)
[2018.04.15-11.01.57:568][797]LogModuleManager: Shutting down and abandoning module MediaAssets (222)
[2018.04.15-11.01.57:568][797]LogModuleManager: Shutting down and abandoning module Media (221)
[2018.04.15-11.01.57:574][797]LogModuleManager: Shutting down and abandoning module Overlay (218)
[2018.04.15-11.01.57:574][797]LogModuleManager: Shutting down and abandoning module OverlayEditor (217)
[2018.04.15-11.01.57:574][797]LogModuleManager: Shutting down and abandoning module VREditor (214)
[2018.04.15-11.01.57:574][797]LogModuleManager: Shutting down and abandoning module StringTableEditor (212)
[2018.04.15-11.01.57:574][797]LogModuleManager: Shutting down and abandoning module GameplayTasksEditor (210)
[2018.04.15-11.01.57:574][797]LogModuleManager: Shutting down and abandoning module BehaviorTreeEditor (208)
[2018.04.15-11.01.57:575][797]LogModuleManager: Shutting down and abandoning module FunctionalTesting (206)
[2018.04.15-11.01.57:575][797]LogModuleManager: Shutting down and abandoning module CollisionAnalyzer (204)
[2018.04.15-11.01.57:575][797]LogModuleManager: Shutting down and abandoning module WorkspaceMenuStructure (203)
[2018.04.15-11.01.57:575][797]LogModuleManager: Shutting down and abandoning module UMG (200)
[2018.04.15-11.01.57:575][797]LogModuleManager: Shutting down and abandoning module UMGEditor (199)
[2018.04.15-11.01.57:575][797]LogModuleManager: Shutting down and abandoning module Sequencer (198)
[2018.04.15-11.01.57:575][797]LogModuleManager: Shutting down and abandoning module MessageLog (195)
[2018.04.15-11.01.57:575][797]LogModuleManager: Shutting down and abandoning module SlateReflector (190)
[2018.04.15-11.01.57:575][797]LogModuleManager: Shutting down and abandoning module Slate (188)
[2018.04.15-11.01.57:575][797]LogModuleManager: Shutting down and abandoning module EditorStyle (186)
[2018.04.15-11.01.57:577][797]LogModuleManager: Shutting down and abandoning module MRMesh (184)
[2018.04.15-11.01.57:578][797]LogModuleManager: Shutting down and abandoning module SourceCodeAccess (182)
[2018.04.15-11.01.57:578][797]LogModuleManager: Shutting down and abandoning module HeadMountedDisplay (180)
[2018.04.15-11.01.57:578][797]LogModuleManager: Shutting down and abandoning module XAudio2 (178)
[2018.04.15-11.01.57:578][797]LogModuleManager: Shutting down and abandoning module Networking (176)
[2018.04.15-11.01.57:578][797]LogModuleManager: Shutting down and abandoning module Core (172)
[2018.04.15-11.01.57:578][797]LogModuleManager: Shutting down and abandoning module LevelSequence (168)
[2018.04.15-11.01.57:578][797]LogModuleManager: Shutting down and abandoning module DirectoryWatcher (166)
[2018.04.15-11.01.57:578][797]LogModuleManager: Shutting down and abandoning module KismetCompiler (164)
[2018.04.15-11.01.57:578][797]LogModuleManager: Shutting down and abandoning module MeshUtilities (162)
[2018.04.15-11.01.57:578][797]LogModuleManager: Shutting down and abandoning module MeshMergeUtilities (161)
[2018.04.15-11.01.57:578][797]LogModuleManager: Shutting down and abandoning module MeshReductionInterface (160)
[2018.04.15-11.01.57:578][797]LogModuleManager: Shutting down and abandoning module SimplygonSwarm (159)
[2018.04.15-11.01.57:578][797]LogModuleManager: Shutting down and abandoning module SimplygonMeshReduction (157)
[2018.04.15-11.01.57:578][797]LogModuleManager: Shutting down and abandoning module QuadricMeshReduction (155)
[2018.04.15-11.01.57:578][797]LogModuleManager: Shutting down and abandoning module MaterialBaking (151)
[2018.04.15-11.01.57:578][797]LogModuleManager: Shutting down and abandoning module DerivedDataCache (148)
[2018.04.15-11.01.57:665][797]LogDerivedDataCache: Shutdown
[2018.04.15-11.01.57:665][797]LogModuleManager: Shutting down and abandoning module TargetPlatform (146)
[2018.04.15-11.01.57:665][797]LogModuleManager: Shutting down and abandoning module VulkanShaderFormat (145)
[2018.04.15-11.01.57:665][797]LogModuleManager: Shutting down and abandoning module ShaderFormatVectorVM (143)
[2018.04.15-11.01.57:665][797]LogModuleManager: Shutting down and abandoning module ShaderFormatOpenGL (141)
[2018.04.15-11.01.57:665][797]LogModuleManager: Shutting down and abandoning module ShaderFormatD3D (139)
[2018.04.15-11.01.57:665][797]LogModuleManager: Shutting down and abandoning module MetalShaderFormat (137)
[2018.04.15-11.01.57:665][797]LogModuleManager: Shutting down and abandoning module TextureFormatUncompressed (135)
[2018.04.15-11.01.57:665][797]LogModuleManager: Shutting down and abandoning module TextureFormatPVR (133)
[2018.04.15-11.01.57:665][797]LogModuleManager: Shutting down and abandoning module TextureFormatDXT (131)
[2018.04.15-11.01.57:665][797]LogModuleManager: Shutting down and abandoning module TextureFormatIntelISPCTexComp (129)
[2018.04.15-11.01.57:665][797]LogModuleManager: Shutting down and abandoning module TextureFormatASTC (127)
[2018.04.15-11.01.57:665][797]LogModuleManager: Shutting down and abandoning module ImageWrapper (126)
[2018.04.15-11.01.57:665][797]LogModuleManager: Shutting down and abandoning module TextureFormatAndroid (123)
[2018.04.15-11.01.57:665][797]LogModuleManager: Shutting down and abandoning module AudioFormatOpus (121)
[2018.04.15-11.01.57:665][797]LogModuleManager: Shutting down and abandoning module AudioFormatOgg (119)
[2018.04.15-11.01.57:665][797]LogModuleManager: Shutting down and abandoning module AudioFormatADPCM (117)
[2018.04.15-11.01.57:665][797]LogModuleManager: Shutting down and abandoning module LinuxTargetPlatform (115)
[2018.04.15-11.01.57:665][797]LogModuleManager: Shutting down and abandoning module LinuxServerTargetPlatform (113)
[2018.04.15-11.01.57:665][797]LogModuleManager: Shutting down and abandoning module LinuxNoEditorTargetPlatform (111)
[2018.04.15-11.01.57:665][797]LogModuleManager: Shutting down and abandoning module LinuxClientTargetPlatform (109)
[2018.04.15-11.01.57:665][797]LogModuleManager: Shutting down and abandoning module TVOSTargetPlatform (107)
[2018.04.15-11.01.57:665][797]LogModuleManager: Shutting down and abandoning module Messaging (105)
[2018.04.15-11.01.57:666][797]LogModuleManager: Shutting down and abandoning module IOSTargetPlatform (103)
[2018.04.15-11.01.57:666][797]LogModuleManager: Shutting down and abandoning module HTML5TargetPlatform (101)
[2018.04.15-11.01.57:666][797]LogModuleManager: Shutting down and abandoning module AndroidTargetPlatform (99)
[2018.04.15-11.01.57:666][797]LogModuleManager: Shutting down and abandoning module Android_PVRTCTargetPlatform (97)
[2018.04.15-11.01.57:666][797]LogModuleManager: Shutting down and abandoning module Android_MultiTargetPlatform (95)
[2018.04.15-11.01.57:666][797]LogModuleManager: Shutting down and abandoning module Android_ETC2TargetPlatform (93)
[2018.04.15-11.01.57:666][797]LogModuleManager: Shutting down and abandoning module Android_ETC1TargetPlatform (91)
[2018.04.15-11.01.57:666][797]LogModuleManager: Shutting down and abandoning module Android_DXTTargetPlatform (89)
[2018.04.15-11.01.57:666][797]LogModuleManager: Shutting down and abandoning module Android_ATCTargetPlatform (87)
[2018.04.15-11.01.57:666][797]LogModuleManager: Shutting down and abandoning module Android_ASTCTargetPlatform (85)
[2018.04.15-11.01.57:666][797]LogModuleManager: Shutting down and abandoning module WindowsTargetPlatform (83)
[2018.04.15-11.01.57:666][797]LogModuleManager: Shutting down and abandoning module WindowsServerTargetPlatform (81)
[2018.04.15-11.01.57:666][797]LogModuleManager: Shutting down and abandoning module WindowsNoEditorTargetPlatform (79)
[2018.04.15-11.01.57:666][797]LogModuleManager: Shutting down and abandoning module WindowsClientTargetPlatform (77)
[2018.04.15-11.01.57:666][797]LogModuleManager: Shutting down and abandoning module MacTargetPlatform (75)
[2018.04.15-11.01.57:666][797]LogModuleManager: Shutting down and abandoning module MacServerTargetPlatform (73)
[2018.04.15-11.01.57:666][797]LogModuleManager: Shutting down and abandoning module MacNoEditorTargetPlatform (71)
[2018.04.15-11.01.57:666][797]LogModuleManager: Shutting down and abandoning module MacClientTargetPlatform (69)
[2018.04.15-11.01.57:666][797]LogModuleManager: Shutting down and abandoning module AllDesktopTargetPlatform (67)
[2018.04.15-11.01.57:666][797]LogModuleManager: Shutting down and abandoning module InputCore (64)
[2018.04.15-11.01.57:666][797]LogModuleManager: Shutting down and abandoning module Settings (62)
[2018.04.15-11.01.57:666][797]LogModuleManager: Shutting down and abandoning module PhysXCooking (60)
[2018.04.15-11.01.57:666][797]LogModuleManager: Shutting down and abandoning module SteamVR (58)
[2018.04.15-11.01.57:666][797]LogModuleManager: Shutting down and abandoning module OculusHMD (56)
[2018.04.15-11.01.57:666][797]LogModuleManager: Shutting down and abandoning module ExampleDeviceProfileSelector (54)
[2018.04.15-11.01.57:666][797]LogModuleManager: Shutting down and abandoning module AppleARKit (52)
[2018.04.15-11.01.57:666][797]LogModuleManager: Shutting down and abandoning module AugmentedReality (51)
[2018.04.15-11.01.57:666][797]LogModuleManager: Shutting down and abandoning module OnlineBlueprintSupport (48)
[2018.04.15-11.01.57:666][797]LogModuleManager: Shutting down and abandoning module OnlineSubsystem (44)
[2018.04.15-11.01.57:666][797]LogModuleManager: Shutting down and abandoning module XMPP (43)
[2018.04.15-11.01.57:666][797]LogModuleManager: Shutting down and abandoning module HTTP (41)
[2018.04.15-11.01.57:666][797]LogHttp: Display: Http module shutting down, but needs to wait on 1 outstanding Http requests:
[2018.04.15-11.01.57:666][797]LogHttp: Display: 	verb=[POST] url=[https://datarouter.ol.epicgames.com/datarouter/api/v1/public/data?SessionID=%7BD6A5BD3D-4AFC-A955-8232-ADA838458813%7D&AppID=UEEditor.Rocket.Release&AppVersion=4.18.3-3832480%2B%2B%2BUE4%2BRelease-4.18&UserID=c41f5ca548cb8ff0514e6e8ed5401053%7C86707eba29814c138d53ba0912e6f451%7C0c057754-6de3-4e57-8667-7bc2fb0f10e2&AppEnvironment=datacollector-binary&UploadType=eteventstream] status=Processing
[2018.04.15-11.01.57:696][797]LogModuleManager: Shutting down and abandoning module SSL (40)
[2018.04.15-11.01.57:697][797]LogModuleManager: Shutting down and abandoning module AnimationModifiers (36)
[2018.04.15-11.01.57:697][797]LogModuleManager: Shutting down and abandoning module PropertyEditor (35)
[2018.04.15-11.01.57:697][797]LogModuleManager: Shutting down and abandoning module AudioEditor (32)
[2018.04.15-11.01.57:697][797]LogModuleManager: Shutting down and abandoning module TextureCompressor (30)
[2018.04.15-11.01.57:697][797]LogModuleManager: Shutting down and abandoning module ShaderCore (28)
[2018.04.15-11.01.57:697][797]LogModuleManager: Shutting down and abandoning module Landscape (26)
[2018.04.15-11.01.57:697][797]LogModuleManager: Shutting down and abandoning module SlateRHIRenderer (24)
[2018.04.15-11.01.57:698][797]LogModuleManager: Shutting down and abandoning module OpenGLDrv (22)
[2018.04.15-11.01.57:698][797]LogModuleManager: Shutting down and abandoning module D3D11RHI (20)
[2018.04.15-11.01.57:698][797]LogModuleManager: Shutting down and abandoning module AnimGraphRuntime (18)
[2018.04.15-11.01.57:698][797]LogModuleManager: Shutting down and abandoning module Renderer (16)
[2018.04.15-11.01.57:698][797]LogModuleManager: Shutting down and abandoning module Engine (14)
[2018.04.15-11.01.57:698][797]LogModuleManager: Shutting down and abandoning module CoreUObject (12)
[2018.04.15-11.01.57:698][797]LogModuleManager: Shutting down and abandoning module NetworkFile (10)
[2018.04.15-11.01.57:698][797]LogModuleManager: Shutting down and abandoning module CookedIterativeFile (8)
[2018.04.15-11.01.57:698][797]LogModuleManager: Shutting down and abandoning module StreamingFile (6)
[2018.04.15-11.01.57:698][797]LogModuleManager: Shutting down and abandoning module SandboxFile (4)
[2018.04.15-11.01.57:698][797]LogModuleManager: Shutting down and abandoning module PakFile (2)
[2018.04.15-11.01.57:701][797]LogExit: Exiting.
[2018.04.15-11.01.57:712][797]Log file closed, 04/15/18 21:01:57
